+ define_corners max_ff_n40C_1v95
Reading timing models for corner max_ff_n40C_1v95…
Reading cell library for the 'max_ff_n40C_1v95' corner at '/home/nota/.ciel/ciel/sky130/versions/8afc8346a57fe1ab7934ba5a6056ea8b43078e71/sky130A/libs.ref/sky130_fd_sc_hd/lib/sky130_fd_sc_hd__ff_n40C_1v95.lib'…
Reading top-level netlist at '/mnt/d/open_source_asic_flow/runs/RUN_2026-06-10_20-24-10/52-openroad-fillinsertion/my_design.nl.v'…
Linking design 'my_design' from netlist…
Warning: /mnt/d/open_source_asic_flow/runs/RUN_2026-06-10_20-24-10/52-openroad-fillinsertion/my_design.nl.v line 20, module sky130_fd_sc_hd__fill_1 not found. Creating black box for FILLER_0_27.
Warning: /mnt/d/open_source_asic_flow/runs/RUN_2026-06-10_20-24-10/52-openroad-fillinsertion/my_design.nl.v line 48, module sky130_fd_sc_hd__fill_2 not found. Creating black box for FILLER_1_54.
Warning: /mnt/d/open_source_asic_flow/runs/RUN_2026-06-10_20-24-10/52-openroad-fillinsertion/my_design.nl.v line 220, module sky130_fd_sc_hd__tapvpwrvgnd_1 not found. Creating black box for TAP_TAPCELL_ROW_0_20.
Reading design constraints file at '/nix/store/1w3x9nqi5r9klp1gj3r8yh66vvf8bfpf-python3-3.13.9-env/lib/python3.13/site-packages/librelane/scripts/base.sdc'…
[INFO] Using clock clk…
[INFO] Setting output delay to: 2
[INFO] Setting input delay to: 2
[INFO] Setting load to: 0.033442
[INFO] Setting clock uncertainty to: 0.25
[INFO] Setting clock transition to: 0.1499999999999999944488848768742172978818416595458984375
[INFO] Setting timing derate to: 5%
Reading top-level design parasitics for the 'max_ff_n40C_1v95' corner at '/mnt/d/open_source_asic_flow/runs/RUN_2026-06-10_20-24-10/54-openroad-rcx/max/my_design.max.spef'…
%OL_CREATE_REPORT min.rpt

===========================================================================
report_checks -path_delay min (Hold)
============================================================================
======================= max_ff_n40C_1v95 Corner ===================================

Startpoint: rst (input port clocked by clk)
Endpoint: _2_ (removal check against rising-edge clock clk)
Path Group: asynchronous
Path Type: min

Fanout         Cap        Slew       Delay        Time   Description
---------------------------------------------------------------------------------------------
                                  0.000000    0.000000   clock clk (rise edge)
                                  0.000000    0.000000   clock network delay (propagated)
                                  2.000000    2.000000 v input external delay
     1    0.003366    0.005546    0.002822    2.002822 v rst (in)
                                                         rst (net)
                      0.005555    0.000000    2.002822 v input2/A (sky130_fd_sc_hd__clkdlybuf4s25_1)
     1    0.005683    0.040037    0.159674    2.162497 v input2/X (sky130_fd_sc_hd__clkdlybuf4s25_1)
                                                         net2 (net)
                      0.040041    0.000435    2.162932 v _1_/A (sky130_fd_sc_hd__inv_2)
     1    0.004319    0.022604    0.034767    2.197699 ^ _1_/Y (sky130_fd_sc_hd__inv_2)
                                                         _0_ (net)
                      0.022607    0.000234    2.197932 ^ _2_/RESET_B (sky130_fd_sc_hd__dfrtp_2)
                                              2.197932   data arrival time

                                  0.000000    0.000000   clock clk (rise edge)
                                  0.000000    0.000000   clock source latency
     1    0.004098    0.018565    0.010689    0.010689 ^ clk (in)
                                                         clk (net)
                      0.018566    0.000000    0.010689 ^ _2_/CLK (sky130_fd_sc_hd__dfrtp_2)
                                  0.250000    0.260689   clock uncertainty
                                  0.000000    0.260689   clock reconvergence pessimism
                                  0.193232    0.453922   library removal time
                                              0.453922   data required time
---------------------------------------------------------------------------------------------
                                              0.453922   data required time
                                             -2.197932   data arrival time
---------------------------------------------------------------------------------------------
                                              1.744010   slack (MET)


Startpoint: in (input port clocked by clk)
Endpoint: _2_ (rising edge-triggered flip-flop clocked by clk)
Path Group: clk
Path Type: min

Fanout         Cap        Slew       Delay        Time   Description
---------------------------------------------------------------------------------------------
                                  0.000000    0.000000   clock clk (rise edge)
                                  0.000000    0.000000   clock network delay (propagated)
                                  2.000000    2.000000 v input external delay
     1    0.003805    0.006193    0.003212    2.003212 v in (in)
                                                         in (net)
                      0.006202    0.000000    2.003212 v input1/A (sky130_fd_sc_hd__clkdlybuf4s25_1)
     1    0.002592    0.026315    0.146350    2.149562 v input1/X (sky130_fd_sc_hd__clkdlybuf4s25_1)
                                                         net1 (net)
                      0.026315    0.000191    2.149753 v _2_/D (sky130_fd_sc_hd__dfrtp_2)
                                              2.149753   data arrival time

                                  0.000000    0.000000   clock clk (rise edge)
                                  0.000000    0.000000   clock source latency
     1    0.004098    0.018565    0.010689    0.010689 ^ clk (in)
                                                         clk (net)
                      0.018566    0.000000    0.010689 ^ _2_/CLK (sky130_fd_sc_hd__dfrtp_2)
                                  0.250000    0.260689   clock uncertainty
                                  0.000000    0.260689   clock reconvergence pessimism
                                 -0.029215    0.231475   library hold time
                                              0.231475   data required time
---------------------------------------------------------------------------------------------
                                              0.231475   data required time
                                             -2.149753   data arrival time
---------------------------------------------------------------------------------------------
                                              1.918278   slack (MET)


Startpoint: _2_ (rising edge-triggered flip-flop clocked by clk)
Endpoint: out (output port clocked by clk)
Path Group: clk
Path Type: min

Fanout         Cap        Slew       Delay        Time   Description
---------------------------------------------------------------------------------------------
                                  0.000000    0.000000   clock clk (rise edge)
                                  0.000000    0.000000   clock source latency
     1    0.004098    0.018565    0.010689    0.010689 ^ clk (in)
                                                         clk (net)
                      0.018566    0.000000    0.010689 ^ _2_/CLK (sky130_fd_sc_hd__dfrtp_2)
     1    0.003069    0.027873    0.232487    0.243176 v _2_/Q (sky130_fd_sc_hd__dfrtp_2)
                                                         net3 (net)
                      0.027873    0.000130    0.243306 v output3/A (sky130_fd_sc_hd__clkdlybuf4s25_1)
     1    0.035004    0.179126    0.277070    0.520376 v output3/X (sky130_fd_sc_hd__clkdlybuf4s25_1)
                                                         out (net)
                      0.179141    0.001674    0.522050 v out (out)
                                              0.522050   data arrival time

                                  0.000000    0.000000   clock clk (rise edge)
                                  0.000000    0.000000   clock network delay (propagated)
                                  0.250000    0.250000   clock uncertainty
                                  0.000000    0.250000   clock reconvergence pessimism
                                 -2.000000   -1.750000   output external delay
                                             -1.750000   data required time
---------------------------------------------------------------------------------------------
                                             -1.750000   data required time
                                             -0.522050   data arrival time
---------------------------------------------------------------------------------------------
                                              2.272050   slack (MET)



%OL_END_REPORT
%OL_CREATE_REPORT max.rpt

===========================================================================
report_checks -path_delay max (Setup)
============================================================================
======================= max_ff_n40C_1v95 Corner ===================================

Startpoint: _2_ (rising edge-triggered flip-flop clocked by clk)
Endpoint: out (output port clocked by clk)
Path Group: clk
Path Type: max

Fanout         Cap        Slew       Delay        Time   Description
---------------------------------------------------------------------------------------------
                                  0.000000    0.000000   clock clk (rise edge)
                                  0.000000    0.000000   clock source latency
     1    0.004098    0.018565    0.010689    0.010689 ^ clk (in)
                                                         clk (net)
                      0.018566    0.000000    0.010689 ^ _2_/CLK (sky130_fd_sc_hd__dfrtp_2)
     1    0.003295    0.027410    0.204059    0.214748 ^ _2_/Q (sky130_fd_sc_hd__dfrtp_2)
                                                         net3 (net)
                      0.027410    0.000143    0.214891 ^ output3/A (sky130_fd_sc_hd__clkdlybuf4s25_1)
     1    0.035004    0.265026    0.320265    0.535156 ^ output3/X (sky130_fd_sc_hd__clkdlybuf4s25_1)
                                                         out (net)
                      0.265032    0.001675    0.536831 ^ out (out)
                                              0.536831   data arrival time

                                 10.000000   10.000000   clock clk (rise edge)
                                  0.000000   10.000000   clock network delay (propagated)
                                 -0.250000    9.750000   clock uncertainty
                                  0.000000    9.750000   clock reconvergence pessimism
                                 -2.000000    7.750000   output external delay
                                              7.750000   data required time
---------------------------------------------------------------------------------------------
                                              7.750000   data required time
                                             -0.536831   data arrival time
---------------------------------------------------------------------------------------------
                                              7.213169   slack (MET)


Startpoint: in (input port clocked by clk)
Endpoint: _2_ (rising edge-triggered flip-flop clocked by clk)
Path Group: clk
Path Type: max

Fanout         Cap        Slew       Delay        Time   Description
---------------------------------------------------------------------------------------------
                                  0.000000    0.000000   clock clk (rise edge)
                                  0.000000    0.000000   clock network delay (propagated)
                                  2.000000    2.000000 v input external delay
     1    0.003805    0.006193    0.003212    2.003212 v in (in)
                                                         in (net)
                      0.006202    0.000000    2.003212 v input1/A (sky130_fd_sc_hd__clkdlybuf4s25_1)
     1    0.002592    0.026315    0.146350    2.149562 v input1/X (sky130_fd_sc_hd__clkdlybuf4s25_1)
                                                         net1 (net)
                      0.026315    0.000191    2.149753 v _2_/D (sky130_fd_sc_hd__dfrtp_2)
                                              2.149753   data arrival time

                                 10.000000   10.000000   clock clk (rise edge)
                                  0.000000   10.000000   clock source latency
     1    0.004098    0.018565    0.010689   10.010690 ^ clk (in)
                                                         clk (net)
                      0.018566    0.000000   10.010690 ^ _2_/CLK (sky130_fd_sc_hd__dfrtp_2)
                                 -0.250000    9.760690   clock uncertainty
                                  0.000000    9.760690   clock reconvergence pessimism
                                 -0.072927    9.687763   library setup time
                                              9.687763   data required time
---------------------------------------------------------------------------------------------
                                              9.687763   data required time
                                             -2.149753   data arrival time
---------------------------------------------------------------------------------------------
                                              7.538011   slack (MET)


Startpoint: rst (input port clocked by clk)
Endpoint: _2_ (recovery check against rising-edge clock clk)
Path Group: asynchronous
Path Type: max

Fanout         Cap        Slew       Delay        Time   Description
---------------------------------------------------------------------------------------------
                                  0.000000    0.000000   clock clk (rise edge)
                                  0.000000    0.000000   clock network delay (propagated)
                                  2.000000    2.000000 v input external delay
     1    0.003366    0.005546    0.002822    2.002822 v rst (in)
                                                         rst (net)
                      0.005555    0.000000    2.002822 v input2/A (sky130_fd_sc_hd__clkdlybuf4s25_1)
     1    0.005683    0.040037    0.159674    2.162497 v input2/X (sky130_fd_sc_hd__clkdlybuf4s25_1)
                                                         net2 (net)
                      0.040041    0.000435    2.162932 v _1_/A (sky130_fd_sc_hd__inv_2)
     1    0.004319    0.022604    0.034767    2.197699 ^ _1_/Y (sky130_fd_sc_hd__inv_2)
                                                         _0_ (net)
                      0.022607    0.000234    2.197932 ^ _2_/RESET_B (sky130_fd_sc_hd__dfrtp_2)
                                              2.197932   data arrival time

                                 10.000000   10.000000   clock clk (rise edge)
                                  0.000000   10.000000   clock source latency
     1    0.004098    0.018565    0.010689   10.010690 ^ clk (in)
                                                         clk (net)
                      0.018566    0.000000   10.010690 ^ _2_/CLK (sky130_fd_sc_hd__dfrtp_2)
                                 -0.250000    9.760690   clock uncertainty
                                  0.000000    9.760690   clock reconvergence pessimism
                                  0.133986    9.894674   library recovery time
                                              9.894674   data required time
---------------------------------------------------------------------------------------------
                                              9.894674   data required time
                                             -2.197932   data arrival time
---------------------------------------------------------------------------------------------
                                              7.696743   slack (MET)



%OL_END_REPORT
%OL_CREATE_REPORT checks.rpt

===========================================================================
report_checks -unconstrained
===========================================================================
======================= max_ff_n40C_1v95 Corner ===================================

Startpoint: rst (input port clocked by clk)
Endpoint: _2_ (recovery check against rising-edge clock clk)
Path Group: asynchronous
Path Type: max

Fanout         Cap        Slew       Delay        Time   Description
---------------------------------------------------------------------------------------------
                                  0.000000    0.000000   clock clk (rise edge)
                                  0.000000    0.000000   clock network delay (propagated)
                                  2.000000    2.000000 v input external delay
     1    0.003366    0.005546    0.002822    2.002822 v rst (in)
                                                         rst (net)
                      0.005555    0.000000    2.002822 v input2/A (sky130_fd_sc_hd__clkdlybuf4s25_1)
     1    0.005683    0.040037    0.159674    2.162497 v input2/X (sky130_fd_sc_hd__clkdlybuf4s25_1)
                                                         net2 (net)
                      0.040041    0.000435    2.162932 v _1_/A (sky130_fd_sc_hd__inv_2)
     1    0.004319    0.022604    0.034767    2.197699 ^ _1_/Y (sky130_fd_sc_hd__inv_2)
                                                         _0_ (net)
                      0.022607    0.000234    2.197932 ^ _2_/RESET_B (sky130_fd_sc_hd__dfrtp_2)
                                              2.197932   data arrival time

                                 10.000000   10.000000   clock clk (rise edge)
                                  0.000000   10.000000   clock source latency
     1    0.004098    0.018565    0.010689   10.010690 ^ clk (in)
                                                         clk (net)
                      0.018566    0.000000   10.010690 ^ _2_/CLK (sky130_fd_sc_hd__dfrtp_2)
                                 -0.250000    9.760690   clock uncertainty
                                  0.000000    9.760690   clock reconvergence pessimism
                                  0.133986    9.894674   library recovery time
                                              9.894674   data required time
---------------------------------------------------------------------------------------------
                                              9.894674   data required time
                                             -2.197932   data arrival time
---------------------------------------------------------------------------------------------
                                              7.696743   slack (MET)


Startpoint: _2_ (rising edge-triggered flip-flop clocked by clk)
Endpoint: out (output port clocked by clk)
Path Group: clk
Path Type: max

Fanout         Cap        Slew       Delay        Time   Description
---------------------------------------------------------------------------------------------
                                  0.000000    0.000000   clock clk (rise edge)
                                  0.000000    0.000000   clock source latency
     1    0.004098    0.018565    0.010689    0.010689 ^ clk (in)
                                                         clk (net)
                      0.018566    0.000000    0.010689 ^ _2_/CLK (sky130_fd_sc_hd__dfrtp_2)
     1    0.003295    0.027410    0.204059    0.214748 ^ _2_/Q (sky130_fd_sc_hd__dfrtp_2)
                                                         net3 (net)
                      0.027410    0.000143    0.214891 ^ output3/A (sky130_fd_sc_hd__clkdlybuf4s25_1)
     1    0.035004    0.265026    0.320265    0.535156 ^ output3/X (sky130_fd_sc_hd__clkdlybuf4s25_1)
                                                         out (net)
                      0.265032    0.001675    0.536831 ^ out (out)
                                              0.536831   data arrival time

                                 10.000000   10.000000   clock clk (rise edge)
                                  0.000000   10.000000   clock network delay (propagated)
                                 -0.250000    9.750000   clock uncertainty
                                  0.000000    9.750000   clock reconvergence pessimism
                                 -2.000000    7.750000   output external delay
                                              7.750000   data required time
---------------------------------------------------------------------------------------------
                                              7.750000   data required time
                                             -0.536831   data arrival time
---------------------------------------------------------------------------------------------
                                              7.213169   slack (MET)




===========================================================================
report_checks --slack_max -0.01
============================================================================
======================= max_ff_n40C_1v95 Corner ===================================

No paths found.


===========================================================================
 report_check_types -max_slew -max_cap -max_fanout -violators
============================================================================
======================= max_ff_n40C_1v95 Corner ===================================



===========================================================================
report_parasitic_annotation -report_unannotated
============================================================================
Found 0 unannotated drivers.
Found 0 partially unannotated drivers.

===========================================================================
max slew violation count 0
%OL_METRIC_I design__max_slew_violation__count__corner:max_ff_n40C_1v95 0
max fanout violation count 0
%OL_METRIC_I design__max_fanout_violation__count__corner:max_ff_n40C_1v95 0
max cap violation count 0
%OL_METRIC_I design__max_cap_violation__count__corner:max_ff_n40C_1v95 0
============================================================================

===========================================================================
check_setup -verbose -unconstrained_endpoints -multiple_clock -no_clock -no_input_delay -loops -generated_clocks
===========================================================================
%OL_END_REPORT
%OL_CREATE_REPORT power.rpt

===========================================================================
 report_power
============================================================================
======================= max_ff_n40C_1v95 Corner ===================================

Group                    Internal    Switching      Leakage        Total
                            Power        Power        Power        Power (Watts)
------------------------------------------------------------------------
Sequential           5.038640e-06 6.263877e-08 1.809977e-11 5.101297e-06  73.1%
Combinational        9.620203e-07 9.124834e-07 2.575764e-11 1.874530e-06  26.9%
Clock                0.000000e+00 0.000000e+00 6.958591e-10 6.958591e-10   0.0%
Macro                0.000000e+00 0.000000e+00 0.000000e+00 0.000000e+00   0.0%
Pad                  0.000000e+00 0.000000e+00 0.000000e+00 0.000000e+00   0.0%
------------------------------------------------------------------------
Total                6.000661e-06 9.751222e-07 7.397166e-10 6.976523e-06 100.0%
                            86.0%        14.0%         0.0%
%OL_METRIC_F power__internal__total 6.00066096012597e-6
%OL_METRIC_F power__switching__total 9.751222478371346e-7
%OL_METRIC_F power__leakage__total 7.397165657785365e-10
%OL_METRIC_F power__total 6.976523309276672e-6

%OL_END_REPORT
%OL_CREATE_REPORT skew.min.rpt

===========================================================================
Clock Skew (Hold)
============================================================================
%OL_METRIC_F clock__skew__worst_hold__corner:max_ff_n40C_1v95 0.0
======================= max_ff_n40C_1v95 Corner ===================================

Clock clk
No launch/capture paths found.

%OL_END_REPORT
%OL_CREATE_REPORT skew.max.rpt

===========================================================================
Clock Skew (Setup)
============================================================================
%OL_METRIC_F clock__skew__worst_setup__corner:max_ff_n40C_1v95 0.0
======================= max_ff_n40C_1v95 Corner ===================================

Clock clk
No launch/capture paths found.

%OL_END_REPORT
%OL_CREATE_REPORT ws.min.rpt

===========================================================================
Worst Slack (Hold)
============================================================================
%OL_METRIC_F timing__hold__ws__corner:max_ff_n40C_1v95 1.7440103188571718
max_ff_n40C_1v95: 1.7440103188571718
%OL_END_REPORT
%OL_CREATE_REPORT ws.max.rpt

===========================================================================
Worst Slack (Setup)
============================================================================
%OL_METRIC_F timing__setup__ws__corner:max_ff_n40C_1v95 7.2131689329834945
max_ff_n40C_1v95: 7.2131689329834945
%OL_END_REPORT
%OL_CREATE_REPORT tns.min.rpt

===========================================================================
Total Negative Slack (Hold)
============================================================================
%OL_METRIC_F timing__hold__tns__corner:max_ff_n40C_1v95 0.0
max_ff_n40C_1v95: 0.0
%OL_END_REPORT
%OL_CREATE_REPORT tns.max.rpt

===========================================================================
Total Negative Slack (Setup)
============================================================================
%OL_METRIC_F timing__setup__tns__corner:max_ff_n40C_1v95 0.0
max_ff_n40C_1v95: 0.0
%OL_END_REPORT
%OL_CREATE_REPORT wns.min.rpt

===========================================================================
Worst Negative Slack (Hold)
============================================================================
%OL_METRIC_F timing__hold__wns__corner:max_ff_n40C_1v95 0
max_ff_n40C_1v95: 0
%OL_END_REPORT
%OL_CREATE_REPORT wns.max.rpt

===========================================================================
Worst Negative Slack (Setup)
============================================================================
%OL_METRIC_F timing__setup__wns__corner:max_ff_n40C_1v95 0.0
max_ff_n40C_1v95: 0.0
%OL_END_REPORT
%OL_CREATE_REPORT violator_list.rpt

===========================================================================
Violator List
============================================================================
%OL_METRIC_I timing__hold_vio__count__corner:max_ff_n40C_1v95 0
%OL_METRIC_F timing__hold_r2r__ws__corner:max_ff_n40C_1v95 inf
%OL_METRIC_I timing__hold_r2r_vio__count__corner:max_ff_n40C_1v95 0
%OL_METRIC_I timing__setup_vio__count__corner:max_ff_n40C_1v95 0
%OL_METRIC_F timing__setup_r2r__ws__corner:max_ff_n40C_1v95 inf
%OL_METRIC_I timing__setup_r2r_vio__count__corner:max_ff_n40C_1v95 0
%OL_END_REPORT
%OL_CREATE_REPORT unpropagated.rpt
%OL_END_REPORT
%OL_CREATE_REPORT clock.rpt
Clock: clk
Sources: clk 
Generated: no
Virtual: yes
Propagated: no
Period: 10.000000

===========================================================================
report_clock_properties
============================================================================
Clock                   Period          Waveform
----------------------------------------------------
clk                  10.000000    0.000000  5.000000

===========================================================================
report_clock_latency
============================================================================
Clock clk
rise -> rise
    min     max
0.000000 0.000000 source latency
0.010689         network latency _2_/CLK
        0.010689 network latency _2_/CLK
---------------
0.010689 0.010689 latency
        0.000000 skew

fall -> fall
    min     max
0.000000 0.000000 source latency
0.003336         network latency _2_/CLK
        0.003336 network latency _2_/CLK
---------------
0.003336 0.003336 latency
        0.000000 skew



===========================================================================
report_clock_min_period
============================================================================
clk period_min = 0.00 fmax = inf
%OL_END_REPORT
Writing SDF files for all corners…
Removing Clock latencies before writing libs…
Writing timing models for all corners…
Writing timing models for the max_ff_n40C_1v95 corner to /mnt/d/open_source_asic_flow/runs/RUN_2026-06-10_20-24-10/55-openroad-stapostpnr/max_ff_n40C_1v95/my_design__max_ff_n40C_1v95.lib…
