
===========================================================================
report_checks -unconstrained
===========================================================================
======================= nom_tt_025C_1v80 Corner ===================================

Startpoint: rst (input port clocked by clk)
Endpoint: _2_ (recovery check against rising-edge clock clk)
Path Group: asynchronous
Path Type: max

Fanout         Cap        Slew       Delay        Time   Description
---------------------------------------------------------------------------------------------
                                  0.000000    0.000000   clock clk (rise edge)
                                  0.000000    0.000000   clock network delay (propagated)
                                  2.000000    2.000000 v input external delay
     1    0.005930    0.015628    0.009598    2.009598 v rst (in)
                                                         rst (net)
                      0.015629    0.000000    2.009598 v _1_/A (sky130_fd_sc_hd__inv_2)
     1    0.004109    0.025372    0.032348    2.041946 ^ _1_/Y (sky130_fd_sc_hd__inv_2)
                                                         _0_ (net)
                      0.025372    0.000011    2.041957 ^ _2_/RESET_B (sky130_fd_sc_hd__dfrtp_2)
                                              2.041957   data arrival time

                                 10.000000   10.000000   clock clk (rise edge)
                                  0.000000   10.000000   clock source latency
     1    0.003260    0.021721    0.011907   10.011908 ^ clk (in)
                                                         clk (net)
                      0.021721    0.000000   10.011908 ^ _2_/CLK (sky130_fd_sc_hd__dfrtp_2)
                                 -0.250000    9.761908   clock uncertainty
                                  0.000000    9.761908   clock reconvergence pessimism
                                  0.217919    9.979826   library recovery time
                                              9.979826   data required time
---------------------------------------------------------------------------------------------
                                              9.979826   data required time
                                             -2.041957   data arrival time
---------------------------------------------------------------------------------------------
                                              7.937869   slack (MET)


Startpoint: _2_ (rising edge-triggered flip-flop clocked by clk)
Endpoint: out (output port clocked by clk)
Path Group: clk
Path Type: max

Fanout         Cap        Slew       Delay        Time   Description
---------------------------------------------------------------------------------------------
                                  0.000000    0.000000   clock clk (rise edge)
                                  0.000000    0.000000   clock source latency
     1    0.003260    0.021721    0.011907    0.011907 ^ clk (in)
                                                         clk (net)
                      0.021721    0.000000    0.011907 ^ _2_/CLK (sky130_fd_sc_hd__dfrtp_2)
     1    0.035605    0.116390    0.464372    0.476278 v _2_/Q (sky130_fd_sc_hd__dfrtp_2)
                                                         out (net)
                      0.116390    0.000311    0.476590 v out (out)
                                              0.476590   data arrival time

                                 10.000000   10.000000   clock clk (rise edge)
                                  0.000000   10.000000   clock network delay (propagated)
                                 -0.250000    9.750000   clock uncertainty
                                  0.000000    9.750000   clock reconvergence pessimism
                                 -2.000000    7.750000   output external delay
                                              7.750000   data required time
---------------------------------------------------------------------------------------------
                                              7.750000   data required time
                                             -0.476590   data arrival time
---------------------------------------------------------------------------------------------
                                              7.273410   slack (MET)




===========================================================================
report_checks --slack_max -0.01
============================================================================
======================= nom_tt_025C_1v80 Corner ===================================

No paths found.


===========================================================================
 report_check_types -max_slew -max_cap -max_fanout -violators
============================================================================
======================= nom_tt_025C_1v80 Corner ===================================



===========================================================================
report_parasitic_annotation -report_unannotated
============================================================================
Found 0 unannotated drivers.
Found 0 partially unannotated drivers.

===========================================================================
max slew violation count 0
Writing metric design__max_slew_violation__count__corner:nom_tt_025C_1v80: 0
max fanout violation count 0
Writing metric design__max_fanout_violation__count__corner:nom_tt_025C_1v80: 0
max cap violation count 0
Writing metric design__max_cap_violation__count__corner:nom_tt_025C_1v80: 0
============================================================================

===========================================================================
check_setup -verbose -unconstrained_endpoints -multiple_clock -no_clock -no_input_delay -loops -generated_clocks
===========================================================================
