
===========================================================================
report_checks -path_delay max (Setup)
============================================================================
======================= nom_tt_025C_1v80 Corner ===================================

Startpoint: _2_ (rising edge-triggered flip-flop clocked by clk)
Endpoint: out (output port clocked by clk)
Path Group: clk
Path Type: max

Fanout         Cap        Slew       Delay        Time   Description
---------------------------------------------------------------------------------------------
                                  0.000000    0.000000   clock clk (rise edge)
                                  0.000000    0.000000   clock source latency
     1    0.003260    0.021721    0.011907    0.011907 ^ clk (in)
                                                         clk (net)
                      0.021721    0.000000    0.011907 ^ _2_/CLK (sky130_fd_sc_hd__dfrtp_2)
     1    0.035605    0.116390    0.464372    0.476278 v _2_/Q (sky130_fd_sc_hd__dfrtp_2)
                                                         out (net)
                      0.116390    0.000311    0.476590 v out (out)
                                              0.476590   data arrival time

                                 10.000000   10.000000   clock clk (rise edge)
                                  0.000000   10.000000   clock network delay (propagated)
                                 -0.250000    9.750000   clock uncertainty
                                  0.000000    9.750000   clock reconvergence pessimism
                                 -2.000000    7.750000   output external delay
                                              7.750000   data required time
---------------------------------------------------------------------------------------------
                                              7.750000   data required time
                                             -0.476590   data arrival time
---------------------------------------------------------------------------------------------
                                              7.273410   slack (MET)


Startpoint: in (input port clocked by clk)
Endpoint: _2_ (rising edge-triggered flip-flop clocked by clk)
Path Group: clk
Path Type: max

Fanout         Cap        Slew       Delay        Time   Description
---------------------------------------------------------------------------------------------
                                  0.000000    0.000000   clock clk (rise edge)
                                  0.000000    0.000000   clock network delay (propagated)
                                  2.000000    2.000000 v input external delay
     1    0.003534    0.010336    0.005653    2.005653 v in (in)
                                                         in (net)
                      0.010336    0.000000    2.005653 v _2_/D (sky130_fd_sc_hd__dfrtp_2)
                                              2.005653   data arrival time

                                 10.000000   10.000000   clock clk (rise edge)
                                  0.000000   10.000000   clock source latency
     1    0.003260    0.021721    0.011907   10.011908 ^ clk (in)
                                                         clk (net)
                      0.021721    0.000000   10.011908 ^ _2_/CLK (sky130_fd_sc_hd__dfrtp_2)
                                 -0.250000    9.761908   clock uncertainty
                                  0.000000    9.761908   clock reconvergence pessimism
                                 -0.105648    9.656260   library setup time
                                              9.656260   data required time
---------------------------------------------------------------------------------------------
                                              9.656260   data required time
                                             -2.005653   data arrival time
---------------------------------------------------------------------------------------------
                                              7.650607   slack (MET)


Startpoint: rst (input port clocked by clk)
Endpoint: _2_ (recovery check against rising-edge clock clk)
Path Group: asynchronous
Path Type: max

Fanout         Cap        Slew       Delay        Time   Description
---------------------------------------------------------------------------------------------
                                  0.000000    0.000000   clock clk (rise edge)
                                  0.000000    0.000000   clock network delay (propagated)
                                  2.000000    2.000000 v input external delay
     1    0.005930    0.015628    0.009598    2.009598 v rst (in)
                                                         rst (net)
                      0.015629    0.000000    2.009598 v _1_/A (sky130_fd_sc_hd__inv_2)
     1    0.004109    0.025372    0.032348    2.041946 ^ _1_/Y (sky130_fd_sc_hd__inv_2)
                                                         _0_ (net)
                      0.025372    0.000011    2.041957 ^ _2_/RESET_B (sky130_fd_sc_hd__dfrtp_2)
                                              2.041957   data arrival time

                                 10.000000   10.000000   clock clk (rise edge)
                                  0.000000   10.000000   clock source latency
     1    0.003260    0.021721    0.011907   10.011908 ^ clk (in)
                                                         clk (net)
                      0.021721    0.000000   10.011908 ^ _2_/CLK (sky130_fd_sc_hd__dfrtp_2)
                                 -0.250000    9.761908   clock uncertainty
                                  0.000000    9.761908   clock reconvergence pessimism
                                  0.217919    9.979826   library recovery time
                                              9.979826   data required time
---------------------------------------------------------------------------------------------
                                              9.979826   data required time
                                             -2.041957   data arrival time
---------------------------------------------------------------------------------------------
                                              7.937869   slack (MET)



