Reading timing models for corner nom_tt_025C_1v80…
Reading timing library for the 'nom_tt_025C_1v80' corner at '/home/nota/.ciel/ciel/sky130/versions/8afc8346a57fe1ab7934ba5a6056ea8b43078e71/sky130A/libs.ref/sky130_fd_sc_hd/lib/sky130_fd_sc_hd__tt_025C_1v80.lib'…
Reading OpenROAD database at '/mnt/d/open_source_asic_flow/runs/RUN_2026-06-10_20-24-10/28-openroad-globalplacement/my_design.odb'…
Reading design constraints file at '/nix/store/1w3x9nqi5r9klp1gj3r8yh66vvf8bfpf-python3-3.13.9-env/lib/python3.13/site-packages/librelane/scripts/base.sdc'…
[INFO] Using clock clk…
[INFO] Setting output delay to: 2
[INFO] Setting input delay to: 2
[INFO] Setting load to: 0.033442
[INFO] Setting clock uncertainty to: 0.25
[INFO] Setting clock transition to: 0.1499999999999999944488848768742172978818416595458984375
[INFO] Setting timing derate to: 5%
%OL_CREATE_REPORT min.rpt

===========================================================================
report_checks -path_delay min (Hold)
============================================================================
======================= nom_tt_025C_1v80 Corner ===================================

Startpoint: rst (input port clocked by clk)
Endpoint: _2_ (removal check against rising-edge clock clk)
Path Group: asynchronous
Path Type: min

Fanout         Cap        Slew       Delay        Time   Description
---------------------------------------------------------------------------------------------
                                  0.000000    0.000000   clock clk (rise edge)
                                  0.000000    0.000000   clock network delay (propagated)
                                  2.000000    2.000000 v input external delay
     1    0.005930    0.015628    0.009598    2.009598 v rst (in)
                                                         rst (net)
                      0.015629    0.000000    2.009598 v _1_/A (sky130_fd_sc_hd__inv_2)
     1    0.004109    0.025372    0.032348    2.041946 ^ _1_/Y (sky130_fd_sc_hd__inv_2)
                                                         _0_ (net)
                      0.025372    0.000011    2.041957 ^ _2_/RESET_B (sky130_fd_sc_hd__dfrtp_2)
                                              2.041957   data arrival time

                                  0.000000    0.000000   clock clk (rise edge)
                                  0.000000    0.000000   clock source latency
     1    0.003260    0.021721    0.011907    0.011907 ^ clk (in)
                                                         clk (net)
                      0.021721    0.000000    0.011907 ^ _2_/CLK (sky130_fd_sc_hd__dfrtp_2)
                                  0.250000    0.261907   clock uncertainty
                                  0.000000    0.261907   clock reconvergence pessimism
                                  0.308491    0.570398   library removal time
                                              0.570398   data required time
---------------------------------------------------------------------------------------------
                                              0.570398   data required time
                                             -2.041957   data arrival time
---------------------------------------------------------------------------------------------
                                              1.471559   slack (MET)


Startpoint: in (input port clocked by clk)
Endpoint: _2_ (rising edge-triggered flip-flop clocked by clk)
Path Group: clk
Path Type: min

Fanout         Cap        Slew       Delay        Time   Description
---------------------------------------------------------------------------------------------
                                  0.000000    0.000000   clock clk (rise edge)
                                  0.000000    0.000000   clock network delay (propagated)
                                  2.000000    2.000000 v input external delay
     1    0.003534    0.010336    0.005653    2.005653 v in (in)
                                                         in (net)
                      0.010336    0.000000    2.005653 v _2_/D (sky130_fd_sc_hd__dfrtp_2)
                                              2.005653   data arrival time

                                  0.000000    0.000000   clock clk (rise edge)
                                  0.000000    0.000000   clock source latency
     1    0.003260    0.021721    0.011907    0.011907 ^ clk (in)
                                                         clk (net)
                      0.021721    0.000000    0.011907 ^ _2_/CLK (sky130_fd_sc_hd__dfrtp_2)
                                  0.250000    0.261907   clock uncertainty
                                  0.000000    0.261907   clock reconvergence pessimism
                                 -0.033307    0.228600   library hold time
                                              0.228600   data required time
---------------------------------------------------------------------------------------------
                                              0.228600   data required time
                                             -2.005653   data arrival time
---------------------------------------------------------------------------------------------
                                              1.777053   slack (MET)


Startpoint: _2_ (rising edge-triggered flip-flop clocked by clk)
Endpoint: out (output port clocked by clk)
Path Group: clk
Path Type: min

Fanout         Cap        Slew       Delay        Time   Description
---------------------------------------------------------------------------------------------
                                  0.000000    0.000000   clock clk (rise edge)
                                  0.000000    0.000000   clock source latency
     1    0.003260    0.021721    0.011907    0.011907 ^ clk (in)
                                                         clk (net)
                      0.021721    0.000000    0.011907 ^ _2_/CLK (sky130_fd_sc_hd__dfrtp_2)
     1    0.035605    0.179234    0.445091    0.456998 ^ _2_/Q (sky130_fd_sc_hd__dfrtp_2)
                                                         out (net)
                      0.179234    0.000312    0.457310 ^ out (out)
                                              0.457310   data arrival time

                                  0.000000    0.000000   clock clk (rise edge)
                                  0.000000    0.000000   clock network delay (propagated)
                                  0.250000    0.250000   clock uncertainty
                                  0.000000    0.250000   clock reconvergence pessimism
                                 -2.000000   -1.750000   output external delay
                                             -1.750000   data required time
---------------------------------------------------------------------------------------------
                                             -1.750000   data required time
                                             -0.457310   data arrival time
---------------------------------------------------------------------------------------------
                                              2.207309   slack (MET)



%OL_END_REPORT
%OL_CREATE_REPORT max.rpt

===========================================================================
report_checks -path_delay max (Setup)
============================================================================
======================= nom_tt_025C_1v80 Corner ===================================

Startpoint: _2_ (rising edge-triggered flip-flop clocked by clk)
Endpoint: out (output port clocked by clk)
Path Group: clk
Path Type: max

Fanout         Cap        Slew       Delay        Time   Description
---------------------------------------------------------------------------------------------
                                  0.000000    0.000000   clock clk (rise edge)
                                  0.000000    0.000000   clock source latency
     1    0.003260    0.021721    0.011907    0.011907 ^ clk (in)
                                                         clk (net)
                      0.021721    0.000000    0.011907 ^ _2_/CLK (sky130_fd_sc_hd__dfrtp_2)
     1    0.035605    0.116390    0.464372    0.476278 v _2_/Q (sky130_fd_sc_hd__dfrtp_2)
                                                         out (net)
                      0.116390    0.000311    0.476590 v out (out)
                                              0.476590   data arrival time

                                 10.000000   10.000000   clock clk (rise edge)
                                  0.000000   10.000000   clock network delay (propagated)
                                 -0.250000    9.750000   clock uncertainty
                                  0.000000    9.750000   clock reconvergence pessimism
                                 -2.000000    7.750000   output external delay
                                              7.750000   data required time
---------------------------------------------------------------------------------------------
                                              7.750000   data required time
                                             -0.476590   data arrival time
---------------------------------------------------------------------------------------------
                                              7.273410   slack (MET)


Startpoint: in (input port clocked by clk)
Endpoint: _2_ (rising edge-triggered flip-flop clocked by clk)
Path Group: clk
Path Type: max

Fanout         Cap        Slew       Delay        Time   Description
---------------------------------------------------------------------------------------------
                                  0.000000    0.000000   clock clk (rise edge)
                                  0.000000    0.000000   clock network delay (propagated)
                                  2.000000    2.000000 v input external delay
     1    0.003534    0.010336    0.005653    2.005653 v in (in)
                                                         in (net)
                      0.010336    0.000000    2.005653 v _2_/D (sky130_fd_sc_hd__dfrtp_2)
                                              2.005653   data arrival time

                                 10.000000   10.000000   clock clk (rise edge)
                                  0.000000   10.000000   clock source latency
     1    0.003260    0.021721    0.011907   10.011908 ^ clk (in)
                                                         clk (net)
                      0.021721    0.000000   10.011908 ^ _2_/CLK (sky130_fd_sc_hd__dfrtp_2)
                                 -0.250000    9.761908   clock uncertainty
                                  0.000000    9.761908   clock reconvergence pessimism
                                 -0.105648    9.656260   library setup time
                                              9.656260   data required time
---------------------------------------------------------------------------------------------
                                              9.656260   data required time
                                             -2.005653   data arrival time
---------------------------------------------------------------------------------------------
                                              7.650607   slack (MET)


Startpoint: rst (input port clocked by clk)
Endpoint: _2_ (recovery check against rising-edge clock clk)
Path Group: asynchronous
Path Type: max

Fanout         Cap        Slew       Delay        Time   Description
---------------------------------------------------------------------------------------------
                                  0.000000    0.000000   clock clk (rise edge)
                                  0.000000    0.000000   clock network delay (propagated)
                                  2.000000    2.000000 v input external delay
     1    0.005930    0.015628    0.009598    2.009598 v rst (in)
                                                         rst (net)
                      0.015629    0.000000    2.009598 v _1_/A (sky130_fd_sc_hd__inv_2)
     1    0.004109    0.025372    0.032348    2.041946 ^ _1_/Y (sky130_fd_sc_hd__inv_2)
                                                         _0_ (net)
                      0.025372    0.000011    2.041957 ^ _2_/RESET_B (sky130_fd_sc_hd__dfrtp_2)
                                              2.041957   data arrival time

                                 10.000000   10.000000   clock clk (rise edge)
                                  0.000000   10.000000   clock source latency
     1    0.003260    0.021721    0.011907   10.011908 ^ clk (in)
                                                         clk (net)
                      0.021721    0.000000   10.011908 ^ _2_/CLK (sky130_fd_sc_hd__dfrtp_2)
                                 -0.250000    9.761908   clock uncertainty
                                  0.000000    9.761908   clock reconvergence pessimism
                                  0.217919    9.979826   library recovery time
                                              9.979826   data required time
---------------------------------------------------------------------------------------------
                                              9.979826   data required time
                                             -2.041957   data arrival time
---------------------------------------------------------------------------------------------
                                              7.937869   slack (MET)



%OL_END_REPORT
%OL_CREATE_REPORT checks.rpt

===========================================================================
report_checks -unconstrained
===========================================================================
======================= nom_tt_025C_1v80 Corner ===================================

Startpoint: rst (input port clocked by clk)
Endpoint: _2_ (recovery check against rising-edge clock clk)
Path Group: asynchronous
Path Type: max

Fanout         Cap        Slew       Delay        Time   Description
---------------------------------------------------------------------------------------------
                                  0.000000    0.000000   clock clk (rise edge)
                                  0.000000    0.000000   clock network delay (propagated)
                                  2.000000    2.000000 v input external delay
     1    0.005930    0.015628    0.009598    2.009598 v rst (in)
                                                         rst (net)
                      0.015629    0.000000    2.009598 v _1_/A (sky130_fd_sc_hd__inv_2)
     1    0.004109    0.025372    0.032348    2.041946 ^ _1_/Y (sky130_fd_sc_hd__inv_2)
                                                         _0_ (net)
                      0.025372    0.000011    2.041957 ^ _2_/RESET_B (sky130_fd_sc_hd__dfrtp_2)
                                              2.041957   data arrival time

                                 10.000000   10.000000   clock clk (rise edge)
                                  0.000000   10.000000   clock source latency
     1    0.003260    0.021721    0.011907   10.011908 ^ clk (in)
                                                         clk (net)
                      0.021721    0.000000   10.011908 ^ _2_/CLK (sky130_fd_sc_hd__dfrtp_2)
                                 -0.250000    9.761908   clock uncertainty
                                  0.000000    9.761908   clock reconvergence pessimism
                                  0.217919    9.979826   library recovery time
                                              9.979826   data required time
---------------------------------------------------------------------------------------------
                                              9.979826   data required time
                                             -2.041957   data arrival time
---------------------------------------------------------------------------------------------
                                              7.937869   slack (MET)


Startpoint: _2_ (rising edge-triggered flip-flop clocked by clk)
Endpoint: out (output port clocked by clk)
Path Group: clk
Path Type: max

Fanout         Cap        Slew       Delay        Time   Description
---------------------------------------------------------------------------------------------
                                  0.000000    0.000000   clock clk (rise edge)
                                  0.000000    0.000000   clock source latency
     1    0.003260    0.021721    0.011907    0.011907 ^ clk (in)
                                                         clk (net)
                      0.021721    0.000000    0.011907 ^ _2_/CLK (sky130_fd_sc_hd__dfrtp_2)
     1    0.035605    0.116390    0.464372    0.476278 v _2_/Q (sky130_fd_sc_hd__dfrtp_2)
                                                         out (net)
                      0.116390    0.000311    0.476590 v out (out)
                                              0.476590   data arrival time

                                 10.000000   10.000000   clock clk (rise edge)
                                  0.000000   10.000000   clock network delay (propagated)
                                 -0.250000    9.750000   clock uncertainty
                                  0.000000    9.750000   clock reconvergence pessimism
                                 -2.000000    7.750000   output external delay
                                              7.750000   data required time
---------------------------------------------------------------------------------------------
                                              7.750000   data required time
                                             -0.476590   data arrival time
---------------------------------------------------------------------------------------------
                                              7.273410   slack (MET)




===========================================================================
report_checks --slack_max -0.01
============================================================================
======================= nom_tt_025C_1v80 Corner ===================================

No paths found.


===========================================================================
 report_check_types -max_slew -max_cap -max_fanout -violators
============================================================================
======================= nom_tt_025C_1v80 Corner ===================================



===========================================================================
report_parasitic_annotation -report_unannotated
============================================================================
Found 0 unannotated drivers.
Found 0 partially unannotated drivers.

===========================================================================
max slew violation count 0
Writing metric design__max_slew_violation__count__corner:nom_tt_025C_1v80: 0
max fanout violation count 0
Writing metric design__max_fanout_violation__count__corner:nom_tt_025C_1v80: 0
max cap violation count 0
Writing metric design__max_cap_violation__count__corner:nom_tt_025C_1v80: 0
============================================================================

===========================================================================
check_setup -verbose -unconstrained_endpoints -multiple_clock -no_clock -no_input_delay -loops -generated_clocks
===========================================================================
%OL_END_REPORT
%OL_CREATE_REPORT power.rpt

===========================================================================
 report_power
============================================================================
======================= nom_tt_025C_1v80 Corner ===================================

Group                    Internal    Switching      Leakage        Total
                            Power        Power        Power        Power (Watts)
------------------------------------------------------------------------
Sequential           4.348174e-06 5.768017e-07 1.065845e-11 4.924986e-06  97.8%
Combinational        4.267759e-08 6.656377e-08 4.247900e-12 1.092456e-07   2.2%
Clock                0.000000e+00 0.000000e+00 6.480075e-11 6.480075e-11   0.0%
Macro                0.000000e+00 0.000000e+00 0.000000e+00 0.000000e+00   0.0%
Pad                  0.000000e+00 0.000000e+00 0.000000e+00 0.000000e+00   0.0%
------------------------------------------------------------------------
Total                4.390852e-06 6.433654e-07 7.970711e-11 5.034296e-06 100.0%
                            87.2%        12.8%         0.0%
Writing metric power__internal__total: 4.39085170000908e-6
Writing metric power__switching__total: 6.433654107240727e-7
Writing metric power__leakage__total: 7.970710896865185e-11
Writing metric power__total: 5.034296464145882e-6

%OL_END_REPORT
%OL_CREATE_REPORT skew.min.rpt

===========================================================================
Clock Skew (Hold)
============================================================================
Writing metric clock__skew__worst_hold__corner:nom_tt_025C_1v80: 0.0
======================= nom_tt_025C_1v80 Corner ===================================

Clock clk
No launch/capture paths found.

%OL_END_REPORT
%OL_CREATE_REPORT skew.max.rpt

===========================================================================
Clock Skew (Setup)
============================================================================
Writing metric clock__skew__worst_setup__corner:nom_tt_025C_1v80: 0.0
======================= nom_tt_025C_1v80 Corner ===================================

Clock clk
No launch/capture paths found.

%OL_END_REPORT
%OL_CREATE_REPORT ws.min.rpt

===========================================================================
Worst Slack (Hold)
============================================================================
Writing metric timing__hold__ws__corner:nom_tt_025C_1v80: 1.4715591384180586
nom_tt_025C_1v80: 1.4715591384180586
%OL_END_REPORT
%OL_CREATE_REPORT ws.max.rpt

===========================================================================
Worst Slack (Setup)
============================================================================
Writing metric timing__setup__ws__corner:nom_tt_025C_1v80: 7.273410080092601
nom_tt_025C_1v80: 7.273410080092601
%OL_END_REPORT
%OL_CREATE_REPORT tns.min.rpt

===========================================================================
Total Negative Slack (Hold)
============================================================================
Writing metric timing__hold__tns__corner:nom_tt_025C_1v80: 0.0
nom_tt_025C_1v80: 0.0
%OL_END_REPORT
%OL_CREATE_REPORT tns.max.rpt

===========================================================================
Total Negative Slack (Setup)
============================================================================
Writing metric timing__setup__tns__corner:nom_tt_025C_1v80: 0.0
nom_tt_025C_1v80: 0.0
%OL_END_REPORT
%OL_CREATE_REPORT wns.min.rpt

===========================================================================
Worst Negative Slack (Hold)
============================================================================
Writing metric timing__hold__wns__corner:nom_tt_025C_1v80: 0
nom_tt_025C_1v80: 0
%OL_END_REPORT
%OL_CREATE_REPORT wns.max.rpt

===========================================================================
Worst Negative Slack (Setup)
============================================================================
Writing metric timing__setup__wns__corner:nom_tt_025C_1v80: 0.0
nom_tt_025C_1v80: 0.0
%OL_END_REPORT
%OL_CREATE_REPORT violator_list.rpt

===========================================================================
Violator List
============================================================================
Writing metric timing__hold_vio__count__corner:nom_tt_025C_1v80: 0
Writing metric timing__hold_r2r__ws__corner:nom_tt_025C_1v80: 1e30
Writing metric timing__hold_r2r_vio__count__corner:nom_tt_025C_1v80: 0
Writing metric timing__setup_vio__count__corner:nom_tt_025C_1v80: 0
Writing metric timing__setup_r2r__ws__corner:nom_tt_025C_1v80: 1e30
Writing metric timing__setup_r2r_vio__count__corner:nom_tt_025C_1v80: 0
%OL_END_REPORT
%OL_CREATE_REPORT unpropagated.rpt
%OL_END_REPORT
%OL_CREATE_REPORT clock.rpt
Clock: clk
Sources: clk 
Generated: no
Virtual: yes
Propagated: no
Period: 10.000000

===========================================================================
report_clock_properties
============================================================================
Clock                   Period          Waveform
----------------------------------------------------
clk                  10.000000    0.000000  5.000000

===========================================================================
report_clock_latency
============================================================================
Clock clk
rise -> rise
    min     max
0.000000 0.000000 source latency
0.011907         network latency _2_/CLK
        0.011907 network latency _2_/CLK
---------------
0.011907 0.011907 latency
        0.000000 skew

fall -> fall
    min     max
0.000000 0.000000 source latency
0.004939         network latency _2_/CLK
        0.004939 network latency _2_/CLK
---------------
0.004939 0.004939 latency
        0.000000 skew



===========================================================================
report_clock_min_period
============================================================================
clk period_min = 0.00 fmax = inf
%OL_END_REPORT
