Reading timing models for corner nom_tt_025C_1v80…
Reading timing library for the 'nom_tt_025C_1v80' corner at '/home/nota/.ciel/ciel/sky130/versions/8afc8346a57fe1ab7934ba5a6056ea8b43078e71/sky130A/libs.ref/sky130_fd_sc_hd/lib/sky130_fd_sc_hd__tt_025C_1v80.lib'…
Reading OpenROAD database at '/mnt/d/open_source_asic_flow/runs/RUN_2026-06-10_20-24-10/25-openroad-ioplacement/my_design.odb'…
Reading design constraints file at '/nix/store/1w3x9nqi5r9klp1gj3r8yh66vvf8bfpf-python3-3.13.9-env/lib/python3.13/site-packages/librelane/scripts/base.sdc'…
[INFO] Using clock clk…
[INFO] Setting output delay to: 2
[INFO] Setting input delay to: 2
[INFO] Setting load to: 0.033442
[INFO] Setting clock uncertainty to: 0.25
[INFO] Setting clock transition to: 0.1499999999999999944488848768742172978818416595458984375
[INFO] Setting timing derate to: 5%
[INFO] Setting signal min routing layer to: met1 and clock min routing layer to met1. 
[INFO] Setting signal max routing layer to: met5 and clock max routing layer to met5. 
+ global_placement -density 0.15625 -routability_driven -pad_right 0 -pad_left 0 -init_wirelength_coef 0.25
[INFO GPL-0001] ---- Initialize GPL Main Data Structures
[INFO GPL-0002] DBU: 1000
[INFO GPL-0003] SiteSize: (  0.460  2.720 ) um
[INFO GPL-0004] CoreBBox: ( 10.120 10.880 ) ( 39.560 38.080 ) um
[INFO GPL-0036] Movable instances area:         30.029 um^2
[INFO GPL-0037] Total instances area:          120.115 um^2
[INFO GPL-0035] Pin density area adjust:        -2.564 um^2
[INFO GPL-0032] ---- Initialize Region: Top-level
[INFO GPL-0006] Number of instances:                34
[INFO GPL-0007] Movable instances:                   2
[INFO GPL-0008] Fixed instances:                    32
[INFO GPL-0009] Dummy instances:                     0
[INFO GPL-0010] Number of nets:                      5
[INFO GPL-0011] Number of pins:                     10
[INFO GPL-0012] Die BBox:  (  0.000  0.000 ) ( 50.000 50.000 ) um
[INFO GPL-0013] Core BBox: ( 10.120 10.880 ) ( 39.560 38.080 ) um
[INFO GPL-0016] Core area:                     800.768 um^2
[INFO GPL-0014] Region name: top-level.
[INFO GPL-0015] Region area:                   800.768 um^2
[INFO GPL-0017] Fixed instances area:           90.086 um^2
[INFO GPL-0018] Movable instances area:         27.464 um^2
[INFO GPL-0019] Utilization:                     3.865 %
[INFO GPL-0020] Standard cells area:            27.464 um^2
[INFO GPL-0021] Large instances area:            0.000 um^2
[INFO GPL-0005] ---- Execute Conjugate Gradient Initial Placement.
[INFO GPL-0051] Source of initial instance position counters:
	Odb location = 2	Core center = 0	Region center = 0
[InitialPlace]  Iter: 1 conjugate gradient residual: 0.00000000 HPWL: 137328
[InitialPlace]  Iter: 2 conjugate gradient residual: 0.00000000 HPWL: 135720
[InitialPlace]  Iter: 3 conjugate gradient residual: 0.00000000 HPWL: 135427
[InitialPlace]  Iter: 4 conjugate gradient residual: 0.00000008 HPWL: 135335
[InitialPlace]  Iter: 5 conjugate gradient residual: 0.00000000 HPWL: 135306
[INFO GPL-0033] ---- Initialize Nesterov Region: Top-level
[INFO GPL-0023] Placement target density:       0.1562
[INFO GPL-0024] Movable insts average area:     13.732 um^2
[INFO GPL-0025] Ideal bin area:                 87.886 um^2
[INFO GPL-0026] Ideal bin count:                     9
[INFO GPL-0027] Total bin area:                800.768 um^2
[INFO GPL-0028] Bin count (X, Y):           2 ,      2
[INFO GPL-0029] Bin size (W * H):      14.720 * 13.600 um
[INFO GPL-0030] Number of bins:                      4
[INFO GPL-0007] ---- Execute Nesterov Global Placement.
[INFO GPL-0031] HPWL: Half-Perimeter Wirelength
Iteration | Overflow |     HPWL (um) |  HPWL(%) |   Penalty | Group
---------------------------------------------------------------
        0 |   0.0000 |  8.784600e+01 |   +0.00% |  3.89e-11 |      
[INFO GPL-0038] Routability snapshot saved at iter = 1
        0 |   0.0000 |  8.784600e+01 |          |           |      
[INFO GPL-0040] Routability iteration: 1
[INFO GPL-0041] Total routing overflow: 0.0000
[INFO GPL-0042] Number of overflowed tiles: 0 (0.00%)
[INFO GPL-0043] Average top 0.5% routing congestion: 0.5631
[INFO GPL-0044] Average top 1.0% routing congestion: 0.5631
[INFO GPL-0045] Average top 2.0% routing congestion: 0.5631
[INFO GPL-0046] Average top 5.0% routing congestion: 0.5479
[INFO GPL-0047] Routability iteration weighted routing congestion: 0.5631
[INFO GPL-0050] Weighted routing congestion is lower than target routing congestion(1.0100), end routability optimization.
[INFO GPL-0090] Routability finished. Target routing congestion achieved succesfully.
        0 |   0.0000 |  8.784600e+01 |          |  4.05e-11 |      
---------------------------------------------------------------
[INFO GPL-1001] Global placement finished at iteration 0
[INFO GPL-1003] Routability mode iteration count: 0
[INFO GPL-1005] Routability final weighted congestion: 0.5631
[INFO GPL-1002] Placed Cell Area               27.4644
[INFO GPL-1003] Available Free Area           710.6816
[INFO GPL-1004] Minimum Feasible Density        0.0400 (cell_area / free_area)
[INFO GPL-1006]   Suggested Target Densities:
[INFO GPL-1007]     - For 90% usage of free space: 0.0429
[INFO GPL-1008]     - For 80% usage of free space: 0.0483
[INFO GPL-1009]     - For 50% usage of free space: 0.0773
[INFO GPL-1011] Original area (um^2): 27.46
[INFO GPL-1012] Total routability artificial inflation: 0.00 (+0.00%)
[INFO GPL-1014] Final placement area: 27.46 (+0.00%)
Setting global connections for newly added cells…
[INFO] Setting global connections...
[INFO ODB-0403] 0 connections made, 0 conflicts skipped.
Updating metrics…
Cell type report:                       Count       Area
  Fill cell                                20      75.07
  Tap cell                                 12      15.01
  Inverter                                  1       3.75
  Sequential cell                           1      26.28
  Total                                    34     120.12
Writing OpenROAD database to '/mnt/d/open_source_asic_flow/runs/RUN_2026-06-10_20-24-10/28-openroad-globalplacement/my_design.odb'…
Writing netlist to '/mnt/d/open_source_asic_flow/runs/RUN_2026-06-10_20-24-10/28-openroad-globalplacement/my_design.nl.v'…
Writing powered netlist to '/mnt/d/open_source_asic_flow/runs/RUN_2026-06-10_20-24-10/28-openroad-globalplacement/my_design.pnl.v'…
Writing layout to '/mnt/d/open_source_asic_flow/runs/RUN_2026-06-10_20-24-10/28-openroad-globalplacement/my_design.def'…
Writing timing constraints to '/mnt/d/open_source_asic_flow/runs/RUN_2026-06-10_20-24-10/28-openroad-globalplacement/my_design.sdc'…
