+ define_corners nom_ss_100C_1v60
Reading timing models for corner nom_ss_100C_1v60…
Reading cell library for the 'nom_ss_100C_1v60' corner at '/home/nota/.ciel/ciel/sky130/versions/8afc8346a57fe1ab7934ba5a6056ea8b43078e71/sky130A/libs.ref/sky130_fd_sc_hd/lib/sky130_fd_sc_hd__ss_100C_1v60.lib'…
Reading top-level netlist at '/mnt/d/open_source_asic_flow/runs/RUN_2026-06-10_20-24-10/52-openroad-fillinsertion/my_design.nl.v'…
Linking design 'my_design' from netlist…
Warning: /mnt/d/open_source_asic_flow/runs/RUN_2026-06-10_20-24-10/52-openroad-fillinsertion/my_design.nl.v line 20, module sky130_fd_sc_hd__fill_1 not found. Creating black box for FILLER_0_27.
Warning: /mnt/d/open_source_asic_flow/runs/RUN_2026-06-10_20-24-10/52-openroad-fillinsertion/my_design.nl.v line 48, module sky130_fd_sc_hd__fill_2 not found. Creating black box for FILLER_1_54.
Warning: /mnt/d/open_source_asic_flow/runs/RUN_2026-06-10_20-24-10/52-openroad-fillinsertion/my_design.nl.v line 220, module sky130_fd_sc_hd__tapvpwrvgnd_1 not found. Creating black box for TAP_TAPCELL_ROW_0_20.
Reading design constraints file at '/nix/store/1w3x9nqi5r9klp1gj3r8yh66vvf8bfpf-python3-3.13.9-env/lib/python3.13/site-packages/librelane/scripts/base.sdc'…
[INFO] Using clock clk…
[INFO] Setting output delay to: 2
[INFO] Setting input delay to: 2
[INFO] Setting load to: 0.033442
[INFO] Setting clock uncertainty to: 0.25
[INFO] Setting clock transition to: 0.1499999999999999944488848768742172978818416595458984375
[INFO] Setting timing derate to: 5%
Reading top-level design parasitics for the 'nom_ss_100C_1v60' corner at '/mnt/d/open_source_asic_flow/runs/RUN_2026-06-10_20-24-10/54-openroad-rcx/nom/my_design.nom.spef'…
%OL_CREATE_REPORT min.rpt

===========================================================================
report_checks -path_delay min (Hold)
============================================================================
======================= nom_ss_100C_1v60 Corner ===================================

Startpoint: rst (input port clocked by clk)
Endpoint: _2_ (removal check against rising-edge clock clk)
Path Group: asynchronous
Path Type: min

Fanout         Cap        Slew       Delay        Time   Description
---------------------------------------------------------------------------------------------
                                  0.000000    0.000000   clock clk (rise edge)
                                  0.000000    0.000000   clock network delay (propagated)
                                  2.000000    2.000000 v input external delay
     1    0.003276    0.020293    0.010740    2.010740 v rst (in)
                                                         rst (net)
                      0.020293    0.000000    2.010740 v input2/A (sky130_fd_sc_hd__clkdlybuf4s25_1)
     1    0.005578    0.106992    0.465444    2.476184 v input2/X (sky130_fd_sc_hd__clkdlybuf4s25_1)
                                                         net2 (net)
                      0.106992    0.000189    2.476373 v _1_/A (sky130_fd_sc_hd__inv_2)
     1    0.003906    0.048064    0.086793    2.563166 ^ _1_/Y (sky130_fd_sc_hd__inv_2)
                                                         _0_ (net)
                      0.048064    0.000086    2.563252 ^ _2_/RESET_B (sky130_fd_sc_hd__dfrtp_2)
                                              2.563252   data arrival time

                                  0.000000    0.000000   clock clk (rise edge)
                                  0.000000    0.000000   clock source latency
     1    0.003854    0.039327    0.021354    0.021354 ^ clk (in)
                                                         clk (net)
                      0.039327    0.000000    0.021354 ^ _2_/CLK (sky130_fd_sc_hd__dfrtp_2)
                                  0.250000    0.271354   clock uncertainty
                                  0.000000    0.271354   clock reconvergence pessimism
                                  0.641429    0.912783   library removal time
                                              0.912783   data required time
---------------------------------------------------------------------------------------------
                                              0.912783   data required time
                                             -2.563252   data arrival time
---------------------------------------------------------------------------------------------
                                              1.650469   slack (MET)


Startpoint: in (input port clocked by clk)
Endpoint: _2_ (rising edge-triggered flip-flop clocked by clk)
Path Group: clk
Path Type: min

Fanout         Cap        Slew       Delay        Time   Description
---------------------------------------------------------------------------------------------
                                  0.000000    0.000000   clock clk (rise edge)
                                  0.000000    0.000000   clock network delay (propagated)
                                  2.000000    2.000000 v input external delay
     1    0.003765    0.022210    0.012275    2.012275 v in (in)
                                                         in (net)
                      0.022210    0.000000    2.012275 v input1/A (sky130_fd_sc_hd__clkdlybuf4s25_1)
     1    0.002332    0.069437    0.427599    2.439874 v input1/X (sky130_fd_sc_hd__clkdlybuf4s25_1)
                                                         net1 (net)
                      0.069437    0.000066    2.439939 v _2_/D (sky130_fd_sc_hd__dfrtp_2)
                                              2.439939   data arrival time

                                  0.000000    0.000000   clock clk (rise edge)
                                  0.000000    0.000000   clock source latency
     1    0.003854    0.039327    0.021354    0.021354 ^ clk (in)
                                                         clk (net)
                      0.039327    0.000000    0.021354 ^ _2_/CLK (sky130_fd_sc_hd__dfrtp_2)
                                  0.250000    0.271354   clock uncertainty
                                  0.000000    0.271354   clock reconvergence pessimism
                                 -0.096877    0.174477   library hold time
                                              0.174477   data required time
---------------------------------------------------------------------------------------------
                                              0.174477   data required time
                                             -2.439939   data arrival time
---------------------------------------------------------------------------------------------
                                              2.265462   slack (MET)


Startpoint: _2_ (rising edge-triggered flip-flop clocked by clk)
Endpoint: out (output port clocked by clk)
Path Group: clk
Path Type: min

Fanout         Cap        Slew       Delay        Time   Description
---------------------------------------------------------------------------------------------
                                  0.000000    0.000000   clock clk (rise edge)
                                  0.000000    0.000000   clock source latency
     1    0.003854    0.039327    0.021354    0.021354 ^ clk (in)
                                                         clk (net)
                      0.039327    0.000000    0.021354 ^ _2_/CLK (sky130_fd_sc_hd__dfrtp_2)
     1    0.003164    0.071340    0.662267    0.683621 ^ _2_/Q (sky130_fd_sc_hd__dfrtp_2)
                                                         net3 (net)
                      0.071340    0.000070    0.683691 ^ output3/A (sky130_fd_sc_hd__clkdlybuf4s25_1)
     1    0.034920    0.563149    0.819169    1.502861 ^ output3/X (sky130_fd_sc_hd__clkdlybuf4s25_1)
                                                         out (net)
                      0.563149    0.000674    1.503534 ^ out (out)
                                              1.503534   data arrival time

                                  0.000000    0.000000   clock clk (rise edge)
                                  0.000000    0.000000   clock network delay (propagated)
                                  0.250000    0.250000   clock uncertainty
                                  0.000000    0.250000   clock reconvergence pessimism
                                 -2.000000   -1.750000   output external delay
                                             -1.750000   data required time
---------------------------------------------------------------------------------------------
                                             -1.750000   data required time
                                             -1.503534   data arrival time
---------------------------------------------------------------------------------------------
                                              3.253534   slack (MET)



%OL_END_REPORT
%OL_CREATE_REPORT max.rpt

===========================================================================
report_checks -path_delay max (Setup)
============================================================================
======================= nom_ss_100C_1v60 Corner ===================================

Startpoint: _2_ (rising edge-triggered flip-flop clocked by clk)
Endpoint: out (output port clocked by clk)
Path Group: clk
Path Type: max

Fanout         Cap        Slew       Delay        Time   Description
---------------------------------------------------------------------------------------------
                                  0.000000    0.000000   clock clk (rise edge)
                                  0.000000    0.000000   clock source latency
     1    0.003854    0.039327    0.021354    0.021354 ^ clk (in)
                                                         clk (net)
                      0.039327    0.000000    0.021354 ^ _2_/CLK (sky130_fd_sc_hd__dfrtp_2)
     1    0.002987    0.075112    0.778487    0.799841 v _2_/Q (sky130_fd_sc_hd__dfrtp_2)
                                                         net3 (net)
                      0.075112    0.000066    0.799907 v output3/A (sky130_fd_sc_hd__clkdlybuf4s25_1)
     1    0.034920    0.472239    0.776054    1.575961 v output3/X (sky130_fd_sc_hd__clkdlybuf4s25_1)
                                                         out (net)
                      0.472239    0.000674    1.576634 v out (out)
                                              1.576634   data arrival time

                                 10.000000   10.000000   clock clk (rise edge)
                                  0.000000   10.000000   clock network delay (propagated)
                                 -0.250000    9.750000   clock uncertainty
                                  0.000000    9.750000   clock reconvergence pessimism
                                 -2.000000    7.750000   output external delay
                                              7.750000   data required time
---------------------------------------------------------------------------------------------
                                              7.750000   data required time
                                             -1.576634   data arrival time
---------------------------------------------------------------------------------------------
                                              6.173366   slack (MET)


Startpoint: in (input port clocked by clk)
Endpoint: _2_ (rising edge-triggered flip-flop clocked by clk)
Path Group: clk
Path Type: max

Fanout         Cap        Slew       Delay        Time   Description
---------------------------------------------------------------------------------------------
                                  0.000000    0.000000   clock clk (rise edge)
                                  0.000000    0.000000   clock network delay (propagated)
                                  2.000000    2.000000 v input external delay
     1    0.003765    0.022210    0.012275    2.012275 v in (in)
                                                         in (net)
                      0.022210    0.000000    2.012275 v input1/A (sky130_fd_sc_hd__clkdlybuf4s25_1)
     1    0.002332    0.069437    0.427599    2.439874 v input1/X (sky130_fd_sc_hd__clkdlybuf4s25_1)
                                                         net1 (net)
                      0.069437    0.000066    2.439939 v _2_/D (sky130_fd_sc_hd__dfrtp_2)
                                              2.439939   data arrival time

                                 10.000000   10.000000   clock clk (rise edge)
                                  0.000000   10.000000   clock source latency
     1    0.003854    0.039327    0.021354   10.021355 ^ clk (in)
                                                         clk (net)
                      0.039327    0.000000   10.021355 ^ _2_/CLK (sky130_fd_sc_hd__dfrtp_2)
                                 -0.250000    9.771355   clock uncertainty
                                  0.000000    9.771355   clock reconvergence pessimism
                                 -0.284547    9.486807   library setup time
                                              9.486807   data required time
---------------------------------------------------------------------------------------------
                                              9.486807   data required time
                                             -2.439939   data arrival time
---------------------------------------------------------------------------------------------
                                              7.046868   slack (MET)


Startpoint: rst (input port clocked by clk)
Endpoint: _2_ (recovery check against rising-edge clock clk)
Path Group: asynchronous
Path Type: max

Fanout         Cap        Slew       Delay        Time   Description
---------------------------------------------------------------------------------------------
                                  0.000000    0.000000   clock clk (rise edge)
                                  0.000000    0.000000   clock network delay (propagated)
                                  2.000000    2.000000 v input external delay
     1    0.003276    0.020293    0.010740    2.010740 v rst (in)
                                                         rst (net)
                      0.020293    0.000000    2.010740 v input2/A (sky130_fd_sc_hd__clkdlybuf4s25_1)
     1    0.005578    0.106992    0.465444    2.476184 v input2/X (sky130_fd_sc_hd__clkdlybuf4s25_1)
                                                         net2 (net)
                      0.106992    0.000189    2.476373 v _1_/A (sky130_fd_sc_hd__inv_2)
     1    0.003906    0.048064    0.086793    2.563166 ^ _1_/Y (sky130_fd_sc_hd__inv_2)
                                                         _0_ (net)
                      0.048064    0.000086    2.563252 ^ _2_/RESET_B (sky130_fd_sc_hd__dfrtp_2)
                                              2.563252   data arrival time

                                 10.000000   10.000000   clock clk (rise edge)
                                  0.000000   10.000000   clock source latency
     1    0.003854    0.039327    0.021354   10.021355 ^ clk (in)
                                                         clk (net)
                      0.039327    0.000000   10.021355 ^ _2_/CLK (sky130_fd_sc_hd__dfrtp_2)
                                 -0.250000    9.771355   clock uncertainty
                                  0.000000    9.771355   clock reconvergence pessimism
                                  0.443708   10.215062   library recovery time
                                             10.215062   data required time
---------------------------------------------------------------------------------------------
                                             10.215062   data required time
                                             -2.563252   data arrival time
---------------------------------------------------------------------------------------------
                                              7.651810   slack (MET)



%OL_END_REPORT
%OL_CREATE_REPORT checks.rpt

===========================================================================
report_checks -unconstrained
===========================================================================
======================= nom_ss_100C_1v60 Corner ===================================

Startpoint: rst (input port clocked by clk)
Endpoint: _2_ (recovery check against rising-edge clock clk)
Path Group: asynchronous
Path Type: max

Fanout         Cap        Slew       Delay        Time   Description
---------------------------------------------------------------------------------------------
                                  0.000000    0.000000   clock clk (rise edge)
                                  0.000000    0.000000   clock network delay (propagated)
                                  2.000000    2.000000 v input external delay
     1    0.003276    0.020293    0.010740    2.010740 v rst (in)
                                                         rst (net)
                      0.020293    0.000000    2.010740 v input2/A (sky130_fd_sc_hd__clkdlybuf4s25_1)
     1    0.005578    0.106992    0.465444    2.476184 v input2/X (sky130_fd_sc_hd__clkdlybuf4s25_1)
                                                         net2 (net)
                      0.106992    0.000189    2.476373 v _1_/A (sky130_fd_sc_hd__inv_2)
     1    0.003906    0.048064    0.086793    2.563166 ^ _1_/Y (sky130_fd_sc_hd__inv_2)
                                                         _0_ (net)
                      0.048064    0.000086    2.563252 ^ _2_/RESET_B (sky130_fd_sc_hd__dfrtp_2)
                                              2.563252   data arrival time

                                 10.000000   10.000000   clock clk (rise edge)
                                  0.000000   10.000000   clock source latency
     1    0.003854    0.039327    0.021354   10.021355 ^ clk (in)
                                                         clk (net)
                      0.039327    0.000000   10.021355 ^ _2_/CLK (sky130_fd_sc_hd__dfrtp_2)
                                 -0.250000    9.771355   clock uncertainty
                                  0.000000    9.771355   clock reconvergence pessimism
                                  0.443708   10.215062   library recovery time
                                             10.215062   data required time
---------------------------------------------------------------------------------------------
                                             10.215062   data required time
                                             -2.563252   data arrival time
---------------------------------------------------------------------------------------------
                                              7.651810   slack (MET)


Startpoint: _2_ (rising edge-triggered flip-flop clocked by clk)
Endpoint: out (output port clocked by clk)
Path Group: clk
Path Type: max

Fanout         Cap        Slew       Delay        Time   Description
---------------------------------------------------------------------------------------------
                                  0.000000    0.000000   clock clk (rise edge)
                                  0.000000    0.000000   clock source latency
     1    0.003854    0.039327    0.021354    0.021354 ^ clk (in)
                                                         clk (net)
                      0.039327    0.000000    0.021354 ^ _2_/CLK (sky130_fd_sc_hd__dfrtp_2)
     1    0.002987    0.075112    0.778487    0.799841 v _2_/Q (sky130_fd_sc_hd__dfrtp_2)
                                                         net3 (net)
                      0.075112    0.000066    0.799907 v output3/A (sky130_fd_sc_hd__clkdlybuf4s25_1)
     1    0.034920    0.472239    0.776054    1.575961 v output3/X (sky130_fd_sc_hd__clkdlybuf4s25_1)
                                                         out (net)
                      0.472239    0.000674    1.576634 v out (out)
                                              1.576634   data arrival time

                                 10.000000   10.000000   clock clk (rise edge)
                                  0.000000   10.000000   clock network delay (propagated)
                                 -0.250000    9.750000   clock uncertainty
                                  0.000000    9.750000   clock reconvergence pessimism
                                 -2.000000    7.750000   output external delay
                                              7.750000   data required time
---------------------------------------------------------------------------------------------
                                              7.750000   data required time
                                             -1.576634   data arrival time
---------------------------------------------------------------------------------------------
                                              6.173366   slack (MET)




===========================================================================
report_checks --slack_max -0.01
============================================================================
======================= nom_ss_100C_1v60 Corner ===================================

No paths found.


===========================================================================
 report_check_types -max_slew -max_cap -max_fanout -violators
============================================================================
======================= nom_ss_100C_1v60 Corner ===================================



===========================================================================
report_parasitic_annotation -report_unannotated
============================================================================
Found 0 unannotated drivers.
Found 0 partially unannotated drivers.

===========================================================================
max slew violation count 0
%OL_METRIC_I design__max_slew_violation__count__corner:nom_ss_100C_1v60 0
max fanout violation count 0
%OL_METRIC_I design__max_fanout_violation__count__corner:nom_ss_100C_1v60 0
max cap violation count 0
%OL_METRIC_I design__max_cap_violation__count__corner:nom_ss_100C_1v60 0
============================================================================

===========================================================================
check_setup -verbose -unconstrained_endpoints -multiple_clock -no_clock -no_input_delay -loops -generated_clocks
===========================================================================
%OL_END_REPORT
%OL_CREATE_REPORT power.rpt

===========================================================================
 report_power
============================================================================
======================= nom_ss_100C_1v60 Corner ===================================

Group                    Internal    Switching      Leakage        Total
                            Power        Power        Power        Power (Watts)
------------------------------------------------------------------------
Sequential           3.386749e-06 4.049794e-08 1.951533e-08 3.446763e-06  72.4%
Combinational        6.916651e-07 6.040245e-07 1.702252e-08 1.312712e-06  27.6%
Clock                0.000000e+00 0.000000e+00 5.550514e-10 5.550514e-10   0.0%
Macro                0.000000e+00 0.000000e+00 0.000000e+00 0.000000e+00   0.0%
Pad                  0.000000e+00 0.000000e+00 0.000000e+00 0.000000e+00   0.0%
------------------------------------------------------------------------
Total                4.078414e-06 6.445225e-07 3.709291e-08 4.760030e-06 100.0%
                            85.7%        13.5%         0.8%
%OL_METRIC_F power__internal__total 4.078414349351078e-6
%OL_METRIC_F power__switching__total 6.445224585149845e-7
%OL_METRIC_F power__leakage__total 3.709290652409436e-8
%OL_METRIC_F power__total 4.760029696626589e-6

%OL_END_REPORT
%OL_CREATE_REPORT skew.min.rpt

===========================================================================
Clock Skew (Hold)
============================================================================
%OL_METRIC_F clock__skew__worst_hold__corner:nom_ss_100C_1v60 0.0
======================= nom_ss_100C_1v60 Corner ===================================

Clock clk
No launch/capture paths found.

%OL_END_REPORT
%OL_CREATE_REPORT skew.max.rpt

===========================================================================
Clock Skew (Setup)
============================================================================
%OL_METRIC_F clock__skew__worst_setup__corner:nom_ss_100C_1v60 0.0
======================= nom_ss_100C_1v60 Corner ===================================

Clock clk
No launch/capture paths found.

%OL_END_REPORT
%OL_CREATE_REPORT ws.min.rpt

===========================================================================
Worst Slack (Hold)
============================================================================
%OL_METRIC_F timing__hold__ws__corner:nom_ss_100C_1v60 1.6504692524279745
nom_ss_100C_1v60: 1.6504692524279745
%OL_END_REPORT
%OL_CREATE_REPORT ws.max.rpt

===========================================================================
Worst Slack (Setup)
============================================================================
%OL_METRIC_F timing__setup__ws__corner:nom_ss_100C_1v60 6.173365993135047
nom_ss_100C_1v60: 6.173365993135047
%OL_END_REPORT
%OL_CREATE_REPORT tns.min.rpt

===========================================================================
Total Negative Slack (Hold)
============================================================================
%OL_METRIC_F timing__hold__tns__corner:nom_ss_100C_1v60 0.0
nom_ss_100C_1v60: 0.0
%OL_END_REPORT
%OL_CREATE_REPORT tns.max.rpt

===========================================================================
Total Negative Slack (Setup)
============================================================================
%OL_METRIC_F timing__setup__tns__corner:nom_ss_100C_1v60 0.0
nom_ss_100C_1v60: 0.0
%OL_END_REPORT
%OL_CREATE_REPORT wns.min.rpt

===========================================================================
Worst Negative Slack (Hold)
============================================================================
%OL_METRIC_F timing__hold__wns__corner:nom_ss_100C_1v60 0
nom_ss_100C_1v60: 0
%OL_END_REPORT
%OL_CREATE_REPORT wns.max.rpt

===========================================================================
Worst Negative Slack (Setup)
============================================================================
%OL_METRIC_F timing__setup__wns__corner:nom_ss_100C_1v60 0.0
nom_ss_100C_1v60: 0.0
%OL_END_REPORT
%OL_CREATE_REPORT violator_list.rpt

===========================================================================
Violator List
============================================================================
%OL_METRIC_I timing__hold_vio__count__corner:nom_ss_100C_1v60 0
%OL_METRIC_F timing__hold_r2r__ws__corner:nom_ss_100C_1v60 inf
%OL_METRIC_I timing__hold_r2r_vio__count__corner:nom_ss_100C_1v60 0
%OL_METRIC_I timing__setup_vio__count__corner:nom_ss_100C_1v60 0
%OL_METRIC_F timing__setup_r2r__ws__corner:nom_ss_100C_1v60 inf
%OL_METRIC_I timing__setup_r2r_vio__count__corner:nom_ss_100C_1v60 0
%OL_END_REPORT
%OL_CREATE_REPORT unpropagated.rpt
%OL_END_REPORT
%OL_CREATE_REPORT clock.rpt
Clock: clk
Sources: clk 
Generated: no
Virtual: yes
Propagated: no
Period: 10.000000

===========================================================================
report_clock_properties
============================================================================
Clock                   Period          Waveform
----------------------------------------------------
clk                  10.000000    0.000000  5.000000

===========================================================================
report_clock_latency
============================================================================
Clock clk
rise -> rise
    min     max
0.000000 0.000000 source latency
0.021354         network latency _2_/CLK
        0.021354 network latency _2_/CLK
---------------
0.021354 0.021354 latency
        0.000000 skew

fall -> fall
    min     max
0.000000 0.000000 source latency
0.012069         network latency _2_/CLK
        0.012069 network latency _2_/CLK
---------------
0.012069 0.012069 latency
        0.000000 skew



===========================================================================
report_clock_min_period
============================================================================
clk period_min = 0.00 fmax = inf
%OL_END_REPORT
Writing SDF files for all corners…
Removing Clock latencies before writing libs…
Writing timing models for all corners…
Writing timing models for the nom_ss_100C_1v60 corner to /mnt/d/open_source_asic_flow/runs/RUN_2026-06-10_20-24-10/55-openroad-stapostpnr/nom_ss_100C_1v60/my_design__nom_ss_100C_1v60.lib…
