Reading timing models for corner nom_tt_025C_1v80…
Reading timing library for the 'nom_tt_025C_1v80' corner at '/home/nota/.ciel/ciel/sky130/versions/8afc8346a57fe1ab7934ba5a6056ea8b43078e71/sky130A/libs.ref/sky130_fd_sc_hd/lib/sky130_fd_sc_hd__tt_025C_1v80.lib'…
Reading OpenROAD database at '/mnt/d/open_source_asic_flow/runs/RUN_2026-06-10_20-24-10/48-odb-reportdisconnectedpins/my_design.odb'…
Reading design constraints file at '/nix/store/1w3x9nqi5r9klp1gj3r8yh66vvf8bfpf-python3-3.13.9-env/lib/python3.13/site-packages/librelane/scripts/base.sdc'…
[INFO] Using clock clk…
[INFO] Setting output delay to: 2
[INFO] Setting input delay to: 2
[INFO] Setting load to: 0.033442
[INFO] Setting clock uncertainty to: 0.25
[INFO] Setting clock transition to: 0.1499999999999999944488848768742172978818416595458984375
[INFO] Setting timing derate to: 5%
sky130_fd_sc_hd__decap_3 sky130_fd_sc_hd__fill_2 sky130_fd_sc_hd__fill_1
[INFO DPL-0001] Placed 185 filler instances.
Setting global connections for newly added cells…
[INFO] Setting global connections...
[INFO ODB-0403] 740 connections made, 0 conflicts skipped.
Updating metrics…
Cell type report:                       Count       Area
  Fill cell                               205     725.70
  Tap cell                                 12      15.01
  Timing Repair Buffer                      3      30.03
  Inverter                                  1       3.75
  Sequential cell                           1      26.28
  Total                                   222     800.77
Writing OpenROAD database to '/mnt/d/open_source_asic_flow/runs/RUN_2026-06-10_20-24-10/52-openroad-fillinsertion/my_design.odb'…
Writing netlist to '/mnt/d/open_source_asic_flow/runs/RUN_2026-06-10_20-24-10/52-openroad-fillinsertion/my_design.nl.v'…
Writing powered netlist to '/mnt/d/open_source_asic_flow/runs/RUN_2026-06-10_20-24-10/52-openroad-fillinsertion/my_design.pnl.v'…
Writing layout to '/mnt/d/open_source_asic_flow/runs/RUN_2026-06-10_20-24-10/52-openroad-fillinsertion/my_design.def'…
Writing timing constraints to '/mnt/d/open_source_asic_flow/runs/RUN_2026-06-10_20-24-10/52-openroad-fillinsertion/my_design.sdc'…
