
===========================================================================
report_checks -unconstrained
===========================================================================
======================= nom_ff_n40C_1v95 Corner ===================================

Startpoint: rst (input port clocked by clk)
Endpoint: _2_ (recovery check against rising-edge clock clk)
Path Group: asynchronous
Path Type: max

Fanout         Cap        Slew       Delay        Time   Description
---------------------------------------------------------------------------------------------
                                  0.000000    0.000000   clock clk (rise edge)
                                  0.000000    0.000000   clock network delay (propagated)
                                  2.000000    2.000000 v input external delay
     1    0.003297    0.005446    0.002723    2.002723 v rst (in)
                                                         rst (net)
                      0.005447    0.000000    2.002723 v input2/A (sky130_fd_sc_hd__clkdlybuf4s25_1)
     1    0.005563    0.039506    0.159252    2.161975 v input2/X (sky130_fd_sc_hd__clkdlybuf4s25_1)
                                                         net2 (net)
                      0.039507    0.000188    2.162163 v _1_/A (sky130_fd_sc_hd__inv_2)
     1    0.004260    0.022359    0.034446    2.196610 ^ _1_/Y (sky130_fd_sc_hd__inv_2)
                                                         _0_ (net)
                      0.022360    0.000095    2.196704 ^ _2_/RESET_B (sky130_fd_sc_hd__dfrtp_2)
                                              2.196704   data arrival time

                                 10.000000   10.000000   clock clk (rise edge)
                                  0.000000   10.000000   clock source latency
     1    0.004031    0.018329    0.010471   10.010471 ^ clk (in)
                                                         clk (net)
                      0.018330    0.000000   10.010471 ^ _2_/CLK (sky130_fd_sc_hd__dfrtp_2)
                                 -0.250000    9.760471   clock uncertainty
                                  0.000000    9.760471   clock reconvergence pessimism
                                  0.134013    9.894485   library recovery time
                                              9.894485   data required time
---------------------------------------------------------------------------------------------
                                              9.894485   data required time
                                             -2.196704   data arrival time
---------------------------------------------------------------------------------------------
                                              7.697781   slack (MET)


Startpoint: _2_ (rising edge-triggered flip-flop clocked by clk)
Endpoint: out (output port clocked by clk)
Path Group: clk
Path Type: max

Fanout         Cap        Slew       Delay        Time   Description
---------------------------------------------------------------------------------------------
                                  0.000000    0.000000   clock clk (rise edge)
                                  0.000000    0.000000   clock source latency
     1    0.004031    0.018329    0.010471    0.010471 ^ clk (in)
                                                         clk (net)
                      0.018330    0.000000    0.010471 ^ _2_/CLK (sky130_fd_sc_hd__dfrtp_2)
     1    0.003234    0.027223    0.203778    0.214249 ^ _2_/Q (sky130_fd_sc_hd__dfrtp_2)
                                                         net3 (net)
                      0.027223    0.000072    0.214321 ^ output3/A (sky130_fd_sc_hd__clkdlybuf4s25_1)
     1    0.034920    0.264234    0.320487    0.534808 ^ output3/X (sky130_fd_sc_hd__clkdlybuf4s25_1)
                                                         out (net)
                      0.264234    0.000674    0.535481 ^ out (out)
                                              0.535481   data arrival time

                                 10.000000   10.000000   clock clk (rise edge)
                                  0.000000   10.000000   clock network delay (propagated)
                                 -0.250000    9.750000   clock uncertainty
                                  0.000000    9.750000   clock reconvergence pessimism
                                 -2.000000    7.750000   output external delay
                                              7.750000   data required time
---------------------------------------------------------------------------------------------
                                              7.750000   data required time
                                             -0.535481   data arrival time
---------------------------------------------------------------------------------------------
                                              7.214519   slack (MET)




===========================================================================
report_checks --slack_max -0.01
============================================================================
======================= nom_ff_n40C_1v95 Corner ===================================

No paths found.


===========================================================================
 report_check_types -max_slew -max_cap -max_fanout -violators
============================================================================
======================= nom_ff_n40C_1v95 Corner ===================================



===========================================================================
report_parasitic_annotation -report_unannotated
============================================================================
Found 0 unannotated drivers.
Found 0 partially unannotated drivers.

===========================================================================
max slew violation count 0
max fanout violation count 0
max cap violation count 0
============================================================================

===========================================================================
check_setup -verbose -unconstrained_endpoints -multiple_clock -no_clock -no_input_delay -loops -generated_clocks
===========================================================================
