+ define_corners nom_ff_n40C_1v95
Reading timing models for corner nom_ff_n40C_1v95…
Reading cell library for the 'nom_ff_n40C_1v95' corner at '/home/nota/.ciel/ciel/sky130/versions/8afc8346a57fe1ab7934ba5a6056ea8b43078e71/sky130A/libs.ref/sky130_fd_sc_hd/lib/sky130_fd_sc_hd__ff_n40C_1v95.lib'…
Reading top-level netlist at '/mnt/d/open_source_asic_flow/runs/RUN_2026-06-10_20-24-10/52-openroad-fillinsertion/my_design.nl.v'…
Linking design 'my_design' from netlist…
Warning: /mnt/d/open_source_asic_flow/runs/RUN_2026-06-10_20-24-10/52-openroad-fillinsertion/my_design.nl.v line 20, module sky130_fd_sc_hd__fill_1 not found. Creating black box for FILLER_0_27.
Warning: /mnt/d/open_source_asic_flow/runs/RUN_2026-06-10_20-24-10/52-openroad-fillinsertion/my_design.nl.v line 48, module sky130_fd_sc_hd__fill_2 not found. Creating black box for FILLER_1_54.
Warning: /mnt/d/open_source_asic_flow/runs/RUN_2026-06-10_20-24-10/52-openroad-fillinsertion/my_design.nl.v line 220, module sky130_fd_sc_hd__tapvpwrvgnd_1 not found. Creating black box for TAP_TAPCELL_ROW_0_20.
Reading design constraints file at '/nix/store/1w3x9nqi5r9klp1gj3r8yh66vvf8bfpf-python3-3.13.9-env/lib/python3.13/site-packages/librelane/scripts/base.sdc'…
[INFO] Using clock clk…
[INFO] Setting output delay to: 2
[INFO] Setting input delay to: 2
[INFO] Setting load to: 0.033442
[INFO] Setting clock uncertainty to: 0.25
[INFO] Setting clock transition to: 0.1499999999999999944488848768742172978818416595458984375
[INFO] Setting timing derate to: 5%
Reading top-level design parasitics for the 'nom_ff_n40C_1v95' corner at '/mnt/d/open_source_asic_flow/runs/RUN_2026-06-10_20-24-10/54-openroad-rcx/nom/my_design.nom.spef'…
%OL_CREATE_REPORT min.rpt

===========================================================================
report_checks -path_delay min (Hold)
============================================================================
======================= nom_ff_n40C_1v95 Corner ===================================

Startpoint: rst (input port clocked by clk)
Endpoint: _2_ (removal check against rising-edge clock clk)
Path Group: asynchronous
Path Type: min

Fanout         Cap        Slew       Delay        Time   Description
---------------------------------------------------------------------------------------------
                                  0.000000    0.000000   clock clk (rise edge)
                                  0.000000    0.000000   clock network delay (propagated)
                                  2.000000    2.000000 v input external delay
     1    0.003297    0.005446    0.002723    2.002723 v rst (in)
                                                         rst (net)
                      0.005447    0.000000    2.002723 v input2/A (sky130_fd_sc_hd__clkdlybuf4s25_1)
     1    0.005563    0.039506    0.159252    2.161975 v input2/X (sky130_fd_sc_hd__clkdlybuf4s25_1)
                                                         net2 (net)
                      0.039507    0.000188    2.162163 v _1_/A (sky130_fd_sc_hd__inv_2)
     1    0.004260    0.022359    0.034446    2.196610 ^ _1_/Y (sky130_fd_sc_hd__inv_2)
                                                         _0_ (net)
                      0.022360    0.000095    2.196704 ^ _2_/RESET_B (sky130_fd_sc_hd__dfrtp_2)
                                              2.196704   data arrival time

                                  0.000000    0.000000   clock clk (rise edge)
                                  0.000000    0.000000   clock source latency
     1    0.004031    0.018329    0.010471    0.010471 ^ clk (in)
                                                         clk (net)
                      0.018330    0.000000    0.010471 ^ _2_/CLK (sky130_fd_sc_hd__dfrtp_2)
                                  0.250000    0.260471   clock uncertainty
                                  0.000000    0.260471   clock reconvergence pessimism
                                  0.193135    0.453606   library removal time
                                              0.453606   data required time
---------------------------------------------------------------------------------------------
                                              0.453606   data required time
                                             -2.196704   data arrival time
---------------------------------------------------------------------------------------------
                                              1.743098   slack (MET)


Startpoint: in (input port clocked by clk)
Endpoint: _2_ (rising edge-triggered flip-flop clocked by clk)
Path Group: clk
Path Type: min

Fanout         Cap        Slew       Delay        Time   Description
---------------------------------------------------------------------------------------------
                                  0.000000    0.000000   clock clk (rise edge)
                                  0.000000    0.000000   clock network delay (propagated)
                                  2.000000    2.000000 v input external delay
     1    0.003786    0.006164    0.003149    2.003150 v in (in)
                                                         in (net)
                      0.006165    0.000000    2.003150 v input1/A (sky130_fd_sc_hd__clkdlybuf4s25_1)
     1    0.002553    0.026137    0.146186    2.149336 v input1/X (sky130_fd_sc_hd__clkdlybuf4s25_1)
                                                         net1 (net)
                      0.026137    0.000073    2.149409 v _2_/D (sky130_fd_sc_hd__dfrtp_2)
                                              2.149409   data arrival time

                                  0.000000    0.000000   clock clk (rise edge)
                                  0.000000    0.000000   clock source latency
     1    0.004031    0.018329    0.010471    0.010471 ^ clk (in)
                                                         clk (net)
                      0.018330    0.000000    0.010471 ^ _2_/CLK (sky130_fd_sc_hd__dfrtp_2)
                                  0.250000    0.260471   clock uncertainty
                                  0.000000    0.260471   clock reconvergence pessimism
                                 -0.029182    0.231289   library hold time
                                              0.231289   data required time
---------------------------------------------------------------------------------------------
                                              0.231289   data required time
                                             -2.149409   data arrival time
---------------------------------------------------------------------------------------------
                                              1.918119   slack (MET)


Startpoint: _2_ (rising edge-triggered flip-flop clocked by clk)
Endpoint: out (output port clocked by clk)
Path Group: clk
Path Type: min

Fanout         Cap        Slew       Delay        Time   Description
---------------------------------------------------------------------------------------------
                                  0.000000    0.000000   clock clk (rise edge)
                                  0.000000    0.000000   clock source latency
     1    0.004031    0.018329    0.010471    0.010471 ^ clk (in)
                                                         clk (net)
                      0.018330    0.000000    0.010471 ^ _2_/CLK (sky130_fd_sc_hd__dfrtp_2)
     1    0.003008    0.027805    0.232218    0.242689 v _2_/Q (sky130_fd_sc_hd__dfrtp_2)
                                                         net3 (net)
                      0.027805    0.000066    0.242755 v output3/A (sky130_fd_sc_hd__clkdlybuf4s25_1)
     1    0.034920    0.178414    0.277520    0.520276 v output3/X (sky130_fd_sc_hd__clkdlybuf4s25_1)
                                                         out (net)
                      0.178415    0.000674    0.520949 v out (out)
                                              0.520949   data arrival time

                                  0.000000    0.000000   clock clk (rise edge)
                                  0.000000    0.000000   clock network delay (propagated)
                                  0.250000    0.250000   clock uncertainty
                                  0.000000    0.250000   clock reconvergence pessimism
                                 -2.000000   -1.750000   output external delay
                                             -1.750000   data required time
---------------------------------------------------------------------------------------------
                                             -1.750000   data required time
                                             -0.520949   data arrival time
---------------------------------------------------------------------------------------------
                                              2.270949   slack (MET)



%OL_END_REPORT
%OL_CREATE_REPORT max.rpt

===========================================================================
report_checks -path_delay max (Setup)
============================================================================
======================= nom_ff_n40C_1v95 Corner ===================================

Startpoint: _2_ (rising edge-triggered flip-flop clocked by clk)
Endpoint: out (output port clocked by clk)
Path Group: clk
Path Type: max

Fanout         Cap        Slew       Delay        Time   Description
---------------------------------------------------------------------------------------------
                                  0.000000    0.000000   clock clk (rise edge)
                                  0.000000    0.000000   clock source latency
     1    0.004031    0.018329    0.010471    0.010471 ^ clk (in)
                                                         clk (net)
                      0.018330    0.000000    0.010471 ^ _2_/CLK (sky130_fd_sc_hd__dfrtp_2)
     1    0.003234    0.027223    0.203778    0.214249 ^ _2_/Q (sky130_fd_sc_hd__dfrtp_2)
                                                         net3 (net)
                      0.027223    0.000072    0.214321 ^ output3/A (sky130_fd_sc_hd__clkdlybuf4s25_1)
     1    0.034920    0.264234    0.320487    0.534808 ^ output3/X (sky130_fd_sc_hd__clkdlybuf4s25_1)
                                                         out (net)
                      0.264234    0.000674    0.535481 ^ out (out)
                                              0.535481   data arrival time

                                 10.000000   10.000000   clock clk (rise edge)
                                  0.000000   10.000000   clock network delay (propagated)
                                 -0.250000    9.750000   clock uncertainty
                                  0.000000    9.750000   clock reconvergence pessimism
                                 -2.000000    7.750000   output external delay
                                              7.750000   data required time
---------------------------------------------------------------------------------------------
                                              7.750000   data required time
                                             -0.535481   data arrival time
---------------------------------------------------------------------------------------------
                                              7.214519   slack (MET)


Startpoint: in (input port clocked by clk)
Endpoint: _2_ (rising edge-triggered flip-flop clocked by clk)
Path Group: clk
Path Type: max

Fanout         Cap        Slew       Delay        Time   Description
---------------------------------------------------------------------------------------------
                                  0.000000    0.000000   clock clk (rise edge)
                                  0.000000    0.000000   clock network delay (propagated)
                                  2.000000    2.000000 v input external delay
     1    0.003786    0.006164    0.003149    2.003150 v in (in)
                                                         in (net)
                      0.006165    0.000000    2.003150 v input1/A (sky130_fd_sc_hd__clkdlybuf4s25_1)
     1    0.002553    0.026137    0.146186    2.149336 v input1/X (sky130_fd_sc_hd__clkdlybuf4s25_1)
                                                         net1 (net)
                      0.026137    0.000073    2.149409 v _2_/D (sky130_fd_sc_hd__dfrtp_2)
                                              2.149409   data arrival time

                                 10.000000   10.000000   clock clk (rise edge)
                                  0.000000   10.000000   clock source latency
     1    0.004031    0.018329    0.010471   10.010471 ^ clk (in)
                                                         clk (net)
                      0.018330    0.000000   10.010471 ^ _2_/CLK (sky130_fd_sc_hd__dfrtp_2)
                                 -0.250000    9.760471   clock uncertainty
                                  0.000000    9.760471   clock reconvergence pessimism
                                 -0.072886    9.687585   library setup time
                                              9.687585   data required time
---------------------------------------------------------------------------------------------
                                              9.687585   data required time
                                             -2.149409   data arrival time
---------------------------------------------------------------------------------------------
                                              7.538177   slack (MET)


Startpoint: rst (input port clocked by clk)
Endpoint: _2_ (recovery check against rising-edge clock clk)
Path Group: asynchronous
Path Type: max

Fanout         Cap        Slew       Delay        Time   Description
---------------------------------------------------------------------------------------------
                                  0.000000    0.000000   clock clk (rise edge)
                                  0.000000    0.000000   clock network delay (propagated)
                                  2.000000    2.000000 v input external delay
     1    0.003297    0.005446    0.002723    2.002723 v rst (in)
                                                         rst (net)
                      0.005447    0.000000    2.002723 v input2/A (sky130_fd_sc_hd__clkdlybuf4s25_1)
     1    0.005563    0.039506    0.159252    2.161975 v input2/X (sky130_fd_sc_hd__clkdlybuf4s25_1)
                                                         net2 (net)
                      0.039507    0.000188    2.162163 v _1_/A (sky130_fd_sc_hd__inv_2)
     1    0.004260    0.022359    0.034446    2.196610 ^ _1_/Y (sky130_fd_sc_hd__inv_2)
                                                         _0_ (net)
                      0.022360    0.000095    2.196704 ^ _2_/RESET_B (sky130_fd_sc_hd__dfrtp_2)
                                              2.196704   data arrival time

                                 10.000000   10.000000   clock clk (rise edge)
                                  0.000000   10.000000   clock source latency
     1    0.004031    0.018329    0.010471   10.010471 ^ clk (in)
                                                         clk (net)
                      0.018330    0.000000   10.010471 ^ _2_/CLK (sky130_fd_sc_hd__dfrtp_2)
                                 -0.250000    9.760471   clock uncertainty
                                  0.000000    9.760471   clock reconvergence pessimism
                                  0.134013    9.894485   library recovery time
                                              9.894485   data required time
---------------------------------------------------------------------------------------------
                                              9.894485   data required time
                                             -2.196704   data arrival time
---------------------------------------------------------------------------------------------
                                              7.697781   slack (MET)



%OL_END_REPORT
%OL_CREATE_REPORT checks.rpt

===========================================================================
report_checks -unconstrained
===========================================================================
======================= nom_ff_n40C_1v95 Corner ===================================

Startpoint: rst (input port clocked by clk)
Endpoint: _2_ (recovery check against rising-edge clock clk)
Path Group: asynchronous
Path Type: max

Fanout         Cap        Slew       Delay        Time   Description
---------------------------------------------------------------------------------------------
                                  0.000000    0.000000   clock clk (rise edge)
                                  0.000000    0.000000   clock network delay (propagated)
                                  2.000000    2.000000 v input external delay
     1    0.003297    0.005446    0.002723    2.002723 v rst (in)
                                                         rst (net)
                      0.005447    0.000000    2.002723 v input2/A (sky130_fd_sc_hd__clkdlybuf4s25_1)
     1    0.005563    0.039506    0.159252    2.161975 v input2/X (sky130_fd_sc_hd__clkdlybuf4s25_1)
                                                         net2 (net)
                      0.039507    0.000188    2.162163 v _1_/A (sky130_fd_sc_hd__inv_2)
     1    0.004260    0.022359    0.034446    2.196610 ^ _1_/Y (sky130_fd_sc_hd__inv_2)
                                                         _0_ (net)
                      0.022360    0.000095    2.196704 ^ _2_/RESET_B (sky130_fd_sc_hd__dfrtp_2)
                                              2.196704   data arrival time

                                 10.000000   10.000000   clock clk (rise edge)
                                  0.000000   10.000000   clock source latency
     1    0.004031    0.018329    0.010471   10.010471 ^ clk (in)
                                                         clk (net)
                      0.018330    0.000000   10.010471 ^ _2_/CLK (sky130_fd_sc_hd__dfrtp_2)
                                 -0.250000    9.760471   clock uncertainty
                                  0.000000    9.760471   clock reconvergence pessimism
                                  0.134013    9.894485   library recovery time
                                              9.894485   data required time
---------------------------------------------------------------------------------------------
                                              9.894485   data required time
                                             -2.196704   data arrival time
---------------------------------------------------------------------------------------------
                                              7.697781   slack (MET)


Startpoint: _2_ (rising edge-triggered flip-flop clocked by clk)
Endpoint: out (output port clocked by clk)
Path Group: clk
Path Type: max

Fanout         Cap        Slew       Delay        Time   Description
---------------------------------------------------------------------------------------------
                                  0.000000    0.000000   clock clk (rise edge)
                                  0.000000    0.000000   clock source latency
     1    0.004031    0.018329    0.010471    0.010471 ^ clk (in)
                                                         clk (net)
                      0.018330    0.000000    0.010471 ^ _2_/CLK (sky130_fd_sc_hd__dfrtp_2)
     1    0.003234    0.027223    0.203778    0.214249 ^ _2_/Q (sky130_fd_sc_hd__dfrtp_2)
                                                         net3 (net)
                      0.027223    0.000072    0.214321 ^ output3/A (sky130_fd_sc_hd__clkdlybuf4s25_1)
     1    0.034920    0.264234    0.320487    0.534808 ^ output3/X (sky130_fd_sc_hd__clkdlybuf4s25_1)
                                                         out (net)
                      0.264234    0.000674    0.535481 ^ out (out)
                                              0.535481   data arrival time

                                 10.000000   10.000000   clock clk (rise edge)
                                  0.000000   10.000000   clock network delay (propagated)
                                 -0.250000    9.750000   clock uncertainty
                                  0.000000    9.750000   clock reconvergence pessimism
                                 -2.000000    7.750000   output external delay
                                              7.750000   data required time
---------------------------------------------------------------------------------------------
                                              7.750000   data required time
                                             -0.535481   data arrival time
---------------------------------------------------------------------------------------------
                                              7.214519   slack (MET)




===========================================================================
report_checks --slack_max -0.01
============================================================================
======================= nom_ff_n40C_1v95 Corner ===================================

No paths found.


===========================================================================
 report_check_types -max_slew -max_cap -max_fanout -violators
============================================================================
======================= nom_ff_n40C_1v95 Corner ===================================



===========================================================================
report_parasitic_annotation -report_unannotated
============================================================================
Found 0 unannotated drivers.
Found 0 partially unannotated drivers.

===========================================================================
max slew violation count 0
%OL_METRIC_I design__max_slew_violation__count__corner:nom_ff_n40C_1v95 0
max fanout violation count 0
%OL_METRIC_I design__max_fanout_violation__count__corner:nom_ff_n40C_1v95 0
max cap violation count 0
%OL_METRIC_I design__max_cap_violation__count__corner:nom_ff_n40C_1v95 0
============================================================================

===========================================================================
check_setup -verbose -unconstrained_endpoints -multiple_clock -no_clock -no_input_delay -loops -generated_clocks
===========================================================================
%OL_END_REPORT
%OL_CREATE_REPORT power.rpt

===========================================================================
 report_power
============================================================================
======================= nom_ff_n40C_1v95 Corner ===================================

Group                    Internal    Switching      Leakage        Total
                            Power        Power        Power        Power (Watts)
------------------------------------------------------------------------
Sequential           5.038952e-06 6.148456e-08 1.809977e-11 5.100454e-06  73.2%
Combinational        9.619378e-07 9.067140e-07 2.575764e-11 1.868678e-06  26.8%
Clock                0.000000e+00 0.000000e+00 6.958591e-10 6.958591e-10   0.0%
Macro                0.000000e+00 0.000000e+00 0.000000e+00 0.000000e+00   0.0%
Pad                  0.000000e+00 0.000000e+00 0.000000e+00 0.000000e+00   0.0%
------------------------------------------------------------------------
Total                6.000890e-06 9.681986e-07 7.397166e-10 6.969829e-06 100.0%
                            86.1%        13.9%         0.0%
%OL_METRIC_F power__internal__total 6.0008901527908165e-6
%OL_METRIC_F power__switching__total 9.681986057330505e-7
%OL_METRIC_F power__leakage__total 7.397165657785365e-10
%OL_METRIC_F power__total 6.9698285187769216e-6

%OL_END_REPORT
%OL_CREATE_REPORT skew.min.rpt

===========================================================================
Clock Skew (Hold)
============================================================================
%OL_METRIC_F clock__skew__worst_hold__corner:nom_ff_n40C_1v95 0.0
======================= nom_ff_n40C_1v95 Corner ===================================

Clock clk
No launch/capture paths found.

%OL_END_REPORT
%OL_CREATE_REPORT skew.max.rpt

===========================================================================
Clock Skew (Setup)
============================================================================
%OL_METRIC_F clock__skew__worst_setup__corner:nom_ff_n40C_1v95 0.0
======================= nom_ff_n40C_1v95 Corner ===================================

Clock clk
No launch/capture paths found.

%OL_END_REPORT
%OL_CREATE_REPORT ws.min.rpt

===========================================================================
Worst Slack (Hold)
============================================================================
%OL_METRIC_F timing__hold__ws__corner:nom_ff_n40C_1v95 1.7430982706166478
nom_ff_n40C_1v95: 1.7430982706166478
%OL_END_REPORT
%OL_CREATE_REPORT ws.max.rpt

===========================================================================
Worst Slack (Setup)
============================================================================
%OL_METRIC_F timing__setup__ws__corner:nom_ff_n40C_1v95 7.214518520130398
nom_ff_n40C_1v95: 7.214518520130398
%OL_END_REPORT
%OL_CREATE_REPORT tns.min.rpt

===========================================================================
Total Negative Slack (Hold)
============================================================================
%OL_METRIC_F timing__hold__tns__corner:nom_ff_n40C_1v95 0.0
nom_ff_n40C_1v95: 0.0
%OL_END_REPORT
%OL_CREATE_REPORT tns.max.rpt

===========================================================================
Total Negative Slack (Setup)
============================================================================
%OL_METRIC_F timing__setup__tns__corner:nom_ff_n40C_1v95 0.0
nom_ff_n40C_1v95: 0.0
%OL_END_REPORT
%OL_CREATE_REPORT wns.min.rpt

===========================================================================
Worst Negative Slack (Hold)
============================================================================
%OL_METRIC_F timing__hold__wns__corner:nom_ff_n40C_1v95 0
nom_ff_n40C_1v95: 0
%OL_END_REPORT
%OL_CREATE_REPORT wns.max.rpt

===========================================================================
Worst Negative Slack (Setup)
============================================================================
%OL_METRIC_F timing__setup__wns__corner:nom_ff_n40C_1v95 0.0
nom_ff_n40C_1v95: 0.0
%OL_END_REPORT
%OL_CREATE_REPORT violator_list.rpt

===========================================================================
Violator List
============================================================================
%OL_METRIC_I timing__hold_vio__count__corner:nom_ff_n40C_1v95 0
%OL_METRIC_F timing__hold_r2r__ws__corner:nom_ff_n40C_1v95 inf
%OL_METRIC_I timing__hold_r2r_vio__count__corner:nom_ff_n40C_1v95 0
%OL_METRIC_I timing__setup_vio__count__corner:nom_ff_n40C_1v95 0
%OL_METRIC_F timing__setup_r2r__ws__corner:nom_ff_n40C_1v95 inf
%OL_METRIC_I timing__setup_r2r_vio__count__corner:nom_ff_n40C_1v95 0
%OL_END_REPORT
%OL_CREATE_REPORT unpropagated.rpt
%OL_END_REPORT
%OL_CREATE_REPORT clock.rpt
Clock: clk
Sources: clk 
Generated: no
Virtual: yes
Propagated: no
Period: 10.000000

===========================================================================
report_clock_properties
============================================================================
Clock                   Period          Waveform
----------------------------------------------------
clk                  10.000000    0.000000  5.000000

===========================================================================
report_clock_latency
============================================================================
Clock clk
rise -> rise
    min     max
0.000000 0.000000 source latency
0.010471         network latency _2_/CLK
        0.010471 network latency _2_/CLK
---------------
0.010471 0.010471 latency
        0.000000 skew

fall -> fall
    min     max
0.000000 0.000000 source latency
0.003234         network latency _2_/CLK
        0.003234 network latency _2_/CLK
---------------
0.003234 0.003234 latency
        0.000000 skew



===========================================================================
report_clock_min_period
============================================================================
clk period_min = 0.00 fmax = inf
%OL_END_REPORT
Writing SDF files for all corners…
Removing Clock latencies before writing libs…
Writing timing models for all corners…
Writing timing models for the nom_ff_n40C_1v95 corner to /mnt/d/open_source_asic_flow/runs/RUN_2026-06-10_20-24-10/55-openroad-stapostpnr/nom_ff_n40C_1v95/my_design__nom_ff_n40C_1v95.lib…
