Clock: clk
Sources: clk 
Generated: no
Virtual: no
Propagated: no
Period: 10.000000

===========================================================================
report_clock_properties
============================================================================
Clock                   Period          Waveform
----------------------------------------------------
clk                  10.000000    0.000000  5.000000

===========================================================================
report_clock_latency
============================================================================
Clock clk
rise -> rise
    min     max
0.000000 0.000000 source latency
0.004988         network latency _2_/CLK
        0.004988 network latency _2_/CLK
---------------
0.004988 0.004988 latency
        0.000000 skew

fall -> fall
    min     max
0.000000 0.000000 source latency
0.001378         network latency _2_/CLK
        0.001378 network latency _2_/CLK
---------------
0.001378 0.001378 latency
        0.000000 skew



===========================================================================
report_clock_min_period
============================================================================
clk period_min = 0.00 fmax = inf
