
===========================================================================
report_checks -path_delay max (Setup)
============================================================================
======================= nom_ff_n40C_1v95 Corner ===================================

Startpoint: _2_ (rising edge-triggered flip-flop clocked by clk)
Endpoint: out (output port clocked by clk)
Path Group: clk
Path Type: max

Fanout         Cap        Slew       Delay        Time   Description
---------------------------------------------------------------------------------------------
                      0.150000    0.000000    0.000000   clock clk (rise edge)
                                  0.000000    0.000000   clock network delay (ideal)
                      0.150000    0.000000    0.000000 ^ _2_/CLK (sky130_fd_sc_hd__dfrtp_2)
     1    0.033442    0.078319    0.325229    0.325229 v _2_/Q (sky130_fd_sc_hd__dfrtp_2)
                                                         out (net)
                      0.078319    0.000000    0.325229 v out (out)
                                              0.325229   data arrival time

                      0.150000   10.000000   10.000000   clock clk (rise edge)
                                  0.000000   10.000000   clock network delay (ideal)
                                 -0.250000    9.750000   clock uncertainty
                                  0.000000    9.750000   clock reconvergence pessimism
                                 -2.000000    7.750000   output external delay
                                              7.750000   data required time
---------------------------------------------------------------------------------------------
                                              7.750000   data required time
                                             -0.325229   data arrival time
---------------------------------------------------------------------------------------------
                                              7.424771   slack (MET)


Startpoint: in (input port clocked by clk)
Endpoint: _2_ (rising edge-triggered flip-flop clocked by clk)
Path Group: clk
Path Type: max

Fanout         Cap        Slew       Delay        Time   Description
---------------------------------------------------------------------------------------------
                      0.150000    0.000000    0.000000   clock clk (rise edge)
                                  0.000000    0.000000   clock network delay (ideal)
                                  2.000000    2.000000 v input external delay
     1    0.002059    0.003783    0.001601    2.001601 v in (in)
                                                         in (net)
                      0.003783    0.000000    2.001601 v _2_/D (sky130_fd_sc_hd__dfrtp_2)
                                              2.001601   data arrival time

                      0.150000   10.000000   10.000000   clock clk (rise edge)
                                  0.000000   10.000000   clock network delay (ideal)
                                 -0.250000    9.750000   clock uncertainty
                                  0.000000    9.750000   clock reconvergence pessimism
                                              9.750000 ^ _2_/CLK (sky130_fd_sc_hd__dfrtp_2)
                                 -0.052284    9.697717   library setup time
                                              9.697717   data required time
---------------------------------------------------------------------------------------------
                                              9.697717   data required time
                                             -2.001601   data arrival time
---------------------------------------------------------------------------------------------
                                              7.696115   slack (MET)


Startpoint: rst (input port clocked by clk)
Endpoint: _2_ (recovery check against rising-edge clock clk)
Path Group: asynchronous
Path Type: max

Fanout         Cap        Slew       Delay        Time   Description
---------------------------------------------------------------------------------------------
                      0.150000    0.000000    0.000000   clock clk (rise edge)
                                  0.000000    0.000000   clock network delay (ideal)
                                  2.000000    2.000000 v input external delay
     1    0.004285    0.007170    0.003546    2.003546 v rst (in)
                                                         rst (net)
                      0.007170    0.000000    2.003546 v _1_/A (sky130_fd_sc_hd__inv_2)
     1    0.003617    0.017736    0.020249    2.023794 ^ _1_/Y (sky130_fd_sc_hd__inv_2)
                                                         _0_ (net)
                      0.017736    0.000000    2.023794 ^ _2_/RESET_B (sky130_fd_sc_hd__dfrtp_2)
                                              2.023794   data arrival time

                      0.150000   10.000000   10.000000   clock clk (rise edge)
                                  0.000000   10.000000   clock network delay (ideal)
                                 -0.250000    9.750000   clock uncertainty
                                  0.000000    9.750000   clock reconvergence pessimism
                                              9.750000 ^ _2_/CLK (sky130_fd_sc_hd__dfrtp_2)
                                  0.155099    9.905098   library recovery time
                                              9.905098   data required time
---------------------------------------------------------------------------------------------
                                              9.905098   data required time
                                             -2.023794   data arrival time
---------------------------------------------------------------------------------------------
                                              7.881304   slack (MET)



