
 /----------------------------------------------------------------------------\
 |  yosys -- Yosys Open SYnthesis Suite                                       |
 |  Copyright (C) 2012 - 2026  Claire Xenia Wolf <claire@yosyshq.com>         |
 |  Distributed under an ISC-like license, type "license" to see terms        |
 \----------------------------------------------------------------------------/
 Yosys 0.62 (git sha1 7326bb7d6641500ecb285c291a54a662cb1e76cf, clang++ 21.1.2 -fPIC -O3)

1. Executing Liberty frontend: /home/nota/.ciel/ciel/sky130/versions/8afc8346a57fe1ab7934ba5a6056ea8b43078e71/sky130A/libs.ref/sky130_fd_sc_hd/lib/sky130_fd_sc_hd__tt_025C_1v80.lib
Imported 428 cell types from liberty file.
[INFO] Using SDC file '/mnt/d/open_source_asic_flow/runs/RUN_2026-06-10_20-24-10/06-yosys-synthesis/synthesis.abc.sdc' for ABC…wtaf

2. Executing Verilog-2005 frontend: /mnt/d/open_source_asic_flow/src/my_design.v
Parsing SystemVerilog input from `/mnt/d/open_source_asic_flow/src/my_design.v' to AST representation.
Storing AST representation for module `$abstract\my_design'.
Successfully finished Verilog frontend.

3. Executing HIERARCHY pass (managing design hierarchy).

4. Executing AST frontend in derive mode using pre-parsed AST for module `\my_design'.
Generating RTLIL representation for module `\my_design'.

4.1. Analyzing design hierarchy..
Top module:  \my_design

4.2. Analyzing design hierarchy..
Top module:  \my_design
Removing unused module `$abstract\my_design'.
Removed 1 unused modules.
Renaming module my_design to my_design.

5. Executing ATTRMAP pass (move or copy attributes).

6. Executing TRIBUF pass.

7. Executing HIERARCHY pass (managing design hierarchy).

7.1. Analyzing design hierarchy..
Top module:  \my_design

7.2. Analyzing design hierarchy..
Top module:  \my_design
Removed 0 unused modules.

8. Executing PROC_CLEAN pass (remove empty switches from decision trees).
Cleaned up 0 empty switches.

9. Executing PROC_RMDEAD pass (remove dead branches from decision trees).
Marked 1 switch rules as full_case in process $proc$/mnt/d/open_source_asic_flow/src/my_design.v:10$1 in module my_design.
Removed a total of 0 dead cases.

10. Executing PROC_PRUNE pass (remove redundant assignments in processes).
Removed 1 redundant assignment.
Promoted 0 assignments to connections.

11. Executing PROC_INIT pass (extract init attributes).

12. Executing PROC_ARST pass (detect async resets in processes).
Found async reset \rst in `\my_design.$proc$/mnt/d/open_source_asic_flow/src/my_design.v:10$1'.

13. Executing PROC_ROM pass (convert switches to ROMs).
Converted 0 switches.

14. Executing PROC_MUX pass (convert decision trees to multiplexers).
Creating decoders for process `\my_design.$proc$/mnt/d/open_source_asic_flow/src/my_design.v:10$1'.
     1/1: $0\out[0:0]

15. Executing PROC_DLATCH pass (convert process syncs to latches).

16. Executing PROC_DFF pass (convert process syncs to FFs).
Creating register for signal `\my_design.\out' using process `\my_design.$proc$/mnt/d/open_source_asic_flow/src/my_design.v:10$1'.
  created $adff cell `$procdff$4' with positive edge clock and positive level reset.

17. Executing PROC_MEMWR pass (convert process memory writes to cells).

18. Executing PROC_CLEAN pass (remove empty switches from decision trees).
Removing empty process `my_design.$proc$/mnt/d/open_source_asic_flow/src/my_design.v:10$1'.
Cleaned up 0 empty switches.

19. Executing CHECK pass (checking for obvious problems).
Checking module my_design...
Found and reported 0 problems.

20. Executing OPT_EXPR pass (perform const folding).
Optimizing module my_design.
<suppressed ~1 debug messages>

21. Executing FLATTEN pass (flatten design).

22. Executing OPT_EXPR pass (perform const folding).
Optimizing module my_design.

23. Executing OPT_CLEAN pass (remove unused cells and wires).
Finding unused cells or wires in module \my_design..
Removed 0 unused cells and 2 unused wires.
<suppressed ~1 debug messages>

24. Executing OPT_EXPR pass (perform const folding).
Optimizing module my_design.

25. Executing OPT_MERGE pass (detect identical cells).
Finding identical cells in module `\my_design'.
Computing hashes of 1 cells of `\my_design'.
Finding duplicate cells in `\my_design'.
Removed a total of 0 cells.

26. Executing OPT_MUXTREE pass (detect dead branches in mux trees).
Running muxtree optimizer on module \my_design..
  Creating internal representation of mux trees.
  No muxes found in this module.
Removed 0 multiplexer ports.

27. Executing OPT_REDUCE pass (consolidate $*mux and $reduce_* inputs).
  Optimizing cells in module \my_design.
Performed a total of 0 changes.

28. Executing OPT_MERGE pass (detect identical cells).
Finding identical cells in module `\my_design'.
Computing hashes of 1 cells of `\my_design'.
Finding duplicate cells in `\my_design'.
Removed a total of 0 cells.

29. Executing OPT_DFF pass (perform DFF optimizations).

30. Executing OPT_CLEAN pass (remove unused cells and wires).
Finding unused cells or wires in module \my_design..

31. Executing OPT_EXPR pass (perform const folding).
Optimizing module my_design.

32. Executing FSM pass (extract and optimize FSM).

32.1. Executing FSM_DETECT pass (finding FSMs in design).

32.2. Executing FSM_EXTRACT pass (extracting FSM from design).

32.3. Executing FSM_OPT pass (simple optimizations of FSMs).

32.4. Executing OPT_CLEAN pass (remove unused cells and wires).
Finding unused cells or wires in module \my_design..

32.5. Executing FSM_OPT pass (simple optimizations of FSMs).

32.6. Executing FSM_RECODE pass (re-assigning FSM state encoding).

32.7. Executing FSM_INFO pass (dumping all available information on FSM cells).

32.8. Executing FSM_MAP pass (mapping FSMs to basic logic).

33. Executing OPT_EXPR pass (perform const folding).
Optimizing module my_design.

34. Executing OPT_MERGE pass (detect identical cells).
Finding identical cells in module `\my_design'.
Computing hashes of 1 cells of `\my_design'.
Finding duplicate cells in `\my_design'.
Removed a total of 0 cells.

35. Executing OPT_MUXTREE pass (detect dead branches in mux trees).
Running muxtree optimizer on module \my_design..
  Creating internal representation of mux trees.
  No muxes found in this module.
Removed 0 multiplexer ports.

36. Executing OPT_REDUCE pass (consolidate $*mux and $reduce_* inputs).
  Optimizing cells in module \my_design.
Performed a total of 0 changes.

37. Executing OPT_MERGE pass (detect identical cells).
Finding identical cells in module `\my_design'.
Computing hashes of 1 cells of `\my_design'.
Finding duplicate cells in `\my_design'.
Removed a total of 0 cells.

38. Executing OPT_DFF pass (perform DFF optimizations).

39. Executing OPT_CLEAN pass (remove unused cells and wires).
Finding unused cells or wires in module \my_design..

40. Executing OPT_EXPR pass (perform const folding).
Optimizing module my_design.

41. Executing WREDUCE pass (reducing word size of cells).

42. Executing PEEPOPT pass (run peephole optimizers).

43. Executing OPT_CLEAN pass (remove unused cells and wires).
Finding unused cells or wires in module \my_design..

44. Executing ALUMACC pass (create $alu and $macc cells).
Extracting $alu and $macc cells in module my_design:
  created 0 $alu and 0 $macc cells.

45. Executing SHARE pass (SAT-based resource sharing).

46. Executing OPT_EXPR pass (perform const folding).
Optimizing module my_design.

47. Executing OPT_MERGE pass (detect identical cells).
Finding identical cells in module `\my_design'.
Computing hashes of 1 cells of `\my_design'.
Finding duplicate cells in `\my_design'.
Removed a total of 0 cells.

48. Executing OPT_MUXTREE pass (detect dead branches in mux trees).
Running muxtree optimizer on module \my_design..
  Creating internal representation of mux trees.
  No muxes found in this module.
Removed 0 multiplexer ports.

49. Executing OPT_REDUCE pass (consolidate $*mux and $reduce_* inputs).
  Optimizing cells in module \my_design.
Performed a total of 0 changes.

50. Executing OPT_MERGE pass (detect identical cells).
Finding identical cells in module `\my_design'.
Computing hashes of 1 cells of `\my_design'.
Finding duplicate cells in `\my_design'.
Removed a total of 0 cells.

51. Executing OPT_DFF pass (perform DFF optimizations).

52. Executing OPT_CLEAN pass (remove unused cells and wires).
Finding unused cells or wires in module \my_design..

53. Executing OPT_EXPR pass (perform const folding).
Optimizing module my_design.

54. Executing MEMORY pass.

54.1. Executing OPT_MEM pass (optimize memories).
Performed a total of 0 transformations.

54.2. Executing OPT_MEM_PRIORITY pass (removing unnecessary memory write priority relations).
Performed a total of 0 transformations.

54.3. Executing OPT_MEM_FEEDBACK pass (finding memory read-to-write feedback paths).

54.4. Executing MEMORY_BMUX2ROM pass (converting muxes to ROMs).

54.5. Executing MEMORY_DFF pass (merging $dff cells to $memrd).

54.6. Executing OPT_CLEAN pass (remove unused cells and wires).
Finding unused cells or wires in module \my_design..

54.7. Executing MEMORY_SHARE pass (consolidating $memrd/$memwr cells).

54.8. Executing OPT_MEM_WIDEN pass (optimize memories where all ports are wide).
Performed a total of 0 transformations.

54.9. Executing OPT_CLEAN pass (remove unused cells and wires).
Finding unused cells or wires in module \my_design..

54.10. Executing MEMORY_COLLECT pass (generating $mem cells).

55. Executing OPT_CLEAN pass (remove unused cells and wires).
Finding unused cells or wires in module \my_design..

56. Executing OPT_EXPR pass (perform const folding).
Optimizing module my_design.

57. Executing OPT_MERGE pass (detect identical cells).
Finding identical cells in module `\my_design'.
Computing hashes of 1 cells of `\my_design'.
Finding duplicate cells in `\my_design'.
Removed a total of 0 cells.

58. Executing OPT_DFF pass (perform DFF optimizations).

59. Executing OPT_CLEAN pass (remove unused cells and wires).
Finding unused cells or wires in module \my_design..

60. Executing MEMORY_MAP pass (converting memories to logic and flip-flops).

61. Executing OPT_EXPR pass (perform const folding).
Optimizing module my_design.

62. Executing OPT_MERGE pass (detect identical cells).
Finding identical cells in module `\my_design'.
Computing hashes of 1 cells of `\my_design'.
Finding duplicate cells in `\my_design'.
Removed a total of 0 cells.

63. Executing OPT_MUXTREE pass (detect dead branches in mux trees).
Running muxtree optimizer on module \my_design..
  Creating internal representation of mux trees.
  No muxes found in this module.
Removed 0 multiplexer ports.

64. Executing OPT_REDUCE pass (consolidate $*mux and $reduce_* inputs).
  Optimizing cells in module \my_design.
Performed a total of 0 changes.

65. Executing OPT_MERGE pass (detect identical cells).
Finding identical cells in module `\my_design'.
Computing hashes of 1 cells of `\my_design'.
Finding duplicate cells in `\my_design'.
Removed a total of 0 cells.

66. Executing OPT_SHARE pass.

67. Executing OPT_DFF pass (perform DFF optimizations).

68. Executing OPT_CLEAN pass (remove unused cells and wires).
Finding unused cells or wires in module \my_design..

69. Executing OPT_EXPR pass (perform const folding).
Optimizing module my_design.

70. Executing TECHMAP pass (map to technology primitives).

70.1. Executing Verilog-2005 frontend: /nix/store/f1q0w7rd0a4ny4hqvfxlhs4cmariidcy-yosys-0.62/bin/../share/yosys/techmap.v
Parsing Verilog input from `/nix/store/f1q0w7rd0a4ny4hqvfxlhs4cmariidcy-yosys-0.62/bin/../share/yosys/techmap.v' to AST representation.
Generating RTLIL representation for module `\_90_simplemap_bool_ops'.
Generating RTLIL representation for module `\_90_simplemap_reduce_ops'.
Generating RTLIL representation for module `\_90_simplemap_logic_ops'.
Generating RTLIL representation for module `\_90_simplemap_compare_ops'.
Generating RTLIL representation for module `\_90_simplemap_various'.
Generating RTLIL representation for module `\_90_simplemap_registers'.
Generating RTLIL representation for module `\_90_shift_ops_shr_shl_sshl_sshr'.
Generating RTLIL representation for module `\_90_shift_shiftx'.
Generating RTLIL representation for module `\_90_fa'.
Generating RTLIL representation for module `\_90_lcu_brent_kung'.
Generating RTLIL representation for module `\_90_alu'.
Generating RTLIL representation for module `\_90_macc'.
Generating RTLIL representation for module `\_90_alumacc'.
Generating RTLIL representation for module `$__div_mod_u'.
Generating RTLIL representation for module `$__div_mod_trunc'.
Generating RTLIL representation for module `\_90_div'.
Generating RTLIL representation for module `\_90_mod'.
Generating RTLIL representation for module `$__div_mod_floor'.
Generating RTLIL representation for module `\_90_divfloor'.
Generating RTLIL representation for module `\_90_modfloor'.
Generating RTLIL representation for module `\_90_pow'.
Generating RTLIL representation for module `\_90_pmux'.
Generating RTLIL representation for module `\_90_demux'.
Generating RTLIL representation for module `\_90_lut'.
Generating RTLIL representation for module `$connect'.
Generating RTLIL representation for module `$input_port'.
Successfully finished Verilog frontend.

70.2. Continuing TECHMAP pass.
Using extmapper simplemap for cells of type $adff.
No more expansions possible.
<suppressed ~78 debug messages>

71. Executing OPT_EXPR pass (perform const folding).
Optimizing module my_design.

72. Executing OPT_MERGE pass (detect identical cells).
Finding identical cells in module `\my_design'.
Computing hashes of 1 cells of `\my_design'.
Finding duplicate cells in `\my_design'.
Removed a total of 0 cells.

73. Executing OPT_DFF pass (perform DFF optimizations).

74. Executing OPT_CLEAN pass (remove unused cells and wires).
Finding unused cells or wires in module \my_design..

75. Executing OPT_EXPR pass (perform const folding).
Optimizing module my_design.

76. Executing OPT_MERGE pass (detect identical cells).
Finding identical cells in module `\my_design'.
Computing hashes of 1 cells of `\my_design'.
Finding duplicate cells in `\my_design'.
Removed a total of 0 cells.

77. Executing OPT_DFF pass (perform DFF optimizations).

78. Executing OPT_CLEAN pass (remove unused cells and wires).
Finding unused cells or wires in module \my_design..

79. Executing ABC pass (technology mapping using ABC).

79.1. Extracting gate netlist of module `\my_design' to `<abc-temp-dir>/input.blif'..
Don't call ABC as there is nothing to map.

79.1.1. Executed ABC.
Extracted 0 gates and 0 wires to a netlist network with 0 inputs and 0 outputs.
Removing temp directory.
Removing global temp directory.

80. Executing OPT pass (performing simple optimizations).

80.1. Executing OPT_EXPR pass (perform const folding).
Optimizing module my_design.

80.2. Executing OPT_MERGE pass (detect identical cells).
Finding identical cells in module `\my_design'.
Computing hashes of 1 cells of `\my_design'.
Finding duplicate cells in `\my_design'.
Removed a total of 0 cells.

80.3. Executing OPT_DFF pass (perform DFF optimizations).

80.4. Executing OPT_CLEAN pass (remove unused cells and wires).
Finding unused cells or wires in module \my_design..

80.5. Finished fast OPT passes.

81. Executing HIERARCHY pass (managing design hierarchy).

81.1. Analyzing design hierarchy..
Top module:  \my_design

81.2. Analyzing design hierarchy..
Top module:  \my_design
Removed 0 unused modules.

82. Executing CHECK pass (checking for obvious problems).
Checking module my_design...
Found and reported 0 problems.

83. Printing statistics.

=== my_design ===

        +----------Local Count, excluding submodules.
        | 
        4 wires
        4 wire bits
        4 public wires
        4 public wire bits
        4 ports
        4 port bits
        1 cells
        1   $_DFF_PP0_

84. Executing OPT pass (performing simple optimizations).

84.1. Executing OPT_EXPR pass (perform const folding).
Optimizing module my_design.

84.2. Executing OPT_MERGE pass (detect identical cells).
Finding identical cells in module `\my_design'.
Computing hashes of 1 cells of `\my_design'.
Finding duplicate cells in `\my_design'.
Removed a total of 0 cells.

84.3. Executing OPT_MUXTREE pass (detect dead branches in mux trees).
Running muxtree optimizer on module \my_design..
  Creating internal representation of mux trees.
  No muxes found in this module.
Removed 0 multiplexer ports.

84.4. Executing OPT_REDUCE pass (consolidate $*mux and $reduce_* inputs).
  Optimizing cells in module \my_design.
Performed a total of 0 changes.

84.5. Executing OPT_MERGE pass (detect identical cells).
Finding identical cells in module `\my_design'.
Computing hashes of 1 cells of `\my_design'.
Finding duplicate cells in `\my_design'.
Removed a total of 0 cells.

84.6. Executing OPT_DFF pass (perform DFF optimizations).

84.7. Executing OPT_CLEAN pass (remove unused cells and wires).
Finding unused cells or wires in module \my_design..

84.8. Executing OPT_EXPR pass (perform const folding).
Optimizing module my_design.

84.9. Finished fast OPT passes. (There is nothing left to do.)

85. Executing OPT_CLEAN pass (remove unused cells and wires).
Finding unused cells or wires in module \my_design..
{
   "creator": "Yosys 0.62 (git sha1 7326bb7d6641500ecb285c291a54a662cb1e76cf, clang++ 21.1.2 -fPIC -O3)",
   "invocation": "stat -json -liberty /mnt/d/open_source_asic_flow/runs/RUN_2026-06-10_20-24-10/tmp/39e499a4052246c9b8df229b8a15d868.lib ",
   "modules": {
      "\\my_design": {
         "num_wires":         4,
         "num_wire_bits":     4,
         "num_pub_wires":     4,
         "num_pub_wire_bits": 4,
         "num_ports":         4,
         "num_port_bits":     4,
         "num_memories":      0,
         "num_memory_bits":   0,
         "num_processes":     0,
         "num_cells":         1,
         "num_submodules":       0,
         "num_cells_by_type": {
            "$_DFF_PP0_": 1
         }
      }
   },
      "design": {
         "num_wires":         4,
         "num_wire_bits":     4,
         "num_pub_wires":     4,
         "num_pub_wire_bits": 4,
         "num_ports":         4,
         "num_port_bits":     4,
         "num_memories":      0,
         "num_memory_bits":   0,
         "num_processes":     0,
         "num_cells":         1,
         "num_submodules":       0,
         "num_cells_by_type": {
            "$_DFF_PP0_": 1
         }
      }
}

86. Printing statistics.

=== my_design ===

        +----------Local Count, excluding submodules.
        | 
        4 wires
        4 wire bits
        4 public wires
        4 public wire bits
        4 ports
        4 port bits
        1 cells
        1   $_DFF_PP0_

   Area for cell type $_DFF_PP0_ is unknown!

[INFO] Applying tri-state buffer mapping from '/home/nota/.ciel/ciel/sky130/versions/8afc8346a57fe1ab7934ba5a6056ea8b43078e71/sky130A/libs.tech/openlane/sky130_fd_sc_hd/tribuff_map.v'…

87. Executing TECHMAP pass (map to technology primitives).

87.1. Executing Verilog-2005 frontend: /home/nota/.ciel/ciel/sky130/versions/8afc8346a57fe1ab7934ba5a6056ea8b43078e71/sky130A/libs.tech/openlane/sky130_fd_sc_hd/tribuff_map.v
Parsing Verilog input from `/home/nota/.ciel/ciel/sky130/versions/8afc8346a57fe1ab7934ba5a6056ea8b43078e71/sky130A/libs.tech/openlane/sky130_fd_sc_hd/tribuff_map.v' to AST representation.
Generating RTLIL representation for module `$_TBUF_'.
Successfully finished Verilog frontend.

87.2. Continuing TECHMAP pass.
No more expansions possible.
<suppressed ~3 debug messages>

88. Executing SIMPLEMAP pass (map simple cells to gate primitives).
[INFO] Applying latch mapping from '/home/nota/.ciel/ciel/sky130/versions/8afc8346a57fe1ab7934ba5a6056ea8b43078e71/sky130A/libs.tech/openlane/sky130_fd_sc_hd/latch_map.v'…

89. Executing TECHMAP pass (map to technology primitives).

89.1. Executing Verilog-2005 frontend: /home/nota/.ciel/ciel/sky130/versions/8afc8346a57fe1ab7934ba5a6056ea8b43078e71/sky130A/libs.tech/openlane/sky130_fd_sc_hd/latch_map.v
Parsing Verilog input from `/home/nota/.ciel/ciel/sky130/versions/8afc8346a57fe1ab7934ba5a6056ea8b43078e71/sky130A/libs.tech/openlane/sky130_fd_sc_hd/latch_map.v' to AST representation.
Generating RTLIL representation for module `$_DLATCH_P_'.
Generating RTLIL representation for module `$_DLATCH_N_'.
Successfully finished Verilog frontend.

89.2. Continuing TECHMAP pass.
No more expansions possible.
<suppressed ~4 debug messages>

90. Executing SIMPLEMAP pass (map simple cells to gate primitives).

91. Executing DFFLIBMAP pass (mapping DFF cells to sequential cells from liberty file).
  cell sky130_fd_sc_hd__dfxtp_2 (noninv, pins=3, area=21.27) is a direct match for cell type $_DFF_P_.
  cell sky130_fd_sc_hd__dfrtp_2 (noninv, pins=4, area=26.28) is a direct match for cell type $_DFF_PN0_.
  cell sky130_fd_sc_hd__dfstp_2 (noninv, pins=4, area=26.28) is a direct match for cell type $_DFF_PN1_.
  cell sky130_fd_sc_hd__dfbbn_2 (noninv, pins=6, area=35.03) is a direct match for cell type $_DFFSR_NNN_.
  final dff cell mappings:
    unmapped dff cell: $_DFF_N_
    \sky130_fd_sc_hd__dfxtp_2 _DFF_P_ (.CLK( C), .D( D), .Q( Q));
    unmapped dff cell: $_DFF_NN0_
    unmapped dff cell: $_DFF_NN1_
    unmapped dff cell: $_DFF_NP0_
    unmapped dff cell: $_DFF_NP1_
    \sky130_fd_sc_hd__dfrtp_2 _DFF_PN0_ (.CLK( C), .D( D), .Q( Q), .RESET_B( R));
    \sky130_fd_sc_hd__dfstp_2 _DFF_PN1_ (.CLK( C), .D( D), .Q( Q), .SET_B( R));
    unmapped dff cell: $_DFF_PP0_
    unmapped dff cell: $_DFF_PP1_
    unmapped dff cell: $_DFFE_NN_
    unmapped dff cell: $_DFFE_NP_
    unmapped dff cell: $_DFFE_PN_
    unmapped dff cell: $_DFFE_PP_
    \sky130_fd_sc_hd__dfbbn_2 _DFFSR_NNN_ (.CLK_N( C), .D( D), .Q( Q), .Q_N(~Q), .RESET_B( R), .SET_B( S));
    unmapped dff cell: $_DFFSR_NNP_
    unmapped dff cell: $_DFFSR_NPN_
    unmapped dff cell: $_DFFSR_NPP_
    unmapped dff cell: $_DFFSR_PNN_
    unmapped dff cell: $_DFFSR_PNP_
    unmapped dff cell: $_DFFSR_PPN_
    unmapped dff cell: $_DFFSR_PPP_

91.1. Executing DFFLEGALIZE pass (convert FFs to types supported by the target).
Mapping DFF cells in module `\my_design':
  mapped 1 $_DFF_PN0_ cells to \sky130_fd_sc_hd__dfrtp_2 cells.
{
   "creator": "Yosys 0.62 (git sha1 7326bb7d6641500ecb285c291a54a662cb1e76cf, clang++ 21.1.2 -fPIC -O3)",
   "invocation": "stat -json -liberty /mnt/d/open_source_asic_flow/runs/RUN_2026-06-10_20-24-10/tmp/39e499a4052246c9b8df229b8a15d868.lib ",
   "modules": {
      "\\my_design": {
         "num_wires":         5,
         "num_wire_bits":     5,
         "num_pub_wires":     4,
         "num_pub_wire_bits": 4,
         "num_ports":         4,
         "num_port_bits":     4,
         "num_memories":      0,
         "num_memory_bits":   0,
         "num_processes":     0,
         "num_cells":         2,
         "num_submodules":       0,
         "area":              26.275200,
         "sequential_area":    26.275200,
         "num_cells_by_type": {
            "$_NOT_": 1,
            "sky130_fd_sc_hd__dfrtp_2": 1
         }
      }
   },
      "design": {
         "num_wires":         5,
         "num_wire_bits":     5,
         "num_pub_wires":     4,
         "num_pub_wire_bits": 4,
         "num_ports":         4,
         "num_port_bits":     4,
         "num_memories":      0,
         "num_memory_bits":   0,
         "num_processes":     0,
         "num_cells":         2,
         "num_submodules":       0,
         "area":              26.275200,
         "sequential_area":    26.275200,
         "num_cells_by_type": {
            "$_NOT_": 1,
            "sky130_fd_sc_hd__dfrtp_2": 1
         }
      }
}

92. Printing statistics.

=== my_design ===

        +----------Local Count, excluding submodules.
        |        +-Local Area, excluding submodules.
        |        | 
        5        - wires
        5        - wire bits
        4        - public wires
        4        - public wire bits
        4        - ports
        4        - port bits
        2   26.275 cells
        1        -   $_NOT_
        1   26.275   sky130_fd_sc_hd__dfrtp_2

   Area for cell type $_NOT_ is unknown!

   Chip area for module '\my_design': 26.275200
     of which used for sequential elements: 26.275200 (100.00%)

[INFO] Using generated ABC script '/mnt/d/open_source_asic_flow/runs/RUN_2026-06-10_20-24-10/06-yosys-synthesis/AREA_0.abc'…

93. Executing ABC pass (technology mapping using ABC).

93.1. Extracting gate netlist of module `\my_design' to `/tmp/yosys-abc-BpEaOJ/input.blif'..

93.1.1. Executed ABC.
Extracted 1 gates and 2 wires to a netlist network with 1 inputs and 1 outputs.
Running ABC script: /tmp/yosys-abc-BpEaOJ/abc.script
ABC: ======== ABC command line "source /tmp/yosys-abc-BpEaOJ/abc.script"
ABC: + read_blif /tmp/yosys-abc-BpEaOJ/input.blif 
ABC: + read_lib -w /mnt/d/open_source_asic_flow/runs/RUN_2026-06-10_20-24-10/tmp/39e499a4052246c9b8df229b8a15d868.lib 
ABC: Parsing finished successfully.  Parsing time =     0.05 sec
ABC: Scl_LibertyReadGenlib() skipped sequential cell "sky130_fd_sc_hd__dfbbn_2".
ABC: Scl_LibertyReadGenlib() skipped sequential cell "sky130_fd_sc_hd__dfrbp_2".
ABC: Scl_LibertyReadGenlib() skipped sequential cell "sky130_fd_sc_hd__dfrtp_2".
ABC: Scl_LibertyReadGenlib() skipped sequential cell "sky130_fd_sc_hd__dfrtp_4".
ABC: Scl_LibertyReadGenlib() skipped sequential cell "sky130_fd_sc_hd__dfsbp_2".
ABC: Scl_LibertyReadGenlib() skipped sequential cell "sky130_fd_sc_hd__dfstp_2".
ABC: Scl_LibertyReadGenlib() skipped sequential cell "sky130_fd_sc_hd__dfstp_4".
ABC: Scl_LibertyReadGenlib() skipped sequential cell "sky130_fd_sc_hd__dfxbp_2".
ABC: Scl_LibertyReadGenlib() skipped sequential cell "sky130_fd_sc_hd__dfxtp_2".
ABC: Scl_LibertyReadGenlib() skipped sequential cell "sky130_fd_sc_hd__dfxtp_4".
ABC: Scl_LibertyReadGenlib() skipped sequential cell "sky130_fd_sc_hd__dlxtn_1".
ABC: Scl_LibertyReadGenlib() skipped sequential cell "sky130_fd_sc_hd__dlxtn_2".
ABC: Scl_LibertyReadGenlib() skipped sequential cell "sky130_fd_sc_hd__dlxtn_4".
ABC: Scl_LibertyReadGenlib() skipped sequential cell "sky130_fd_sc_hd__dlxtp_1".
ABC: Scl_LibertyReadGenlib() skipped three-state cell "sky130_fd_sc_hd__ebufn_2".
ABC: Scl_LibertyReadGenlib() skipped three-state cell "sky130_fd_sc_hd__ebufn_4".
ABC: Scl_LibertyReadGenlib() skipped three-state cell "sky130_fd_sc_hd__ebufn_8".
ABC: Library "sky130_fd_sc_hd__tt_025C_1v80" from "/mnt/d/open_source_asic_flow/runs/RUN_2026-06-10_20-24-10/tmp/39e499a4052246c9b8df229b8a15d868.lib" has 175 cells (17 skipped: 14 seq; 3 tri-state; 0 no func; 0 dont_use; 0 with 2 outputs; 0 with 3+ outputs).  Time =     0.08 sec
ABC: Memory =    9.54 MB. Time =     0.08 sec
ABC: Warning: Detected 2 multi-output cells (for example, "sky130_fd_sc_hd__fa_1").
ABC: + read_constr -v /mnt/d/open_source_asic_flow/runs/RUN_2026-06-10_20-24-10/06-yosys-synthesis/synthesis.abc.sdc 
ABC: Setting driving cell to be "sky130_fd_sc_hd__inv_2/Y".
ABC: Setting output load to be 33.442001.
ABC: + source /mnt/d/open_source_asic_flow/runs/RUN_2026-06-10_20-24-10/06-yosys-synthesis/AREA_0.abc 
ABC: Error: The network is combinational.
ABC: Cannot find the default PI driving cell (sky130_fd_sc_hd__inv_2/Y) in the library.
ABC: WireLoad = "none"  Gates =      1 (100.0 %)   Cap = 19.0 ff ( 12.5 %)   Area =        3.75 (  0.0 %)   Delay =   118.84 ps  (100.0 %)               
ABC: Path  0 --       1 : 0    1 pi                     A =   0.00  Df =   0.0   -0.0 ps  S =   0.0 ps  Cin =  0.0 ff  Cout =   4.6 ff  Cmax =   0.0 ff  G =    0  
ABC: Path  1 --       3 : 1    1 sky130_fd_sc_hd__inv_2 A =   3.75  Df = 118.8  -57.1 ps  S = 157.7 ps  Cin =  4.5 ff  Cout =  33.4 ff  Cmax = 331.4 ff  G =  749  
ABC: Start-point = pi0 (\rst).  End-point = po0 ($auto$rtlil.cc:3574:NotGate$84).
ABC: netlist                       : i/o =    1/    1  lat =    0  nd =     1  edge =      1  area = 3.75  delay = 1.00  lev = 1
ABC: + write_blif /tmp/yosys-abc-BpEaOJ/output.blif 

93.1.2. Re-integrating ABC results.
ABC RESULTS:   sky130_fd_sc_hd__inv_2 cells:        1
ABC RESULTS:        internal signals:        0
ABC RESULTS:           input signals:        1
ABC RESULTS:          output signals:        1
Removing temp directory.
Removing global temp directory.

94. Executing SETUNDEF pass (replace undef values with defined constants).

95. Executing HILOMAP pass (mapping to constant drivers).

96. Executing SPLITNETS pass (splitting up multi-bit signals).

97. Executing OPT_CLEAN pass (remove unused cells and wires).
Finding unused cells or wires in module \my_design..
Removed 0 unused cells and 2 unused wires.
<suppressed ~1 debug messages>

98. Executing INSBUF pass (insert buffer cells for connected wires).

99. Executing CHECK pass (checking for obvious problems).
Checking module my_design...
Found and reported 0 problems.
{
   "creator": "Yosys 0.62 (git sha1 7326bb7d6641500ecb285c291a54a662cb1e76cf, clang++ 21.1.2 -fPIC -O3)",
   "invocation": "stat -json -liberty /mnt/d/open_source_asic_flow/runs/RUN_2026-06-10_20-24-10/tmp/39e499a4052246c9b8df229b8a15d868.lib ",
   "modules": {
      "\\my_design": {
         "num_wires":         5,
         "num_wire_bits":     5,
         "num_pub_wires":     4,
         "num_pub_wire_bits": 4,
         "num_ports":         4,
         "num_port_bits":     4,
         "num_memories":      0,
         "num_memory_bits":   0,
         "num_processes":     0,
         "num_cells":         2,
         "num_submodules":       0,
         "area":              30.028800,
         "sequential_area":    26.275200,
         "num_cells_by_type": {
            "sky130_fd_sc_hd__dfrtp_2": 1,
            "sky130_fd_sc_hd__inv_2": 1
         }
      }
   },
      "design": {
         "num_wires":         5,
         "num_wire_bits":     5,
         "num_pub_wires":     4,
         "num_pub_wire_bits": 4,
         "num_ports":         4,
         "num_port_bits":     4,
         "num_memories":      0,
         "num_memory_bits":   0,
         "num_processes":     0,
         "num_cells":         2,
         "num_submodules":       0,
         "area":              30.028800,
         "sequential_area":    26.275200,
         "num_cells_by_type": {
            "sky130_fd_sc_hd__dfrtp_2": 1,
            "sky130_fd_sc_hd__inv_2": 1
         }
      }
}

100. Printing statistics.

=== my_design ===

        +----------Local Count, excluding submodules.
        |        +-Local Area, excluding submodules.
        |        | 
        5        - wires
        5        - wire bits
        4        - public wires
        4        - public wire bits
        4        - ports
        4        - port bits
        2   30.029 cells
        1   26.275   sky130_fd_sc_hd__dfrtp_2
        1    3.754   sky130_fd_sc_hd__inv_2

   Chip area for module '\my_design': 30.028800
     of which used for sequential elements: 26.275200 (87.50%)

101. Executing Verilog backend.
Dumping module `\my_design'.

102. Executing JSON backend.
