Reading timing models for corner nom_tt_025C_1v80…
Reading timing library for the 'nom_tt_025C_1v80' corner at '/home/nota/.ciel/ciel/sky130/versions/8afc8346a57fe1ab7934ba5a6056ea8b43078e71/sky130A/libs.ref/sky130_fd_sc_hd/lib/sky130_fd_sc_hd__tt_025C_1v80.lib'…
Reading OpenROAD database at '/mnt/d/open_source_asic_flow/runs/RUN_2026-06-10_20-24-10/42-openroad-repairantennas/1-openroad-diodeinsertion/my_design.odb'…
Reading design constraints file at '/nix/store/1w3x9nqi5r9klp1gj3r8yh66vvf8bfpf-python3-3.13.9-env/lib/python3.13/site-packages/librelane/scripts/base.sdc'…
[INFO] Using clock clk…
[INFO] Setting output delay to: 2
[INFO] Setting input delay to: 2
[INFO] Setting load to: 0.033442
[INFO] Setting clock uncertainty to: 0.25
[INFO] Setting clock transition to: 0.1499999999999999944488848768742172978818416595458984375
[INFO] Setting timing derate to: 5%
%OL_CREATE_REPORT min.rpt

===========================================================================
report_checks -path_delay min (Hold)
============================================================================
======================= nom_tt_025C_1v80 Corner ===================================

Startpoint: rst (input port clocked by clk)
Endpoint: _2_ (removal check against rising-edge clock clk)
Path Group: asynchronous
Path Type: min

Fanout         Cap        Slew       Delay        Time   Description
---------------------------------------------------------------------------------------------
                                  0.000000    0.000000   clock clk (rise edge)
                                  0.000000    0.000000   clock network delay (propagated)
                                  2.000000    2.000000 v input external delay
     1    0.003204    0.009569    0.005123    2.005123 v rst (in)
                                                         rst (net)
                      0.009570    0.000000    2.005123 v input2/A (sky130_fd_sc_hd__clkdlybuf4s25_1)
     1    0.005988    0.060540    0.246462    2.251585 v input2/X (sky130_fd_sc_hd__clkdlybuf4s25_1)
                                                         net2 (net)
                      0.060540    0.000239    2.251825 v _1_/A (sky130_fd_sc_hd__inv_2)
     1    0.004702    0.031750    0.053108    2.304933 ^ _1_/Y (sky130_fd_sc_hd__inv_2)
                                                         _0_ (net)
                      0.031753    0.000129    2.305062 ^ _2_/RESET_B (sky130_fd_sc_hd__dfrtp_2)
                                              2.305062   data arrival time

                                  0.000000    0.000000   clock clk (rise edge)
                                  0.000000    0.000000   clock source latency
     1    0.003590    0.023158    0.013084    0.013084 ^ clk (in)
                                                         clk (net)
                      0.023158    0.000000    0.013084 ^ _2_/CLK (sky130_fd_sc_hd__dfrtp_2)
                                  0.250000    0.263084   clock uncertainty
                                  0.000000    0.263084   clock reconvergence pessimism
                                  0.310627    0.573712   library removal time
                                              0.573712   data required time
---------------------------------------------------------------------------------------------
                                              0.573712   data required time
                                             -2.305062   data arrival time
---------------------------------------------------------------------------------------------
                                              1.731350   slack (MET)


Startpoint: in (input port clocked by clk)
Endpoint: _2_ (rising edge-triggered flip-flop clocked by clk)
Path Group: clk
Path Type: min

Fanout         Cap        Slew       Delay        Time   Description
---------------------------------------------------------------------------------------------
                                  0.000000    0.000000   clock clk (rise edge)
                                  0.000000    0.000000   clock network delay (propagated)
                                  2.000000    2.000000 v input external delay
     1    0.004008    0.011431    0.006485    2.006485 v in (in)
                                                         in (net)
                      0.011437    0.000000    2.006485 v input1/A (sky130_fd_sc_hd__clkdlybuf4s25_1)
     1    0.003163    0.042253    0.229706    2.236191 v input1/X (sky130_fd_sc_hd__clkdlybuf4s25_1)
                                                         net1 (net)
                      0.042253    0.000101    2.236292 v _2_/D (sky130_fd_sc_hd__dfrtp_2)
                                              2.236292   data arrival time

                                  0.000000    0.000000   clock clk (rise edge)
                                  0.000000    0.000000   clock source latency
     1    0.003590    0.023158    0.013084    0.013084 ^ clk (in)
                                                         clk (net)
                      0.023158    0.000000    0.013084 ^ _2_/CLK (sky130_fd_sc_hd__dfrtp_2)
                                  0.250000    0.263084   clock uncertainty
                                  0.000000    0.263084   clock reconvergence pessimism
                                 -0.045977    0.217107   library hold time
                                              0.217107   data required time
---------------------------------------------------------------------------------------------
                                              0.217107   data required time
                                             -2.236292   data arrival time
---------------------------------------------------------------------------------------------
                                              2.019185   slack (MET)


Startpoint: _2_ (rising edge-triggered flip-flop clocked by clk)
Endpoint: out (output port clocked by clk)
Path Group: clk
Path Type: min

Fanout         Cap        Slew       Delay        Time   Description
---------------------------------------------------------------------------------------------
                                  0.000000    0.000000   clock clk (rise edge)
                                  0.000000    0.000000   clock source latency
     1    0.003590    0.023158    0.013084    0.013084 ^ clk (in)
                                                         clk (net)
                      0.023158    0.000000    0.013084 ^ _2_/CLK (sky130_fd_sc_hd__dfrtp_2)
     1    0.003191    0.039303    0.372230    0.385314 v _2_/Q (sky130_fd_sc_hd__dfrtp_2)
                                                         net3 (net)
                      0.039303    0.000080    0.385394 v output3/A (sky130_fd_sc_hd__clkdlybuf4s25_1)
     1    0.034891    0.259764    0.415083    0.800477 v output3/X (sky130_fd_sc_hd__clkdlybuf4s25_1)
                                                         out (net)
                      0.259764    0.000817    0.801294 v out (out)
                                              0.801294   data arrival time

                                  0.000000    0.000000   clock clk (rise edge)
                                  0.000000    0.000000   clock network delay (propagated)
                                  0.250000    0.250000   clock uncertainty
                                  0.000000    0.250000   clock reconvergence pessimism
                                 -2.000000   -1.750000   output external delay
                                             -1.750000   data required time
---------------------------------------------------------------------------------------------
                                             -1.750000   data required time
                                             -0.801294   data arrival time
---------------------------------------------------------------------------------------------
                                              2.551294   slack (MET)



%OL_END_REPORT
%OL_CREATE_REPORT max.rpt

===========================================================================
report_checks -path_delay max (Setup)
============================================================================
======================= nom_tt_025C_1v80 Corner ===================================

Startpoint: _2_ (rising edge-triggered flip-flop clocked by clk)
Endpoint: out (output port clocked by clk)
Path Group: clk
Path Type: max

Fanout         Cap        Slew       Delay        Time   Description
---------------------------------------------------------------------------------------------
                                  0.000000    0.000000   clock clk (rise edge)
                                  0.000000    0.000000   clock source latency
     1    0.003590    0.023158    0.013084    0.013084 ^ clk (in)
                                                         clk (net)
                      0.023158    0.000000    0.013084 ^ _2_/CLK (sky130_fd_sc_hd__dfrtp_2)
     1    0.003416    0.040747    0.325841    0.338925 ^ _2_/Q (sky130_fd_sc_hd__dfrtp_2)
                                                         net3 (net)
                      0.040747    0.000086    0.339012 ^ output3/A (sky130_fd_sc_hd__clkdlybuf4s25_1)
     1    0.034891    0.352207    0.461937    0.800949 ^ output3/X (sky130_fd_sc_hd__clkdlybuf4s25_1)
                                                         out (net)
                      0.352207    0.000817    0.801766 ^ out (out)
                                              0.801766   data arrival time

                                 10.000000   10.000000   clock clk (rise edge)
                                  0.000000   10.000000   clock network delay (propagated)
                                 -0.250000    9.750000   clock uncertainty
                                  0.000000    9.750000   clock reconvergence pessimism
                                 -2.000000    7.750000   output external delay
                                              7.750000   data required time
---------------------------------------------------------------------------------------------
                                              7.750000   data required time
                                             -0.801766   data arrival time
---------------------------------------------------------------------------------------------
                                              6.948234   slack (MET)


Startpoint: in (input port clocked by clk)
Endpoint: _2_ (rising edge-triggered flip-flop clocked by clk)
Path Group: clk
Path Type: max

Fanout         Cap        Slew       Delay        Time   Description
---------------------------------------------------------------------------------------------
                                  0.000000    0.000000   clock clk (rise edge)
                                  0.000000    0.000000   clock network delay (propagated)
                                  2.000000    2.000000 v input external delay
     1    0.004008    0.011431    0.006485    2.006485 v in (in)
                                                         in (net)
                      0.011437    0.000000    2.006485 v input1/A (sky130_fd_sc_hd__clkdlybuf4s25_1)
     1    0.003163    0.042253    0.229706    2.236191 v input1/X (sky130_fd_sc_hd__clkdlybuf4s25_1)
                                                         net1 (net)
                      0.042253    0.000101    2.236292 v _2_/D (sky130_fd_sc_hd__dfrtp_2)
                                              2.236292   data arrival time

                                 10.000000   10.000000   clock clk (rise edge)
                                  0.000000   10.000000   clock source latency
     1    0.003590    0.023158    0.013085   10.013084 ^ clk (in)
                                                         clk (net)
                      0.023158    0.000000   10.013084 ^ _2_/CLK (sky130_fd_sc_hd__dfrtp_2)
                                 -0.250000    9.763084   clock uncertainty
                                  0.000000    9.763084   clock reconvergence pessimism
                                 -0.119340    9.643744   library setup time
                                              9.643744   data required time
---------------------------------------------------------------------------------------------
                                              9.643744   data required time
                                             -2.236292   data arrival time
---------------------------------------------------------------------------------------------
                                              7.407453   slack (MET)


Startpoint: rst (input port clocked by clk)
Endpoint: _2_ (recovery check against rising-edge clock clk)
Path Group: asynchronous
Path Type: max

Fanout         Cap        Slew       Delay        Time   Description
---------------------------------------------------------------------------------------------
                                  0.000000    0.000000   clock clk (rise edge)
                                  0.000000    0.000000   clock network delay (propagated)
                                  2.000000    2.000000 v input external delay
     1    0.003204    0.009569    0.005123    2.005123 v rst (in)
                                                         rst (net)
                      0.009570    0.000000    2.005123 v input2/A (sky130_fd_sc_hd__clkdlybuf4s25_1)
     1    0.005988    0.060540    0.246462    2.251585 v input2/X (sky130_fd_sc_hd__clkdlybuf4s25_1)
                                                         net2 (net)
                      0.060540    0.000239    2.251825 v _1_/A (sky130_fd_sc_hd__inv_2)
     1    0.004702    0.031750    0.053108    2.304933 ^ _1_/Y (sky130_fd_sc_hd__inv_2)
                                                         _0_ (net)
                      0.031753    0.000129    2.305062 ^ _2_/RESET_B (sky130_fd_sc_hd__dfrtp_2)
                                              2.305062   data arrival time

                                 10.000000   10.000000   clock clk (rise edge)
                                  0.000000   10.000000   clock source latency
     1    0.003590    0.023158    0.013085   10.013084 ^ clk (in)
                                                         clk (net)
                      0.023158    0.000000   10.013084 ^ _2_/CLK (sky130_fd_sc_hd__dfrtp_2)
                                 -0.250000    9.763084   clock uncertainty
                                  0.000000    9.763084   clock reconvergence pessimism
                                  0.216447    9.979532   library recovery time
                                              9.979532   data required time
---------------------------------------------------------------------------------------------
                                              9.979532   data required time
                                             -2.305062   data arrival time
---------------------------------------------------------------------------------------------
                                              7.674470   slack (MET)



%OL_END_REPORT
%OL_CREATE_REPORT checks.rpt

===========================================================================
report_checks -unconstrained
===========================================================================
======================= nom_tt_025C_1v80 Corner ===================================

Startpoint: rst (input port clocked by clk)
Endpoint: _2_ (recovery check against rising-edge clock clk)
Path Group: asynchronous
Path Type: max

Fanout         Cap        Slew       Delay        Time   Description
---------------------------------------------------------------------------------------------
                                  0.000000    0.000000   clock clk (rise edge)
                                  0.000000    0.000000   clock network delay (propagated)
                                  2.000000    2.000000 v input external delay
     1    0.003204    0.009569    0.005123    2.005123 v rst (in)
                                                         rst (net)
                      0.009570    0.000000    2.005123 v input2/A (sky130_fd_sc_hd__clkdlybuf4s25_1)
     1    0.005988    0.060540    0.246462    2.251585 v input2/X (sky130_fd_sc_hd__clkdlybuf4s25_1)
                                                         net2 (net)
                      0.060540    0.000239    2.251825 v _1_/A (sky130_fd_sc_hd__inv_2)
     1    0.004702    0.031750    0.053108    2.304933 ^ _1_/Y (sky130_fd_sc_hd__inv_2)
                                                         _0_ (net)
                      0.031753    0.000129    2.305062 ^ _2_/RESET_B (sky130_fd_sc_hd__dfrtp_2)
                                              2.305062   data arrival time

                                 10.000000   10.000000   clock clk (rise edge)
                                  0.000000   10.000000   clock source latency
     1    0.003590    0.023158    0.013085   10.013084 ^ clk (in)
                                                         clk (net)
                      0.023158    0.000000   10.013084 ^ _2_/CLK (sky130_fd_sc_hd__dfrtp_2)
                                 -0.250000    9.763084   clock uncertainty
                                  0.000000    9.763084   clock reconvergence pessimism
                                  0.216447    9.979532   library recovery time
                                              9.979532   data required time
---------------------------------------------------------------------------------------------
                                              9.979532   data required time
                                             -2.305062   data arrival time
---------------------------------------------------------------------------------------------
                                              7.674470   slack (MET)


Startpoint: _2_ (rising edge-triggered flip-flop clocked by clk)
Endpoint: out (output port clocked by clk)
Path Group: clk
Path Type: max

Fanout         Cap        Slew       Delay        Time   Description
---------------------------------------------------------------------------------------------
                                  0.000000    0.000000   clock clk (rise edge)
                                  0.000000    0.000000   clock source latency
     1    0.003590    0.023158    0.013084    0.013084 ^ clk (in)
                                                         clk (net)
                      0.023158    0.000000    0.013084 ^ _2_/CLK (sky130_fd_sc_hd__dfrtp_2)
     1    0.003416    0.040747    0.325841    0.338925 ^ _2_/Q (sky130_fd_sc_hd__dfrtp_2)
                                                         net3 (net)
                      0.040747    0.000086    0.339012 ^ output3/A (sky130_fd_sc_hd__clkdlybuf4s25_1)
     1    0.034891    0.352207    0.461937    0.800949 ^ output3/X (sky130_fd_sc_hd__clkdlybuf4s25_1)
                                                         out (net)
                      0.352207    0.000817    0.801766 ^ out (out)
                                              0.801766   data arrival time

                                 10.000000   10.000000   clock clk (rise edge)
                                  0.000000   10.000000   clock network delay (propagated)
                                 -0.250000    9.750000   clock uncertainty
                                  0.000000    9.750000   clock reconvergence pessimism
                                 -2.000000    7.750000   output external delay
                                              7.750000   data required time
---------------------------------------------------------------------------------------------
                                              7.750000   data required time
                                             -0.801766   data arrival time
---------------------------------------------------------------------------------------------
                                              6.948234   slack (MET)




===========================================================================
report_checks --slack_max -0.01
============================================================================
======================= nom_tt_025C_1v80 Corner ===================================

No paths found.


===========================================================================
 report_check_types -max_slew -max_cap -max_fanout -violators
============================================================================
======================= nom_tt_025C_1v80 Corner ===================================



===========================================================================
report_parasitic_annotation -report_unannotated
============================================================================
Found 0 unannotated drivers.
Found 0 partially unannotated drivers.

===========================================================================
max slew violation count 0
Writing metric design__max_slew_violation__count__corner:nom_tt_025C_1v80: 0
max fanout violation count 0
Writing metric design__max_fanout_violation__count__corner:nom_tt_025C_1v80: 0
max cap violation count 0
Writing metric design__max_cap_violation__count__corner:nom_tt_025C_1v80: 0
============================================================================

===========================================================================
check_setup -verbose -unconstrained_endpoints -multiple_clock -no_clock -no_input_delay -loops -generated_clocks
===========================================================================
%OL_END_REPORT
%OL_CREATE_REPORT power.rpt

===========================================================================
 report_power
============================================================================
======================= nom_tt_025C_1v80 Corner ===================================

Group                    Internal    Switching      Leakage        Total
                            Power        Power        Power        Power (Watts)
------------------------------------------------------------------------
Sequential           4.333548e-06 5.534410e-08 1.065845e-11 4.388903e-06  72.7%
Combinational        8.480516e-07 7.964869e-07 1.555595e-11 1.644554e-06  27.3%
Clock                0.000000e+00 0.000000e+00 6.480075e-11 6.480075e-11   0.0%
Macro                0.000000e+00 0.000000e+00 0.000000e+00 0.000000e+00   0.0%
Pad                  0.000000e+00 0.000000e+00 0.000000e+00 0.000000e+00   0.0%
------------------------------------------------------------------------
Total                5.181600e-06 8.518310e-07 9.101517e-11 6.033521e-06 100.0%
                            85.9%        14.1%         0.0%
Writing metric power__internal__total: 5.181599590287078e-6
Writing metric power__switching__total: 8.518310323779588e-7
Writing metric power__leakage__total: 9.101516762477502e-11
Writing metric power__total: 6.0335214584483765e-6

%OL_END_REPORT
%OL_CREATE_REPORT skew.min.rpt

===========================================================================
Clock Skew (Hold)
============================================================================
Writing metric clock__skew__worst_hold__corner:nom_tt_025C_1v80: 0.0
======================= nom_tt_025C_1v80 Corner ===================================

Clock clk
No launch/capture paths found.

%OL_END_REPORT
%OL_CREATE_REPORT skew.max.rpt

===========================================================================
Clock Skew (Setup)
============================================================================
Writing metric clock__skew__worst_setup__corner:nom_tt_025C_1v80: 0.0
======================= nom_tt_025C_1v80 Corner ===================================

Clock clk
No launch/capture paths found.

%OL_END_REPORT
%OL_CREATE_REPORT ws.min.rpt

===========================================================================
Worst Slack (Hold)
============================================================================
Writing metric timing__hold__ws__corner:nom_tt_025C_1v80: 1.7313501122824089
nom_tt_025C_1v80: 1.7313501122824089
%OL_END_REPORT
%OL_CREATE_REPORT ws.max.rpt

===========================================================================
Worst Slack (Setup)
============================================================================
Writing metric timing__setup__ws__corner:nom_tt_025C_1v80: 6.948234184678278
nom_tt_025C_1v80: 6.948234184678278
%OL_END_REPORT
%OL_CREATE_REPORT tns.min.rpt

===========================================================================
Total Negative Slack (Hold)
============================================================================
Writing metric timing__hold__tns__corner:nom_tt_025C_1v80: 0.0
nom_tt_025C_1v80: 0.0
%OL_END_REPORT
%OL_CREATE_REPORT tns.max.rpt

===========================================================================
Total Negative Slack (Setup)
============================================================================
Writing metric timing__setup__tns__corner:nom_tt_025C_1v80: 0.0
nom_tt_025C_1v80: 0.0
%OL_END_REPORT
%OL_CREATE_REPORT wns.min.rpt

===========================================================================
Worst Negative Slack (Hold)
============================================================================
Writing metric timing__hold__wns__corner:nom_tt_025C_1v80: 0
nom_tt_025C_1v80: 0
%OL_END_REPORT
%OL_CREATE_REPORT wns.max.rpt

===========================================================================
Worst Negative Slack (Setup)
============================================================================
Writing metric timing__setup__wns__corner:nom_tt_025C_1v80: 0.0
nom_tt_025C_1v80: 0.0
%OL_END_REPORT
%OL_CREATE_REPORT violator_list.rpt

===========================================================================
Violator List
============================================================================
Writing metric timing__hold_vio__count__corner:nom_tt_025C_1v80: 0
Writing metric timing__hold_r2r__ws__corner:nom_tt_025C_1v80: 1e30
Writing metric timing__hold_r2r_vio__count__corner:nom_tt_025C_1v80: 0
Writing metric timing__setup_vio__count__corner:nom_tt_025C_1v80: 0
Writing metric timing__setup_r2r__ws__corner:nom_tt_025C_1v80: 1e30
Writing metric timing__setup_r2r_vio__count__corner:nom_tt_025C_1v80: 0
%OL_END_REPORT
%OL_CREATE_REPORT unpropagated.rpt
%OL_END_REPORT
%OL_CREATE_REPORT clock.rpt
Clock: clk
Sources: clk 
Generated: no
Virtual: yes
Propagated: no
Period: 10.000000

===========================================================================
report_clock_properties
============================================================================
Clock                   Period          Waveform
----------------------------------------------------
clk                  10.000000    0.000000  5.000000

===========================================================================
report_clock_latency
============================================================================
Clock clk
rise -> rise
    min     max
0.000000 0.000000 source latency
0.013084         network latency _2_/CLK
        0.013084 network latency _2_/CLK
---------------
0.013084 0.013084 latency
        0.000000 skew

fall -> fall
    min     max
0.000000 0.000000 source latency
0.005516         network latency _2_/CLK
        0.005516 network latency _2_/CLK
---------------
0.005516 0.005516 latency
        0.000000 skew



===========================================================================
report_clock_min_period
============================================================================
clk period_min = 0.00 fmax = inf
%OL_END_REPORT
