Reading timing models for corner nom_tt_025C_1v80…
Reading timing library for the 'nom_tt_025C_1v80' corner at '/home/nota/.ciel/ciel/sky130/versions/8afc8346a57fe1ab7934ba5a6056ea8b43078e71/sky130A/libs.ref/sky130_fd_sc_hd/lib/sky130_fd_sc_hd__tt_025C_1v80.lib'…
Reading OpenROAD database at '/mnt/d/open_source_asic_flow/runs/RUN_2026-06-10_20-24-10/39-openroad-globalrouting/my_design.odb'…
Reading design constraints file at '/nix/store/1w3x9nqi5r9klp1gj3r8yh66vvf8bfpf-python3-3.13.9-env/lib/python3.13/site-packages/librelane/scripts/base.sdc'…
[INFO] Using clock clk…
[INFO] Setting output delay to: 2
[INFO] Setting input delay to: 2
[INFO] Setting load to: 0.033442
[INFO] Setting clock uncertainty to: 0.25
[INFO] Setting clock transition to: 0.1499999999999999944488848768742172978818416595458984375
[INFO] Setting timing derate to: 5%
+ repair_antennas sky130_fd_sc_hd__diode_2 -iterations 3 -ratio_margin 10
[INFO GRT-0012] Found 0 antenna violations.
Setting global connections for newly added cells…
[INFO] Setting global connections...
[INFO ODB-0403] 0 connections made, 0 conflicts skipped.
Updating metrics…
Cell type report:                       Count       Area
  Fill cell                                20      75.07
  Tap cell                                 12      15.01
  Timing Repair Buffer                      3      30.03
  Inverter                                  1       3.75
  Sequential cell                           1      26.28
  Total                                    37     150.14
Writing OpenROAD database to '/mnt/d/open_source_asic_flow/runs/RUN_2026-06-10_20-24-10/42-openroad-repairantennas/1-openroad-diodeinsertion/my_design.odb'…
Writing layout to '/mnt/d/open_source_asic_flow/runs/RUN_2026-06-10_20-24-10/42-openroad-repairantennas/1-openroad-diodeinsertion/my_design.def'…
