
===========================================================================
report_checks -unconstrained
===========================================================================
======================= min_tt_025C_1v80 Corner ===================================

Startpoint: rst (input port clocked by clk)
Endpoint: _2_ (recovery check against rising-edge clock clk)
Path Group: asynchronous
Path Type: max

Fanout         Cap        Slew       Delay        Time   Description
---------------------------------------------------------------------------------------------
                                  0.000000    0.000000   clock clk (rise edge)
                                  0.000000    0.000000   clock network delay (propagated)
                                  2.000000    2.000000 v input external delay
     1    0.003185    0.009526    0.005074    2.005074 v rst (in)
                                                         rst (net)
                      0.009526    0.000000    2.005074 v input2/A (sky130_fd_sc_hd__clkdlybuf4s25_1)
     1    0.005455    0.056954    0.243262    2.248336 v input2/X (sky130_fd_sc_hd__clkdlybuf4s25_1)
                                                         net2 (net)
                      0.056954    0.000078    2.248415 v _1_/A (sky130_fd_sc_hd__inv_2)
     1    0.004206    0.029188    0.050128    2.298543 ^ _1_/Y (sky130_fd_sc_hd__inv_2)
                                                         _0_ (net)
                      0.029188    0.000041    2.298584 ^ _2_/RESET_B (sky130_fd_sc_hd__dfrtp_2)
                                              2.298584   data arrival time

                                 10.000000   10.000000   clock clk (rise edge)
                                  0.000000   10.000000   clock source latency
     1    0.003769    0.023936    0.013689   10.013690 ^ clk (in)
                                                         clk (net)
                      0.023936    0.000000   10.013690 ^ _2_/CLK (sky130_fd_sc_hd__dfrtp_2)
                                 -0.250000    9.763690   clock uncertainty
                                  0.000000    9.763690   clock reconvergence pessimism
                                  0.217454    9.981143   library recovery time
                                              9.981143   data required time
---------------------------------------------------------------------------------------------
                                              9.981143   data required time
                                             -2.298584   data arrival time
---------------------------------------------------------------------------------------------
                                              7.682559   slack (MET)


Startpoint: _2_ (rising edge-triggered flip-flop clocked by clk)
Endpoint: out (output port clocked by clk)
Path Group: clk
Path Type: max

Fanout         Cap        Slew       Delay        Time   Description
---------------------------------------------------------------------------------------------
                                  0.000000    0.000000   clock clk (rise edge)
                                  0.000000    0.000000   clock source latency
     1    0.003769    0.023936    0.013690    0.013690 ^ clk (in)
                                                         clk (net)
                      0.023936    0.000000    0.013690 ^ _2_/CLK (sky130_fd_sc_hd__dfrtp_2)
     1    0.003137    0.039510    0.324516    0.338206 ^ _2_/Q (sky130_fd_sc_hd__dfrtp_2)
                                                         net3 (net)
                      0.039510    0.000025    0.338231 ^ output3/A (sky130_fd_sc_hd__clkdlybuf4s25_1)
     1    0.034829    0.351505    0.461522    0.799753 ^ output3/X (sky130_fd_sc_hd__clkdlybuf4s25_1)
                                                         out (net)
                      0.351505    0.000209    0.799962 ^ out (out)
                                              0.799962   data arrival time

                                 10.000000   10.000000   clock clk (rise edge)
                                  0.000000   10.000000   clock network delay (propagated)
                                 -0.250000    9.750000   clock uncertainty
                                  0.000000    9.750000   clock reconvergence pessimism
                                 -2.000000    7.750000   output external delay
                                              7.750000   data required time
---------------------------------------------------------------------------------------------
                                              7.750000   data required time
                                             -0.799962   data arrival time
---------------------------------------------------------------------------------------------
                                              6.950037   slack (MET)




===========================================================================
report_checks --slack_max -0.01
============================================================================
======================= min_tt_025C_1v80 Corner ===================================

No paths found.


===========================================================================
 report_check_types -max_slew -max_cap -max_fanout -violators
============================================================================
======================= min_tt_025C_1v80 Corner ===================================



===========================================================================
report_parasitic_annotation -report_unannotated
============================================================================
Found 0 unannotated drivers.
Found 0 partially unannotated drivers.

===========================================================================
max slew violation count 0
max fanout violation count 0
max cap violation count 0
============================================================================

===========================================================================
check_setup -verbose -unconstrained_endpoints -multiple_clock -no_clock -no_input_delay -loops -generated_clocks
===========================================================================
