+ define_corners min_tt_025C_1v80
Reading timing models for corner min_tt_025C_1v80…
Reading cell library for the 'min_tt_025C_1v80' corner at '/home/nota/.ciel/ciel/sky130/versions/8afc8346a57fe1ab7934ba5a6056ea8b43078e71/sky130A/libs.ref/sky130_fd_sc_hd/lib/sky130_fd_sc_hd__tt_025C_1v80.lib'…
Reading top-level netlist at '/mnt/d/open_source_asic_flow/runs/RUN_2026-06-10_20-24-10/52-openroad-fillinsertion/my_design.nl.v'…
Linking design 'my_design' from netlist…
Warning: /mnt/d/open_source_asic_flow/runs/RUN_2026-06-10_20-24-10/52-openroad-fillinsertion/my_design.nl.v line 20, module sky130_fd_sc_hd__fill_1 not found. Creating black box for FILLER_0_27.
Warning: /mnt/d/open_source_asic_flow/runs/RUN_2026-06-10_20-24-10/52-openroad-fillinsertion/my_design.nl.v line 48, module sky130_fd_sc_hd__fill_2 not found. Creating black box for FILLER_1_54.
Warning: /mnt/d/open_source_asic_flow/runs/RUN_2026-06-10_20-24-10/52-openroad-fillinsertion/my_design.nl.v line 220, module sky130_fd_sc_hd__tapvpwrvgnd_1 not found. Creating black box for TAP_TAPCELL_ROW_0_20.
Reading design constraints file at '/nix/store/1w3x9nqi5r9klp1gj3r8yh66vvf8bfpf-python3-3.13.9-env/lib/python3.13/site-packages/librelane/scripts/base.sdc'…
[INFO] Using clock clk…
[INFO] Setting output delay to: 2
[INFO] Setting input delay to: 2
[INFO] Setting load to: 0.033442
[INFO] Setting clock uncertainty to: 0.25
[INFO] Setting clock transition to: 0.1499999999999999944488848768742172978818416595458984375
[INFO] Setting timing derate to: 5%
Reading top-level design parasitics for the 'min_tt_025C_1v80' corner at '/mnt/d/open_source_asic_flow/runs/RUN_2026-06-10_20-24-10/54-openroad-rcx/min/my_design.min.spef'…
%OL_CREATE_REPORT min.rpt

===========================================================================
report_checks -path_delay min (Hold)
============================================================================
======================= min_tt_025C_1v80 Corner ===================================

Startpoint: rst (input port clocked by clk)
Endpoint: _2_ (removal check against rising-edge clock clk)
Path Group: asynchronous
Path Type: min

Fanout         Cap        Slew       Delay        Time   Description
---------------------------------------------------------------------------------------------
                                  0.000000    0.000000   clock clk (rise edge)
                                  0.000000    0.000000   clock network delay (propagated)
                                  2.000000    2.000000 v input external delay
     1    0.003185    0.009526    0.005074    2.005074 v rst (in)
                                                         rst (net)
                      0.009526    0.000000    2.005074 v input2/A (sky130_fd_sc_hd__clkdlybuf4s25_1)
     1    0.005455    0.056954    0.243262    2.248336 v input2/X (sky130_fd_sc_hd__clkdlybuf4s25_1)
                                                         net2 (net)
                      0.056954    0.000078    2.248415 v _1_/A (sky130_fd_sc_hd__inv_2)
     1    0.004206    0.029188    0.050128    2.298543 ^ _1_/Y (sky130_fd_sc_hd__inv_2)
                                                         _0_ (net)
                      0.029188    0.000041    2.298584 ^ _2_/RESET_B (sky130_fd_sc_hd__dfrtp_2)
                                              2.298584   data arrival time

                                  0.000000    0.000000   clock clk (rise edge)
                                  0.000000    0.000000   clock source latency
     1    0.003769    0.023936    0.013690    0.013690 ^ clk (in)
                                                         clk (net)
                      0.023936    0.000000    0.013690 ^ _2_/CLK (sky130_fd_sc_hd__dfrtp_2)
                                  0.250000    0.263690   clock uncertainty
                                  0.000000    0.263690   clock reconvergence pessimism
                                  0.310142    0.573831   library removal time
                                              0.573831   data required time
---------------------------------------------------------------------------------------------
                                              0.573831   data required time
                                             -2.298584   data arrival time
---------------------------------------------------------------------------------------------
                                              1.724753   slack (MET)


Startpoint: in (input port clocked by clk)
Endpoint: _2_ (rising edge-triggered flip-flop clocked by clk)
Path Group: clk
Path Type: min

Fanout         Cap        Slew       Delay        Time   Description
---------------------------------------------------------------------------------------------
                                  0.000000    0.000000   clock clk (rise edge)
                                  0.000000    0.000000   clock network delay (propagated)
                                  2.000000    2.000000 v input external delay
     1    0.003595    0.010476    0.005756    2.005756 v in (in)
                                                         in (net)
                      0.010476    0.000000    2.005756 v input1/A (sky130_fd_sc_hd__clkdlybuf4s25_1)
     1    0.002404    0.037244    0.223709    2.229465 v input1/X (sky130_fd_sc_hd__clkdlybuf4s25_1)
                                                         net1 (net)
                      0.037244    0.000023    2.229488 v _2_/D (sky130_fd_sc_hd__dfrtp_2)
                                              2.229488   data arrival time

                                  0.000000    0.000000   clock clk (rise edge)
                                  0.000000    0.000000   clock source latency
     1    0.003769    0.023936    0.013690    0.013690 ^ clk (in)
                                                         clk (net)
                      0.023936    0.000000    0.013690 ^ _2_/CLK (sky130_fd_sc_hd__dfrtp_2)
                                  0.250000    0.263690   clock uncertainty
                                  0.000000    0.263690   clock reconvergence pessimism
                                 -0.043760    0.219930   library hold time
                                              0.219930   data required time
---------------------------------------------------------------------------------------------
                                              0.219930   data required time
                                             -2.229488   data arrival time
---------------------------------------------------------------------------------------------
                                              2.009558   slack (MET)


Startpoint: _2_ (rising edge-triggered flip-flop clocked by clk)
Endpoint: out (output port clocked by clk)
Path Group: clk
Path Type: min

Fanout         Cap        Slew       Delay        Time   Description
---------------------------------------------------------------------------------------------
                                  0.000000    0.000000   clock clk (rise edge)
                                  0.000000    0.000000   clock source latency
     1    0.003769    0.023936    0.013690    0.013690 ^ clk (in)
                                                         clk (net)
                      0.023936    0.000000    0.013690 ^ _2_/CLK (sky130_fd_sc_hd__dfrtp_2)
     1    0.002912    0.038642    0.370982    0.384672 v _2_/Q (sky130_fd_sc_hd__dfrtp_2)
                                                         net3 (net)
                      0.038642    0.000023    0.384695 v output3/A (sky130_fd_sc_hd__clkdlybuf4s25_1)
     1    0.034829    0.259118    0.414956    0.799651 v output3/X (sky130_fd_sc_hd__clkdlybuf4s25_1)
                                                         out (net)
                      0.259118    0.000209    0.799860 v out (out)
                                              0.799860   data arrival time

                                  0.000000    0.000000   clock clk (rise edge)
                                  0.000000    0.000000   clock network delay (propagated)
                                  0.250000    0.250000   clock uncertainty
                                  0.000000    0.250000   clock reconvergence pessimism
                                 -2.000000   -1.750000   output external delay
                                             -1.750000   data required time
---------------------------------------------------------------------------------------------
                                             -1.750000   data required time
                                             -0.799860   data arrival time
---------------------------------------------------------------------------------------------
                                              2.549860   slack (MET)



%OL_END_REPORT
%OL_CREATE_REPORT max.rpt

===========================================================================
report_checks -path_delay max (Setup)
============================================================================
======================= min_tt_025C_1v80 Corner ===================================

Startpoint: _2_ (rising edge-triggered flip-flop clocked by clk)
Endpoint: out (output port clocked by clk)
Path Group: clk
Path Type: max

Fanout         Cap        Slew       Delay        Time   Description
---------------------------------------------------------------------------------------------
                                  0.000000    0.000000   clock clk (rise edge)
                                  0.000000    0.000000   clock source latency
     1    0.003769    0.023936    0.013690    0.013690 ^ clk (in)
                                                         clk (net)
                      0.023936    0.000000    0.013690 ^ _2_/CLK (sky130_fd_sc_hd__dfrtp_2)
     1    0.003137    0.039510    0.324516    0.338206 ^ _2_/Q (sky130_fd_sc_hd__dfrtp_2)
                                                         net3 (net)
                      0.039510    0.000025    0.338231 ^ output3/A (sky130_fd_sc_hd__clkdlybuf4s25_1)
     1    0.034829    0.351505    0.461522    0.799753 ^ output3/X (sky130_fd_sc_hd__clkdlybuf4s25_1)
                                                         out (net)
                      0.351505    0.000209    0.799962 ^ out (out)
                                              0.799962   data arrival time

                                 10.000000   10.000000   clock clk (rise edge)
                                  0.000000   10.000000   clock network delay (propagated)
                                 -0.250000    9.750000   clock uncertainty
                                  0.000000    9.750000   clock reconvergence pessimism
                                 -2.000000    7.750000   output external delay
                                              7.750000   data required time
---------------------------------------------------------------------------------------------
                                              7.750000   data required time
                                             -0.799962   data arrival time
---------------------------------------------------------------------------------------------
                                              6.950037   slack (MET)


Startpoint: in (input port clocked by clk)
Endpoint: _2_ (rising edge-triggered flip-flop clocked by clk)
Path Group: clk
Path Type: max

Fanout         Cap        Slew       Delay        Time   Description
---------------------------------------------------------------------------------------------
                                  0.000000    0.000000   clock clk (rise edge)
                                  0.000000    0.000000   clock network delay (propagated)
                                  2.000000    2.000000 v input external delay
     1    0.003595    0.010476    0.005756    2.005756 v in (in)
                                                         in (net)
                      0.010476    0.000000    2.005756 v input1/A (sky130_fd_sc_hd__clkdlybuf4s25_1)
     1    0.002404    0.037244    0.223709    2.229465 v input1/X (sky130_fd_sc_hd__clkdlybuf4s25_1)
                                                         net1 (net)
                      0.037244    0.000023    2.229488 v _2_/D (sky130_fd_sc_hd__dfrtp_2)
                                              2.229488   data arrival time

                                 10.000000   10.000000   clock clk (rise edge)
                                  0.000000   10.000000   clock source latency
     1    0.003769    0.023936    0.013689   10.013690 ^ clk (in)
                                                         clk (net)
                      0.023936    0.000000   10.013690 ^ _2_/CLK (sky130_fd_sc_hd__dfrtp_2)
                                 -0.250000    9.763690   clock uncertainty
                                  0.000000    9.763690   clock reconvergence pessimism
                                 -0.116959    9.646730   library setup time
                                              9.646730   data required time
---------------------------------------------------------------------------------------------
                                              9.646730   data required time
                                             -2.229488   data arrival time
---------------------------------------------------------------------------------------------
                                              7.417243   slack (MET)


Startpoint: rst (input port clocked by clk)
Endpoint: _2_ (recovery check against rising-edge clock clk)
Path Group: asynchronous
Path Type: max

Fanout         Cap        Slew       Delay        Time   Description
---------------------------------------------------------------------------------------------
                                  0.000000    0.000000   clock clk (rise edge)
                                  0.000000    0.000000   clock network delay (propagated)
                                  2.000000    2.000000 v input external delay
     1    0.003185    0.009526    0.005074    2.005074 v rst (in)
                                                         rst (net)
                      0.009526    0.000000    2.005074 v input2/A (sky130_fd_sc_hd__clkdlybuf4s25_1)
     1    0.005455    0.056954    0.243262    2.248336 v input2/X (sky130_fd_sc_hd__clkdlybuf4s25_1)
                                                         net2 (net)
                      0.056954    0.000078    2.248415 v _1_/A (sky130_fd_sc_hd__inv_2)
     1    0.004206    0.029188    0.050128    2.298543 ^ _1_/Y (sky130_fd_sc_hd__inv_2)
                                                         _0_ (net)
                      0.029188    0.000041    2.298584 ^ _2_/RESET_B (sky130_fd_sc_hd__dfrtp_2)
                                              2.298584   data arrival time

                                 10.000000   10.000000   clock clk (rise edge)
                                  0.000000   10.000000   clock source latency
     1    0.003769    0.023936    0.013689   10.013690 ^ clk (in)
                                                         clk (net)
                      0.023936    0.000000   10.013690 ^ _2_/CLK (sky130_fd_sc_hd__dfrtp_2)
                                 -0.250000    9.763690   clock uncertainty
                                  0.000000    9.763690   clock reconvergence pessimism
                                  0.217454    9.981143   library recovery time
                                              9.981143   data required time
---------------------------------------------------------------------------------------------
                                              9.981143   data required time
                                             -2.298584   data arrival time
---------------------------------------------------------------------------------------------
                                              7.682559   slack (MET)



%OL_END_REPORT
%OL_CREATE_REPORT checks.rpt

===========================================================================
report_checks -unconstrained
===========================================================================
======================= min_tt_025C_1v80 Corner ===================================

Startpoint: rst (input port clocked by clk)
Endpoint: _2_ (recovery check against rising-edge clock clk)
Path Group: asynchronous
Path Type: max

Fanout         Cap        Slew       Delay        Time   Description
---------------------------------------------------------------------------------------------
                                  0.000000    0.000000   clock clk (rise edge)
                                  0.000000    0.000000   clock network delay (propagated)
                                  2.000000    2.000000 v input external delay
     1    0.003185    0.009526    0.005074    2.005074 v rst (in)
                                                         rst (net)
                      0.009526    0.000000    2.005074 v input2/A (sky130_fd_sc_hd__clkdlybuf4s25_1)
     1    0.005455    0.056954    0.243262    2.248336 v input2/X (sky130_fd_sc_hd__clkdlybuf4s25_1)
                                                         net2 (net)
                      0.056954    0.000078    2.248415 v _1_/A (sky130_fd_sc_hd__inv_2)
     1    0.004206    0.029188    0.050128    2.298543 ^ _1_/Y (sky130_fd_sc_hd__inv_2)
                                                         _0_ (net)
                      0.029188    0.000041    2.298584 ^ _2_/RESET_B (sky130_fd_sc_hd__dfrtp_2)
                                              2.298584   data arrival time

                                 10.000000   10.000000   clock clk (rise edge)
                                  0.000000   10.000000   clock source latency
     1    0.003769    0.023936    0.013689   10.013690 ^ clk (in)
                                                         clk (net)
                      0.023936    0.000000   10.013690 ^ _2_/CLK (sky130_fd_sc_hd__dfrtp_2)
                                 -0.250000    9.763690   clock uncertainty
                                  0.000000    9.763690   clock reconvergence pessimism
                                  0.217454    9.981143   library recovery time
                                              9.981143   data required time
---------------------------------------------------------------------------------------------
                                              9.981143   data required time
                                             -2.298584   data arrival time
---------------------------------------------------------------------------------------------
                                              7.682559   slack (MET)


Startpoint: _2_ (rising edge-triggered flip-flop clocked by clk)
Endpoint: out (output port clocked by clk)
Path Group: clk
Path Type: max

Fanout         Cap        Slew       Delay        Time   Description
---------------------------------------------------------------------------------------------
                                  0.000000    0.000000   clock clk (rise edge)
                                  0.000000    0.000000   clock source latency
     1    0.003769    0.023936    0.013690    0.013690 ^ clk (in)
                                                         clk (net)
                      0.023936    0.000000    0.013690 ^ _2_/CLK (sky130_fd_sc_hd__dfrtp_2)
     1    0.003137    0.039510    0.324516    0.338206 ^ _2_/Q (sky130_fd_sc_hd__dfrtp_2)
                                                         net3 (net)
                      0.039510    0.000025    0.338231 ^ output3/A (sky130_fd_sc_hd__clkdlybuf4s25_1)
     1    0.034829    0.351505    0.461522    0.799753 ^ output3/X (sky130_fd_sc_hd__clkdlybuf4s25_1)
                                                         out (net)
                      0.351505    0.000209    0.799962 ^ out (out)
                                              0.799962   data arrival time

                                 10.000000   10.000000   clock clk (rise edge)
                                  0.000000   10.000000   clock network delay (propagated)
                                 -0.250000    9.750000   clock uncertainty
                                  0.000000    9.750000   clock reconvergence pessimism
                                 -2.000000    7.750000   output external delay
                                              7.750000   data required time
---------------------------------------------------------------------------------------------
                                              7.750000   data required time
                                             -0.799962   data arrival time
---------------------------------------------------------------------------------------------
                                              6.950037   slack (MET)




===========================================================================
report_checks --slack_max -0.01
============================================================================
======================= min_tt_025C_1v80 Corner ===================================

No paths found.


===========================================================================
 report_check_types -max_slew -max_cap -max_fanout -violators
============================================================================
======================= min_tt_025C_1v80 Corner ===================================



===========================================================================
report_parasitic_annotation -report_unannotated
============================================================================
Found 0 unannotated drivers.
Found 0 partially unannotated drivers.

===========================================================================
max slew violation count 0
%OL_METRIC_I design__max_slew_violation__count__corner:min_tt_025C_1v80 0
max fanout violation count 0
%OL_METRIC_I design__max_fanout_violation__count__corner:min_tt_025C_1v80 0
max cap violation count 0
%OL_METRIC_I design__max_cap_violation__count__corner:min_tt_025C_1v80 0
============================================================================

===========================================================================
check_setup -verbose -unconstrained_endpoints -multiple_clock -no_clock -no_input_delay -loops -generated_clocks
===========================================================================
%OL_END_REPORT
%OL_CREATE_REPORT power.rpt

===========================================================================
 report_power
============================================================================
======================= min_tt_025C_1v80 Corner ===================================

Group                    Internal    Switching      Leakage        Total
                            Power        Power        Power        Power (Watts)
------------------------------------------------------------------------
Sequential           4.332559e-06 5.081369e-08 1.065845e-11 4.383383e-06  73.1%
Combinational        8.468073e-07 7.665323e-07 1.555595e-11 1.613355e-06  26.9%
Clock                0.000000e+00 0.000000e+00 5.929267e-10 5.929267e-10   0.0%
Macro                0.000000e+00 0.000000e+00 0.000000e+00 0.000000e+00   0.0%
Pad                  0.000000e+00 0.000000e+00 0.000000e+00 0.000000e+00   0.0%
------------------------------------------------------------------------
Total                5.179367e-06 8.173460e-07 6.191412e-10 5.997332e-06 100.0%
                            86.4%        13.6%         0.0%
%OL_METRIC_F power__internal__total 5.179366780794226e-6
%OL_METRIC_F power__switching__total 8.17346005987929e-7
%OL_METRIC_F power__leakage__total 6.1914118276718e-10
%OL_METRIC_F power__total 5.997332209517481e-6

%OL_END_REPORT
%OL_CREATE_REPORT skew.min.rpt

===========================================================================
Clock Skew (Hold)
============================================================================
%OL_METRIC_F clock__skew__worst_hold__corner:min_tt_025C_1v80 0.0
======================= min_tt_025C_1v80 Corner ===================================

Clock clk
No launch/capture paths found.

%OL_END_REPORT
%OL_CREATE_REPORT skew.max.rpt

===========================================================================
Clock Skew (Setup)
============================================================================
%OL_METRIC_F clock__skew__worst_setup__corner:min_tt_025C_1v80 0.0
======================= min_tt_025C_1v80 Corner ===================================

Clock clk
No launch/capture paths found.

%OL_END_REPORT
%OL_CREATE_REPORT ws.min.rpt

===========================================================================
Worst Slack (Hold)
============================================================================
%OL_METRIC_F timing__hold__ws__corner:min_tt_025C_1v80 1.724752500749678
min_tt_025C_1v80: 1.724752500749678
%OL_END_REPORT
%OL_CREATE_REPORT ws.max.rpt

===========================================================================
Worst Slack (Setup)
============================================================================
%OL_METRIC_F timing__setup__ws__corner:min_tt_025C_1v80 6.950037631010484
min_tt_025C_1v80: 6.950037631010484
%OL_END_REPORT
%OL_CREATE_REPORT tns.min.rpt

===========================================================================
Total Negative Slack (Hold)
============================================================================
%OL_METRIC_F timing__hold__tns__corner:min_tt_025C_1v80 0.0
min_tt_025C_1v80: 0.0
%OL_END_REPORT
%OL_CREATE_REPORT tns.max.rpt

===========================================================================
Total Negative Slack (Setup)
============================================================================
%OL_METRIC_F timing__setup__tns__corner:min_tt_025C_1v80 0.0
min_tt_025C_1v80: 0.0
%OL_END_REPORT
%OL_CREATE_REPORT wns.min.rpt

===========================================================================
Worst Negative Slack (Hold)
============================================================================
%OL_METRIC_F timing__hold__wns__corner:min_tt_025C_1v80 0
min_tt_025C_1v80: 0
%OL_END_REPORT
%OL_CREATE_REPORT wns.max.rpt

===========================================================================
Worst Negative Slack (Setup)
============================================================================
%OL_METRIC_F timing__setup__wns__corner:min_tt_025C_1v80 0.0
min_tt_025C_1v80: 0.0
%OL_END_REPORT
%OL_CREATE_REPORT violator_list.rpt

===========================================================================
Violator List
============================================================================
%OL_METRIC_I timing__hold_vio__count__corner:min_tt_025C_1v80 0
%OL_METRIC_F timing__hold_r2r__ws__corner:min_tt_025C_1v80 inf
%OL_METRIC_I timing__hold_r2r_vio__count__corner:min_tt_025C_1v80 0
%OL_METRIC_I timing__setup_vio__count__corner:min_tt_025C_1v80 0
%OL_METRIC_F timing__setup_r2r__ws__corner:min_tt_025C_1v80 inf
%OL_METRIC_I timing__setup_r2r_vio__count__corner:min_tt_025C_1v80 0
%OL_END_REPORT
%OL_CREATE_REPORT unpropagated.rpt
%OL_END_REPORT
%OL_CREATE_REPORT clock.rpt
Clock: clk
Sources: clk 
Generated: no
Virtual: yes
Propagated: no
Period: 10.000000

===========================================================================
report_clock_properties
============================================================================
Clock                   Period          Waveform
----------------------------------------------------
clk                  10.000000    0.000000  5.000000

===========================================================================
report_clock_latency
============================================================================
Clock clk
rise -> rise
    min     max
0.000000 0.000000 source latency
0.013690         network latency _2_/CLK
        0.013690 network latency _2_/CLK
---------------
0.013690 0.013690 latency
        0.000000 skew

fall -> fall
    min     max
0.000000 0.000000 source latency
0.005798         network latency _2_/CLK
        0.005798 network latency _2_/CLK
---------------
0.005798 0.005798 latency
        0.000000 skew



===========================================================================
report_clock_min_period
============================================================================
clk period_min = 0.00 fmax = inf
%OL_END_REPORT
Writing SDF files for all corners…
Removing Clock latencies before writing libs…
Writing timing models for all corners…
Writing timing models for the min_tt_025C_1v80 corner to /mnt/d/open_source_asic_flow/runs/RUN_2026-06-10_20-24-10/55-openroad-stapostpnr/min_tt_025C_1v80/my_design__min_tt_025C_1v80.lib…
