Reading timing models for corner nom_tt_025C_1v80…
Reading timing library for the 'nom_tt_025C_1v80' corner at '/home/nota/.ciel/ciel/sky130/versions/8afc8346a57fe1ab7934ba5a6056ea8b43078e71/sky130A/libs.ref/sky130_fd_sc_hd/lib/sky130_fd_sc_hd__tt_025C_1v80.lib'…
Reading OpenROAD database at '/mnt/d/open_source_asic_flow/runs/RUN_2026-06-10_20-24-10/42-openroad-repairantennas/1-openroad-diodeinsertion/my_design.odb'…
Reading design constraints file at '/nix/store/1w3x9nqi5r9klp1gj3r8yh66vvf8bfpf-python3-3.13.9-env/lib/python3.13/site-packages/librelane/scripts/base.sdc'…
[INFO] Using clock clk…
[INFO] Setting output delay to: 2
[INFO] Setting input delay to: 2
[INFO] Setting load to: 0.033442
[INFO] Setting clock uncertainty to: 0.25
[INFO] Setting clock transition to: 0.1499999999999999944488848768742172978818416595458984375
[INFO] Setting timing derate to: 5%
[INFO ORD-0030] Using 12 thread(s).
+ detailed_route -droute_end_iter 64 -or_seed 42 -verbose 1 -output_drc /mnt/d/open_source_asic_flow/runs/RUN_2026-06-10_20-24-10/44-openroad-detailedrouting/drt-run-0/my_design.drc
[INFO DRT-0149] Reading tech and libs.
[WARNING DRT-0349] LEF58_ENCLOSURE with no CUTCLASS is not supported. Skipping for layer mcon
[WARNING DRT-0349] LEF58_ENCLOSURE with no CUTCLASS is not supported. Skipping for layer mcon
[WARNING DRT-0349] LEF58_ENCLOSURE with no CUTCLASS is not supported. Skipping for layer via
[WARNING DRT-0349] LEF58_ENCLOSURE with no CUTCLASS is not supported. Skipping for layer via
[WARNING DRT-0349] LEF58_ENCLOSURE with no CUTCLASS is not supported. Skipping for layer via2
[WARNING DRT-0349] LEF58_ENCLOSURE with no CUTCLASS is not supported. Skipping for layer via2
[WARNING DRT-0349] LEF58_ENCLOSURE with no CUTCLASS is not supported. Skipping for layer via3
[WARNING DRT-0349] LEF58_ENCLOSURE with no CUTCLASS is not supported. Skipping for layer via3
[WARNING DRT-0349] LEF58_ENCLOSURE with no CUTCLASS is not supported. Skipping for layer via4
[WARNING DRT-0349] LEF58_ENCLOSURE with no CUTCLASS is not supported. Skipping for layer via4

Units:                1000
Number of layers:     13
Number of macros:     445
Number of vias:       29
Number of viarulegen: 25

[INFO DRT-0150] Reading design.

Design:                   my_design
Die area:                 ( 0 0 ) ( 50000 50000 )
Number of track patterns: 12
Number of DEF vias:       0
Number of components:     37
Number of terminals:      6
Number of snets:          2
Number of nets:           8

[INFO DRT-0167] List of default vias:
  Layer via
    default via: M1M2_PR
  Layer via2
    default via: M2M3_PR
  Layer via3
    default via: M3M4_PR
  Layer via4
    default via: M4M5_PR
[INFO DRT-0162] Library cell analysis.
[INFO DRT-0163] Instance analysis.
[INFO DRT-0164] Number of unique instances = 10.
[INFO DRT-0168] Init region query.
[INFO DRT-0024]   Complete FR_MASTERSLICE.
[INFO DRT-0024]   Complete licon.
[INFO DRT-0024]   Complete li1.
[INFO DRT-0024]   Complete mcon.
[INFO DRT-0024]   Complete met1.
[INFO DRT-0024]   Complete via.
[INFO DRT-0024]   Complete met2.
[INFO DRT-0024]   Complete via2.
[INFO DRT-0024]   Complete met3.
[INFO DRT-0024]   Complete via3.
[INFO DRT-0024]   Complete met4.
[INFO DRT-0024]   Complete via4.
[INFO DRT-0024]   Complete met5.
[INFO DRT-0033] FR_MASTERSLICE shape region query size = 0.
[INFO DRT-0033] licon shape region query size = 0.
[INFO DRT-0033] li1 shape region query size = 336.
[INFO DRT-0033] mcon shape region query size = 0.
[INFO DRT-0033] met1 shape region query size = 110.
[INFO DRT-0033] via shape region query size = 55.
[INFO DRT-0033] met2 shape region query size = 34.
[INFO DRT-0033] via2 shape region query size = 44.
[INFO DRT-0033] met3 shape region query size = 36.
[INFO DRT-0033] via3 shape region query size = 44.
[INFO DRT-0033] met4 shape region query size = 17.
[INFO DRT-0033] via4 shape region query size = 2.
[INFO DRT-0033] met5 shape region query size = 6.
[INFO DRT-0165] Start pin access.
[INFO DRT-0078]   Complete 46 pins.
[INFO DRT-0081]   Complete 10 unique inst patterns.
[INFO DRT-0084]   Complete 5 groups.
#scanned instances     = 37
#unique  instances     = 10
#stdCellGenAp          = 88
#stdCellValidPlanarAp  = 4
#stdCellValidViaAp     = 66
#stdCellPinNoAp        = 0
#stdCellPinCnt         = 12
#instTermValidViaApCnt = 0
#macroGenAp            = 0
#macroValidPlanarAp    = 0
#macroValidViaAp       = 0
#macroNoAp             = 0
[INFO DRT-0166] Complete pin access.
[INFO DRT-0267] cpu time = 00:00:06, elapsed time = 00:00:01, memory = 129.42 (MB), peak = 129.42 (MB)

[INFO DRT-0157] Number of guides:     34

[INFO DRT-0169] Post process guides.
[INFO DRT-0176] GCELLGRID X 0 DO 7 STEP 6900 ;
[INFO DRT-0177] GCELLGRID Y 0 DO 7 STEP 6900 ;
[INFO DRT-0028]   Complete FR_MASTERSLICE.
[INFO DRT-0028]   Complete licon.
[INFO DRT-0028]   Complete li1.
[INFO DRT-0028]   Complete mcon.
[INFO DRT-0028]   Complete met1.
[INFO DRT-0028]   Complete via.
[INFO DRT-0028]   Complete met2.
[INFO DRT-0028]   Complete via2.
[INFO DRT-0028]   Complete met3.
[INFO DRT-0028]   Complete via3.
[INFO DRT-0028]   Complete met4.
[INFO DRT-0028]   Complete via4.
[INFO DRT-0028]   Complete met5.
[INFO DRT-0178] Init guide query.
[INFO DRT-0035]   Complete FR_MASTERSLICE (guide).
[INFO DRT-0035]   Complete licon (guide).
[INFO DRT-0035]   Complete li1 (guide).
[INFO DRT-0035]   Complete mcon (guide).
[INFO DRT-0035]   Complete met1 (guide).
[INFO DRT-0035]   Complete via (guide).
[INFO DRT-0035]   Complete met2 (guide).
[INFO DRT-0035]   Complete via2 (guide).
[INFO DRT-0035]   Complete met3 (guide).
[INFO DRT-0035]   Complete via3 (guide).
[INFO DRT-0035]   Complete met4 (guide).
[INFO DRT-0035]   Complete via4 (guide).
[INFO DRT-0035]   Complete met5 (guide).
[INFO DRT-0036] FR_MASTERSLICE guide region query size = 0.
[INFO DRT-0036] licon guide region query size = 0.
[INFO DRT-0036] li1 guide region query size = 11.
[INFO DRT-0036] mcon guide region query size = 0.
[INFO DRT-0036] met1 guide region query size = 11.
[INFO DRT-0036] via guide region query size = 0.
[INFO DRT-0036] met2 guide region query size = 7.
[INFO DRT-0036] via2 guide region query size = 0.
[INFO DRT-0036] met3 guide region query size = 3.
[INFO DRT-0036] via3 guide region query size = 0.
[INFO DRT-0036] met4 guide region query size = 0.
[INFO DRT-0036] via4 guide region query size = 0.
[INFO DRT-0036] met5 guide region query size = 0.
[INFO DRT-0179] Init gr pin query.
[INFO DRT-0267] cpu time = 00:00:00, elapsed time = 00:00:00, memory = 129.42 (MB), peak = 129.42 (MB)
[INFO DRT-0245] skipped writing guide updates to database.
[INFO DRT-0185] Post process initialize RPin region query.
[INFO DRT-0181] Start track assignment.
[INFO DRT-0184] Done with 18 vertical wires in 1 frboxes and 14 horizontal wires in 1 frboxes.
[INFO DRT-0186] Done with 0 vertical wires in 1 frboxes and 0 horizontal wires in 1 frboxes.
[INFO DRT-0182] Complete track assignment.
[INFO DRT-0267] cpu time = 00:00:00, elapsed time = 00:00:00, memory = 129.42 (MB), peak = 129.42 (MB)
[INFO DRT-0187] Start routing data preparation.
[INFO DRT-0267] cpu time = 00:00:00, elapsed time = 00:00:00, memory = 129.42 (MB), peak = 129.42 (MB)
[INFO DRT-0194] Start detail routing.
[INFO DRT-0195] Start 0th optimization iteration.
    Completing 100% with 0 violations.
    elapsed time = 00:00:00, memory = 131.50 (MB).
[INFO DRT-0199]   Number of violations = 0.
[INFO DRT-0267] cpu time = 00:00:03, elapsed time = 00:00:00, memory = 480.59 (MB), peak = 492.35 (MB)
Total wire length = 86 um.
Total wire length on LAYER li1 = 0 um.
Total wire length on LAYER met1 = 15 um.
Total wire length on LAYER met2 = 29 um.
Total wire length on LAYER met3 = 41 um.
Total wire length on LAYER met4 = 0 um.
Total wire length on LAYER met5 = 0 um.
Total number of vias = 24.
Up-via summary (total 24):

---------------------
 FR_MASTERSLICE     0
            li1    11
           met1    10
           met2     3
           met3     0
           met4     0
---------------------
               24


[INFO DRT-0198] Complete detail routing.
Total wire length = 86 um.
Total wire length on LAYER li1 = 0 um.
Total wire length on LAYER met1 = 15 um.
Total wire length on LAYER met2 = 29 um.
Total wire length on LAYER met3 = 41 um.
Total wire length on LAYER met4 = 0 um.
Total wire length on LAYER met5 = 0 um.
Total number of vias = 24.
Up-via summary (total 24):

---------------------
 FR_MASTERSLICE     0
            li1    11
           met1    10
           met2     3
           met3     0
           met4     0
---------------------
               24


[INFO DRT-0267] cpu time = 00:00:03, elapsed time = 00:00:00, memory = 480.59 (MB), peak = 492.35 (MB)

[INFO DRT-0180] Post processing.
+ check_antennas 
[INFO ANT-0002] Found 0 net violations.
[INFO ANT-0001] Found 0 pin violations.
Setting global connections for newly added cells…
[INFO] Setting global connections...
[INFO ODB-0403] 0 connections made, 0 conflicts skipped.
Updating metrics…
Cell type report:                       Count       Area
  Fill cell                                20      75.07
  Tap cell                                 12      15.01
  Timing Repair Buffer                      3      30.03
  Inverter                                  1       3.75
  Sequential cell                           1      26.28
  Total                                    37     150.14
Writing OpenROAD database to '/mnt/d/open_source_asic_flow/runs/RUN_2026-06-10_20-24-10/44-openroad-detailedrouting/my_design.odb'…
Writing netlist to '/mnt/d/open_source_asic_flow/runs/RUN_2026-06-10_20-24-10/44-openroad-detailedrouting/my_design.nl.v'…
Writing powered netlist to '/mnt/d/open_source_asic_flow/runs/RUN_2026-06-10_20-24-10/44-openroad-detailedrouting/my_design.pnl.v'…
Writing layout to '/mnt/d/open_source_asic_flow/runs/RUN_2026-06-10_20-24-10/44-openroad-detailedrouting/my_design.def'…
Writing timing constraints to '/mnt/d/open_source_asic_flow/runs/RUN_2026-06-10_20-24-10/44-openroad-detailedrouting/my_design.sdc'…
