
===========================================================================
report_checks -unconstrained
===========================================================================
======================= max_ss_100C_1v60 Corner ===================================

Startpoint: rst (input port clocked by clk)
Endpoint: _2_ (recovery check against rising-edge clock clk)
Path Group: asynchronous
Path Type: max

Fanout         Cap        Slew       Delay        Time   Description
---------------------------------------------------------------------------------------------
                                  0.000000    0.000000   clock clk (rise edge)
                                  0.000000    0.000000   clock network delay (propagated)
                                  2.000000    2.000000 v input external delay
     1    0.003345    0.020560    0.010995    2.010995 v rst (in)
                                                         rst (net)
                      0.020561    0.000000    2.010995 v input2/A (sky130_fd_sc_hd__clkdlybuf4s25_1)
     1    0.005698    0.108451    0.466714    2.477710 v input2/X (sky130_fd_sc_hd__clkdlybuf4s25_1)
                                                         net2 (net)
                      0.108451    0.000437    2.478146 v _1_/A (sky130_fd_sc_hd__inv_2)
     1    0.003965    0.048688    0.087642    2.565789 ^ _1_/Y (sky130_fd_sc_hd__inv_2)
                                                         _0_ (net)
                      0.048688    0.000212    2.566001 ^ _2_/RESET_B (sky130_fd_sc_hd__dfrtp_2)
                                              2.566001   data arrival time

                                 10.000000   10.000000   clock clk (rise edge)
                                  0.000000   10.000000   clock source latency
     1    0.003921    0.039779    0.021748   10.021749 ^ clk (in)
                                                         clk (net)
                      0.039779    0.000000   10.021749 ^ _2_/CLK (sky130_fd_sc_hd__dfrtp_2)
                                 -0.250000    9.771749   clock uncertainty
                                  0.000000    9.771749   clock reconvergence pessimism
                                  0.443591   10.215339   library recovery time
                                             10.215339   data required time
---------------------------------------------------------------------------------------------
                                             10.215339   data required time
                                             -2.566001   data arrival time
---------------------------------------------------------------------------------------------
                                              7.649337   slack (MET)


Startpoint: _2_ (rising edge-triggered flip-flop clocked by clk)
Endpoint: out (output port clocked by clk)
Path Group: clk
Path Type: max

Fanout         Cap        Slew       Delay        Time   Description
---------------------------------------------------------------------------------------------
                                  0.000000    0.000000   clock clk (rise edge)
                                  0.000000    0.000000   clock source latency
     1    0.003921    0.039779    0.021748    0.021748 ^ clk (in)
                                                         clk (net)
                      0.039779    0.000000    0.021748 ^ _2_/CLK (sky130_fd_sc_hd__dfrtp_2)
     1    0.003048    0.075280    0.779284    0.801032 v _2_/Q (sky130_fd_sc_hd__dfrtp_2)
                                                         net3 (net)
                      0.075280    0.000129    0.801161 v output3/A (sky130_fd_sc_hd__clkdlybuf4s25_1)
     1    0.035004    0.473629    0.776163    1.577324 v output3/X (sky130_fd_sc_hd__clkdlybuf4s25_1)
                                                         out (net)
                      0.473630    0.001675    1.579000 v out (out)
                                              1.579000   data arrival time

                                 10.000000   10.000000   clock clk (rise edge)
                                  0.000000   10.000000   clock network delay (propagated)
                                 -0.250000    9.750000   clock uncertainty
                                  0.000000    9.750000   clock reconvergence pessimism
                                 -2.000000    7.750000   output external delay
                                              7.750000   data required time
---------------------------------------------------------------------------------------------
                                              7.750000   data required time
                                             -1.579000   data arrival time
---------------------------------------------------------------------------------------------
                                              6.171000   slack (MET)




===========================================================================
report_checks --slack_max -0.01
============================================================================
======================= max_ss_100C_1v60 Corner ===================================

No paths found.


===========================================================================
 report_check_types -max_slew -max_cap -max_fanout -violators
============================================================================
======================= max_ss_100C_1v60 Corner ===================================



===========================================================================
report_parasitic_annotation -report_unannotated
============================================================================
Found 0 unannotated drivers.
Found 0 partially unannotated drivers.

===========================================================================
max slew violation count 0
max fanout violation count 0
max cap violation count 0
============================================================================

===========================================================================
check_setup -verbose -unconstrained_endpoints -multiple_clock -no_clock -no_input_delay -loops -generated_clocks
===========================================================================
