Clock: clk
Sources: clk 
Generated: no
Virtual: yes
Propagated: no
Period: 10.000000

===========================================================================
report_clock_properties
============================================================================
Clock                   Period          Waveform
----------------------------------------------------
clk                  10.000000    0.000000  5.000000

===========================================================================
report_clock_latency
============================================================================
Clock clk
rise -> rise
    min     max
0.000000 0.000000 source latency
0.021748         network latency _2_/CLK
        0.021748 network latency _2_/CLK
---------------
0.021748 0.021748 latency
        0.000000 skew

fall -> fall
    min     max
0.000000 0.000000 source latency
0.012318         network latency _2_/CLK
        0.012318 network latency _2_/CLK
---------------
0.012318 0.012318 latency
        0.000000 skew



===========================================================================
report_clock_min_period
============================================================================
clk period_min = 0.00 fmax = inf
